[ 2017-11-03T15:33:58+08:00 ] ::1 /category/php.html
INFO: [ app_init ] --START--
INFO: Run Behavior\BuildLiteBehavior [ RunTime:0.000031s ]
INFO: [ app_init ] --END-- [ RunTime:0.002120s ]
INFO: [ app_begin ] --START--
INFO: Run Behavior\ReadHtmlCacheBehavior [ RunTime:0.000800s ]
INFO: [ app_begin ] --END-- [ RunTime:0.000903s ]
SQL: SHOW COLUMNS FROM `blog_config` [ RunTime:0.0038s ]
SQL: SELECT * FROM `blog_config`  [ RunTime:0.0005s ]
SQL: SHOW COLUMNS FROM `blog_dicts` [ RunTime:0.0013s ]
SQL: SELECT * FROM `blog_dicts` WHERE `cateId` = 4  [ RunTime:0.0021s ]
SQL: SELECT `id` FROM `blog_dicts` WHERE `cateId` = 4 AND `url` = 'php' LIMIT 1   [ RunTime:0.0027s ]
SQL: SHOW COLUMNS FROM `blog_posts` [ RunTime:0.0013s ]
SQL: SELECT * FROM `blog_dicts` WHERE `cateId` = 4  [ RunTime:0.0003s ]
SQL: SELECT * FROM `blog_dicts` WHERE `cateId` = 7  [ RunTime:0.0008s ]
SQL: SELECT * FROM `blog_posts` WHERE `status` = 1 AND `cate` = 5 ORDER BY createtime desc LIMIT 10   [ RunTime:0.0007s ]
INFO: [ view_parse ] --START--
INFO: [ template_filter ] --START--
INFO: Run Behavior\ContentReplaceBehavior [ RunTime:0.000141s ]
INFO: [ template_filter ] --END-- [ RunTime:0.000235s ]
INFO: Run Behavior\ParseTemplateBehavior [ RunTime:0.023835s ]
INFO: [ view_parse ] --END-- [ RunTime:0.023935s ]
INFO: [ view_filter ] --START--
INFO: Run Behavior\WriteHtmlCacheBehavior [ RunTime:0.000447s ]
INFO: [ view_filter ] --END-- [ RunTime:0.000522s ]
INFO: [ app_end ] --START--
INFO: Run Behavior\ShowPageTraceBehavior [ RunTime:0.000766s ]
INFO: [ app_end ] --END-- [ RunTime:0.000846s ]

[ 2017-11-03T15:43:52+08:00 ] ::1 /category/php.html
INFO: [ app_init ] --START--
INFO: Run Behavior\BuildLiteBehavior [ RunTime:0.000031s ]
INFO: [ app_init ] --END-- [ RunTime:0.000850s ]
INFO: [ app_begin ] --START--
INFO: Run Behavior\ReadHtmlCacheBehavior [ RunTime:0.000810s ]
INFO: [ app_begin ] --END-- [ RunTime:0.000896s ]
SQL: SHOW COLUMNS FROM `blog_config` [ RunTime:0.0024s ]
SQL: SELECT * FROM `blog_config`  [ RunTime:0.0004s ]
SQL: SHOW COLUMNS FROM `blog_dicts` [ RunTime:0.0027s ]
SQL: SELECT * FROM `blog_dicts` WHERE `cateId` = 4  [ RunTime:0.0004s ]
SQL: SELECT `id` FROM `blog_dicts` WHERE `cateId` = 4 AND `url` = 'php' LIMIT 1   [ RunTime:0.0003s ]
SQL: SHOW COLUMNS FROM `blog_posts` [ RunTime:0.0016s ]
SQL: SELECT * FROM `blog_dicts` WHERE `cateId` = 4  [ RunTime:0.0005s ]
SQL: SELECT * FROM `blog_dicts` WHERE `cateId` = 7  [ RunTime:0.0003s ]
SQL: SELECT * FROM `blog_posts` WHERE `status` = 1 AND `cate` = 5 ORDER BY createtime desc LIMIT 10   [ RunTime:0.0003s ]
INFO: [ view_parse ] --START--
INFO: [ template_filter ] --START--
INFO: Run Behavior\ContentReplaceBehavior [ RunTime:0.000094s ]
INFO: [ template_filter ] --END-- [ RunTime:0.000193s ]
INFO: Run Behavior\ParseTemplateBehavior [ RunTime:0.017065s ]
INFO: [ view_parse ] --END-- [ RunTime:0.017165s ]
INFO: [ view_filter ] --START--
INFO: Run Behavior\WriteHtmlCacheBehavior [ RunTime:0.000455s ]
INFO: [ view_filter ] --END-- [ RunTime:0.000533s ]
INFO: [ app_end ] --START--
INFO: Run Behavior\ShowPageTraceBehavior [ RunTime:0.000814s ]
INFO: [ app_end ] --END-- [ RunTime:0.000894s ]

[ 2017-11-03T15:49:06+08:00 ] ::1 /
INFO: [ app_init ] --START--
INFO: Run Behavior\BuildLiteBehavior [ RunTime:0.000026s ]
INFO: [ app_init ] --END-- [ RunTime:0.000427s ]
INFO: [ app_begin ] --START--
INFO: Run Behavior\ReadHtmlCacheBehavior [ RunTime:0.000527s ]
INFO: [ app_begin ] --END-- [ RunTime:0.000628s ]
SQL: SHOW COLUMNS FROM `blog_config` [ RunTime:0.0044s ]
SQL: SELECT * FROM `blog_config`  [ RunTime:0.0005s ]
SQL: SHOW COLUMNS FROM `blog_dicts` [ RunTime:0.0061s ]
SQL: SELECT * FROM `blog_dicts` WHERE `cateId` = 4  [ RunTime:0.0005s ]
SQL: SHOW COLUMNS FROM `blog_posts` [ RunTime:0.0017s ]
SQL: SELECT * FROM `blog_dicts` WHERE `cateId` = 4  [ RunTime:0.0005s ]
SQL: SELECT * FROM `blog_dicts` WHERE `cateId` = 7  [ RunTime:0.0004s ]
SQL: SELECT * FROM `blog_posts` WHERE `status` = 1 ORDER BY createtime desc LIMIT 10   [ RunTime:0.0005s ]
INFO: [ view_parse ] --START--
INFO: [ template_filter ] --START--
INFO: Run Behavior\ContentReplaceBehavior [ RunTime:0.000122s ]
INFO: [ template_filter ] --END-- [ RunTime:0.000239s ]
INFO: Run Behavior\ParseTemplateBehavior [ RunTime:0.013721s ]
INFO: [ view_parse ] --END-- [ RunTime:0.013848s ]
INFO: [ view_filter ] --START--
INFO: Run Behavior\WriteHtmlCacheBehavior [ RunTime:0.000209s ]
INFO: [ view_filter ] --END-- [ RunTime:0.000317s ]
INFO: [ app_end ] --START--
INFO: Run Behavior\ShowPageTraceBehavior [ RunTime:0.001070s ]
INFO: [ app_end ] --END-- [ RunTime:0.001197s ]

[ 2017-11-03T15:49:53+08:00 ] ::1 /category/yunxinghuanjing.html
INFO: [ app_init ] --START--
INFO: Run Behavior\BuildLiteBehavior [ RunTime:0.000023s ]
INFO: [ app_init ] --END-- [ RunTime:0.000706s ]
INFO: [ app_begin ] --START--
INFO: Run Behavior\ReadHtmlCacheBehavior [ RunTime:0.000718s ]
INFO: [ app_begin ] --END-- [ RunTime:0.000801s ]
SQL: SHOW COLUMNS FROM `blog_config` [ RunTime:0.0021s ]
SQL: SELECT * FROM `blog_config`  [ RunTime:0.0003s ]
SQL: SHOW COLUMNS FROM `blog_dicts` [ RunTime:0.0012s ]
SQL: SELECT * FROM `blog_dicts` WHERE `cateId` = 4  [ RunTime:0.0003s ]
SQL: SELECT `id` FROM `blog_dicts` WHERE `cateId` = 4 AND `url` = 'yunxinghuanjing' LIMIT 1   [ RunTime:0.0002s ]
SQL: SHOW COLUMNS FROM `blog_posts` [ RunTime:0.0017s ]
SQL: SELECT * FROM `blog_dicts` WHERE `cateId` = 4  [ RunTime:0.0005s ]
SQL: SELECT * FROM `blog_dicts` WHERE `cateId` = 7  [ RunTime:0.0003s ]
SQL: SELECT * FROM `blog_posts` WHERE `status` = 1 AND `cate` = 9 ORDER BY createtime desc LIMIT 10   [ RunTime:0.0003s ]
INFO: [ view_parse ] --START--
INFO: [ template_filter ] --START--
INFO: Run Behavior\ContentReplaceBehavior [ RunTime:0.000081s ]
INFO: [ template_filter ] --END-- [ RunTime:0.000167s ]
INFO: Run Behavior\ParseTemplateBehavior [ RunTime:0.010938s ]
INFO: [ view_parse ] --END-- [ RunTime:0.011040s ]
INFO: [ view_filter ] --START--
INFO: Run Behavior\WriteHtmlCacheBehavior [ RunTime:0.000463s ]
INFO: [ view_filter ] --END-- [ RunTime:0.000570s ]
INFO: [ app_end ] --START--
INFO: Run Behavior\ShowPageTraceBehavior [ RunTime:0.000794s ]
INFO: [ app_end ] --END-- [ RunTime:0.000874s ]

