[ 2017-10-30T09:16:38+08:00 ] ::1 /Admin/system/refresh.html
INFO: [ app_init ] --START--
INFO: Run Behavior\BuildLiteBehavior [ RunTime:0.000020s ]
INFO: [ app_init ] --END-- [ RunTime:0.000353s ]
INFO: [ app_begin ] --START--
INFO: Run Behavior\ReadHtmlCacheBehavior [ RunTime:0.000409s ]
INFO: [ app_begin ] --END-- [ RunTime:0.000486s ]
SQL: SHOW COLUMNS FROM `blog_powers` [ RunTime:0.0019s ]
SQL: SELECT * FROM `blog_powers`  [ RunTime:0.0005s ]
SQL: SELECT * FROM `blog_powers` WHERE `fid` = 0 ORDER BY sort asc  [ RunTime:0.0003s ]
SQL: SELECT * FROM `blog_powers` WHERE `fid` <> 0 AND `HideInMenu` = 0 ORDER BY sort asc  [ RunTime:0.0003s ]
SQL: SELECT `name`,`fid` FROM `blog_powers` WHERE `url` = 'system/refresh' LIMIT 1   [ RunTime:0.0002s ]
SQL: SELECT `name` FROM `blog_powers` WHERE `id` = 81 LIMIT 1   [ RunTime:0.0002s ]
INFO: [ app_end ] --START--
INFO: Run Behavior\ShowPageTraceBehavior [ RunTime:0.000543s ]
INFO: [ app_end ] --END-- [ RunTime:0.000628s ]

[ 2017-10-30T09:16:39+08:00 ] ::1 /Admin/system/dict.html
INFO: [ app_init ] --START--
INFO: Run Behavior\BuildLiteBehavior [ RunTime:0.000024s ]
INFO: [ app_init ] --END-- [ RunTime:0.000460s ]
INFO: [ app_begin ] --START--
INFO: Run Behavior\ReadHtmlCacheBehavior [ RunTime:0.000456s ]
INFO: [ app_begin ] --END-- [ RunTime:0.000561s ]
SQL: SHOW COLUMNS FROM `blog_powers` [ RunTime:0.0028s ]
SQL: SELECT * FROM `blog_powers`  [ RunTime:0.0005s ]
SQL: SELECT * FROM `blog_powers` WHERE `fid` = 0 ORDER BY sort asc  [ RunTime:0.0003s ]
SQL: SELECT * FROM `blog_powers` WHERE `fid` <> 0 AND `HideInMenu` = 0 ORDER BY sort asc  [ RunTime:0.0004s ]
SQL: SELECT `name`,`fid` FROM `blog_powers` WHERE `url` = 'system/dict' LIMIT 1   [ RunTime:0.0003s ]
SQL: SELECT `name` FROM `blog_powers` WHERE `id` = 81 LIMIT 1   [ RunTime:0.0002s ]
SQL: SHOW COLUMNS FROM `blog_dicts` [ RunTime:0.0013s ]
SQL: SELECT * FROM `blog_dicts` ORDER BY id asc , updateAt desc  [ RunTime:0.0003s ]
SQL: SELECT * FROM `blog_dicts` WHERE `cateId` = 4 AND `name` LIKE '%%' ORDER BY id asc , updateAt desc  [ RunTime:0.0002s ]
SQL: SELECT * FROM `blog_dicts` WHERE `cateId` = 5 AND `name` LIKE '%%' ORDER BY id asc , updateAt desc  [ RunTime:0.0002s ]
SQL: SELECT * FROM `blog_dicts` WHERE `cateId` = 6 AND `name` LIKE '%%' ORDER BY id asc , updateAt desc  [ RunTime:0.0002s ]
SQL: SELECT * FROM `blog_dicts` WHERE `cateId` = 7 AND `name` LIKE '%%' ORDER BY id asc , updateAt desc  [ RunTime:0.0002s ]
SQL: SELECT * FROM `blog_dicts` WHERE `cateId` = 8 AND `name` LIKE '%%' ORDER BY id asc , updateAt desc  [ RunTime:0.0002s ]
INFO: [ view_parse ] --START--
INFO: [ template_filter ] --START--
INFO: Run Behavior\ContentReplaceBehavior [ RunTime:0.000128s ]
INFO: [ template_filter ] --END-- [ RunTime:0.000215s ]
NOTIC: [8] Undefined variable: keyword /Users/wy/Documents/www/blog.local.com/Runtime/Cache/Admin/a9221deb479c384cb1137697035e3554.php 第 38 行.
INFO: Run Behavior\ParseTemplateBehavior [ RunTime:0.012231s ]
INFO: [ view_parse ] --END-- [ RunTime:0.012340s ]
INFO: [ view_filter ] --START--
INFO: Run Behavior\WriteHtmlCacheBehavior [ RunTime:0.000203s ]
INFO: [ view_filter ] --END-- [ RunTime:0.000300s ]
INFO: [ app_end ] --START--
INFO: Run Behavior\ShowPageTraceBehavior [ RunTime:0.000588s ]
INFO: [ app_end ] --END-- [ RunTime:0.000688s ]

[ 2017-10-30T09:16:41+08:00 ] ::1 /Admin/system/config.html
INFO: [ app_init ] --START--
INFO: Run Behavior\BuildLiteBehavior [ RunTime:0.000020s ]
INFO: [ app_init ] --END-- [ RunTime:0.000355s ]
INFO: [ app_begin ] --START--
INFO: Run Behavior\ReadHtmlCacheBehavior [ RunTime:0.000417s ]
INFO: [ app_begin ] --END-- [ RunTime:0.000509s ]
SQL: SHOW COLUMNS FROM `blog_powers` [ RunTime:0.0028s ]
SQL: SELECT * FROM `blog_powers`  [ RunTime:0.0004s ]
SQL: SELECT * FROM `blog_powers` WHERE `fid` = 0 ORDER BY sort asc  [ RunTime:0.0003s ]
SQL: SELECT * FROM `blog_powers` WHERE `fid` <> 0 AND `HideInMenu` = 0 ORDER BY sort asc  [ RunTime:0.0004s ]
SQL: SELECT `name`,`fid` FROM `blog_powers` WHERE `url` = 'system/config' LIMIT 1   [ RunTime:0.0002s ]
SQL: SELECT `name` FROM `blog_powers` WHERE `id` = 81 LIMIT 1   [ RunTime:0.0001s ]
SQL: SHOW COLUMNS FROM `blog_config` [ RunTime:0.0013s ]
SQL: SELECT * FROM `blog_config`  [ RunTime:0.0003s ]
INFO: [ view_parse ] --START--
INFO: [ template_filter ] --START--
INFO: Run Behavior\ContentReplaceBehavior [ RunTime:0.000114s ]
INFO: [ template_filter ] --END-- [ RunTime:0.000202s ]
NOTIC: [8] Undefined variable: res /Users/wy/Documents/www/blog.local.com/Runtime/Cache/Admin/f1f21a573d3f2d68c27b435cd087557f.php 第 157 行.
NOTIC: [8] Undefined variable: res /Users/wy/Documents/www/blog.local.com/Runtime/Cache/Admin/f1f21a573d3f2d68c27b435cd087557f.php 第 159 行.
INFO: Run Behavior\ParseTemplateBehavior [ RunTime:0.007333s ]
INFO: [ view_parse ] --END-- [ RunTime:0.007411s ]
INFO: [ view_filter ] --START--
INFO: Run Behavior\WriteHtmlCacheBehavior [ RunTime:0.000147s ]
INFO: [ view_filter ] --END-- [ RunTime:0.000216s ]
INFO: [ app_end ] --START--
INFO: Run Behavior\ShowPageTraceBehavior [ RunTime:0.000489s ]
INFO: [ app_end ] --END-- [ RunTime:0.000561s ]

[ 2017-10-30T09:16:43+08:00 ] ::1 /Admin/posts/add.html
INFO: [ app_init ] --START--
INFO: Run Behavior\BuildLiteBehavior [ RunTime:0.000021s ]
INFO: [ app_init ] --END-- [ RunTime:0.000356s ]
INFO: [ app_begin ] --START--
INFO: Run Behavior\ReadHtmlCacheBehavior [ RunTime:0.000605s ]
INFO: [ app_begin ] --END-- [ RunTime:0.000723s ]
SQL: SHOW COLUMNS FROM `blog_powers` [ RunTime:0.0028s ]
SQL: SELECT * FROM `blog_powers`  [ RunTime:0.0005s ]
SQL: SELECT * FROM `blog_powers` WHERE `fid` = 0 ORDER BY sort asc  [ RunTime:0.0004s ]
SQL: SELECT * FROM `blog_powers` WHERE `fid` <> 0 AND `HideInMenu` = 0 ORDER BY sort asc  [ RunTime:0.0004s ]
SQL: SELECT `name`,`fid` FROM `blog_powers` WHERE `url` = 'posts/add' LIMIT 1   [ RunTime:0.0002s ]
SQL: SELECT `name` FROM `blog_powers` WHERE `id` = 75 LIMIT 1   [ RunTime:0.0002s ]
ERR: 1146:Table 'blog.blog_posts' doesn't exist
 [ SQL语句 ] : SHOW COLUMNS FROM `blog_posts`
ERR: 1146:Table 'blog.blog_posts' doesn't exist
 [ SQL语句 ] : SHOW COLUMNS FROM `blog_posts`

[ 2017-10-30T09:16:46+08:00 ] ::1 /Admin/posts/lists.html
INFO: [ app_init ] --START--
INFO: Run Behavior\BuildLiteBehavior [ RunTime:0.000022s ]
INFO: [ app_init ] --END-- [ RunTime:0.000359s ]
INFO: [ app_begin ] --START--
INFO: Run Behavior\ReadHtmlCacheBehavior [ RunTime:0.000452s ]
INFO: [ app_begin ] --END-- [ RunTime:0.000532s ]
SQL: SHOW COLUMNS FROM `blog_powers` [ RunTime:0.0031s ]
SQL: SELECT * FROM `blog_powers`  [ RunTime:0.0005s ]
SQL: SELECT * FROM `blog_powers` WHERE `fid` = 0 ORDER BY sort asc  [ RunTime:0.0003s ]
SQL: SELECT * FROM `blog_powers` WHERE `fid` <> 0 AND `HideInMenu` = 0 ORDER BY sort asc  [ RunTime:0.0004s ]
SQL: SELECT `name`,`fid` FROM `blog_powers` WHERE `url` = 'posts/lists' LIMIT 1   [ RunTime:0.0002s ]
SQL: SELECT `name` FROM `blog_powers` WHERE `id` = 75 LIMIT 1   [ RunTime:0.0001s ]
ERR: 1146:Table 'blog.blog_posts' doesn't exist
 [ SQL语句 ] : SHOW COLUMNS FROM `blog_posts`
ERR: 1146:Table 'blog.blog_posts' doesn't exist
 [ SQL语句 ] : SHOW COLUMNS FROM `blog_posts`

[ 2017-10-30T09:16:47+08:00 ] ::1 /Admin/posts/add.html
INFO: [ app_init ] --START--
INFO: Run Behavior\BuildLiteBehavior [ RunTime:0.000020s ]
INFO: [ app_init ] --END-- [ RunTime:0.000347s ]
INFO: [ app_begin ] --START--
INFO: Run Behavior\ReadHtmlCacheBehavior [ RunTime:0.000512s ]
INFO: [ app_begin ] --END-- [ RunTime:0.000591s ]
SQL: SHOW COLUMNS FROM `blog_powers` [ RunTime:0.0027s ]
SQL: SELECT * FROM `blog_powers`  [ RunTime:0.0005s ]
SQL: SELECT * FROM `blog_powers` WHERE `fid` = 0 ORDER BY sort asc  [ RunTime:0.0004s ]
SQL: SELECT * FROM `blog_powers` WHERE `fid` <> 0 AND `HideInMenu` = 0 ORDER BY sort asc  [ RunTime:0.0004s ]
SQL: SELECT `name`,`fid` FROM `blog_powers` WHERE `url` = 'posts/add' LIMIT 1   [ RunTime:0.0004s ]
SQL: SELECT `name` FROM `blog_powers` WHERE `id` = 75 LIMIT 1   [ RunTime:0.0002s ]
ERR: 1146:Table 'blog.blog_posts' doesn't exist
 [ SQL语句 ] : SHOW COLUMNS FROM `blog_posts`
ERR: 1146:Table 'blog.blog_posts' doesn't exist
 [ SQL语句 ] : SHOW COLUMNS FROM `blog_posts`

[ 2017-10-30T09:16:58+08:00 ] ::1 /Admin/comment/lists.html
INFO: [ app_init ] --START--
INFO: Run Behavior\BuildLiteBehavior [ RunTime:0.000058s ]
INFO: [ app_init ] --END-- [ RunTime:0.000857s ]
INFO: [ app_begin ] --START--
INFO: Run Behavior\ReadHtmlCacheBehavior [ RunTime:0.000567s ]
INFO: [ app_begin ] --END-- [ RunTime:0.000678s ]
SQL: SHOW COLUMNS FROM `blog_powers` [ RunTime:0.0034s ]
SQL: SELECT * FROM `blog_powers`  [ RunTime:0.0006s ]
SQL: SELECT * FROM `blog_powers` WHERE `fid` = 0 ORDER BY sort asc  [ RunTime:0.0004s ]
SQL: SELECT * FROM `blog_powers` WHERE `fid` <> 0 AND `HideInMenu` = 0 ORDER BY sort asc  [ RunTime:0.0005s ]
SQL: SELECT `name`,`fid` FROM `blog_powers` WHERE `url` = 'comment/lists' LIMIT 1   [ RunTime:0.0003s ]
SQL: SELECT `name` FROM `blog_powers` WHERE `id` = 69 LIMIT 1   [ RunTime:0.0002s ]
ERR: 模板不存在:./blog/Admin/View/Comment/lists.html

[ 2017-10-30T09:16:59+08:00 ] ::1 /Admin/comment/remove.html
INFO: [ app_init ] --START--
INFO: Run Behavior\BuildLiteBehavior [ RunTime:0.000023s ]
INFO: [ app_init ] --END-- [ RunTime:0.000440s ]
INFO: [ app_begin ] --START--
INFO: Run Behavior\ReadHtmlCacheBehavior [ RunTime:0.000755s ]
INFO: [ app_begin ] --END-- [ RunTime:0.000874s ]
SQL: SHOW COLUMNS FROM `blog_powers` [ RunTime:0.0030s ]
SQL: SELECT * FROM `blog_powers`  [ RunTime:0.0005s ]
SQL: SELECT * FROM `blog_powers` WHERE `fid` = 0 ORDER BY sort asc  [ RunTime:0.0004s ]
SQL: SELECT * FROM `blog_powers` WHERE `fid` <> 0 AND `HideInMenu` = 0 ORDER BY sort asc  [ RunTime:0.0005s ]
SQL: SELECT `name`,`fid` FROM `blog_powers` WHERE `url` = 'comment/remove' LIMIT 1   [ RunTime:0.0002s ]
SQL: SELECT `name` FROM `blog_powers` WHERE `id` = 69 LIMIT 1   [ RunTime:0.0002s ]
ERR: 模板不存在:./blog/Admin/View/Comment/remove.html

[ 2017-10-30T09:17:00+08:00 ] ::1 /Admin/comment/lists.html
INFO: [ app_init ] --START--
INFO: Run Behavior\BuildLiteBehavior [ RunTime:0.000024s ]
INFO: [ app_init ] --END-- [ RunTime:0.000421s ]
INFO: [ app_begin ] --START--
INFO: Run Behavior\ReadHtmlCacheBehavior [ RunTime:0.000665s ]
INFO: [ app_begin ] --END-- [ RunTime:0.000791s ]
SQL: SHOW COLUMNS FROM `blog_powers` [ RunTime:0.0030s ]
SQL: SELECT * FROM `blog_powers`  [ RunTime:0.0006s ]
SQL: SELECT * FROM `blog_powers` WHERE `fid` = 0 ORDER BY sort asc  [ RunTime:0.0004s ]
SQL: SELECT * FROM `blog_powers` WHERE `fid` <> 0 AND `HideInMenu` = 0 ORDER BY sort asc  [ RunTime:0.0006s ]
SQL: SELECT `name`,`fid` FROM `blog_powers` WHERE `url` = 'comment/lists' LIMIT 1   [ RunTime:0.0004s ]
SQL: SELECT `name` FROM `blog_powers` WHERE `id` = 69 LIMIT 1   [ RunTime:0.0003s ]
ERR: 模板不存在:./blog/Admin/View/Comment/lists.html

