[ 2017-10-23T16:56:09+08:00 ] ::1 /Admin/system/refresh.html
INFO: [ app_init ] --START--
INFO: Run Behavior\BuildLiteBehavior [ RunTime:0.000039s ]
INFO: [ app_init ] --END-- [ RunTime:0.000467s ]
INFO: [ app_begin ] --START--
INFO: Run Behavior\ReadHtmlCacheBehavior [ RunTime:0.000520s ]
INFO: [ app_begin ] --END-- [ RunTime:0.000605s ]
SQL: SHOW COLUMNS FROM `blog_powers` [ RunTime:0.0039s ]
SQL: SELECT * FROM `blog_powers`  [ RunTime:0.0005s ]
SQL: SELECT * FROM `blog_powers` WHERE `fid` = 0 ORDER BY sort asc  [ RunTime:0.0004s ]
SQL: SELECT * FROM `blog_powers` WHERE `fid` <> 0 AND `HideInMenu` = 0 ORDER BY sort asc  [ RunTime:0.0004s ]
SQL: SELECT `name`,`fid` FROM `blog_powers` WHERE `url` = 'system/refresh' LIMIT 1   [ RunTime:0.0002s ]
SQL: SELECT `name` FROM `blog_powers` WHERE `id` = 47 LIMIT 1   [ RunTime:0.0003s ]
INFO: [ app_end ] --START--
INFO: Run Behavior\ShowPageTraceBehavior [ RunTime:0.000562s ]
INFO: [ app_end ] --END-- [ RunTime:0.000645s ]

[ 2017-10-23T16:56:10+08:00 ] ::1 /Admin/system/power.html
INFO: [ app_init ] --START--
INFO: Run Behavior\BuildLiteBehavior [ RunTime:0.000022s ]
INFO: [ app_init ] --END-- [ RunTime:0.000384s ]
INFO: [ app_begin ] --START--
INFO: Run Behavior\ReadHtmlCacheBehavior [ RunTime:0.000434s ]
INFO: [ app_begin ] --END-- [ RunTime:0.000517s ]
SQL: SHOW COLUMNS FROM `blog_powers` [ RunTime:0.0022s ]
SQL: SELECT * FROM `blog_powers`  [ RunTime:0.0005s ]
SQL: SELECT * FROM `blog_powers` WHERE `fid` = 0 ORDER BY sort asc  [ RunTime:0.0003s ]
SQL: SELECT * FROM `blog_powers` WHERE `fid` <> 0 AND `HideInMenu` = 0 ORDER BY sort asc  [ RunTime:0.0004s ]
SQL: SELECT `name`,`fid` FROM `blog_powers` WHERE `url` = 'system/power' LIMIT 1   [ RunTime:0.0002s ]
SQL: SELECT `name` FROM `blog_powers` WHERE `id` = 47 LIMIT 1   [ RunTime:0.0001s ]
NOTIC: [8] Undefined variable: ary /Users/wy/Documents/www/blog.local.com/blog/Admin/Controller/CommonController.class.php 第 234 行.
NOTIC: [8] Undefined variable: ary /Users/wy/Documents/www/blog.local.com/blog/Admin/Controller/CommonController.class.php 第 234 行.
NOTIC: [8] Undefined variable: ary /Users/wy/Documents/www/blog.local.com/blog/Admin/Controller/CommonController.class.php 第 234 行.
NOTIC: [8] Undefined variable: ary /Users/wy/Documents/www/blog.local.com/blog/Admin/Controller/CommonController.class.php 第 234 行.
NOTIC: [8] Undefined variable: ary /Users/wy/Documents/www/blog.local.com/blog/Admin/Controller/CommonController.class.php 第 234 行.
NOTIC: [8] Undefined variable: ary /Users/wy/Documents/www/blog.local.com/blog/Admin/Controller/CommonController.class.php 第 234 行.
NOTIC: [8] Undefined variable: ary /Users/wy/Documents/www/blog.local.com/blog/Admin/Controller/CommonController.class.php 第 234 行.
NOTIC: [8] Undefined variable: ary /Users/wy/Documents/www/blog.local.com/blog/Admin/Controller/CommonController.class.php 第 234 行.
NOTIC: [8] Undefined variable: ary /Users/wy/Documents/www/blog.local.com/blog/Admin/Controller/CommonController.class.php 第 234 行.
NOTIC: [8] Undefined variable: ary /Users/wy/Documents/www/blog.local.com/blog/Admin/Controller/CommonController.class.php 第 234 行.
NOTIC: [8] Undefined variable: ary /Users/wy/Documents/www/blog.local.com/blog/Admin/Controller/CommonController.class.php 第 234 行.
NOTIC: [8] Undefined variable: ary /Users/wy/Documents/www/blog.local.com/blog/Admin/Controller/CommonController.class.php 第 234 行.
NOTIC: [8] Undefined variable: ary /Users/wy/Documents/www/blog.local.com/blog/Admin/Controller/CommonController.class.php 第 234 行.
NOTIC: [8] Undefined variable: ary /Users/wy/Documents/www/blog.local.com/blog/Admin/Controller/CommonController.class.php 第 234 行.
NOTIC: [8] Undefined variable: ary /Users/wy/Documents/www/blog.local.com/blog/Admin/Controller/CommonController.class.php 第 234 行.
NOTIC: [8] Undefined variable: ary /Users/wy/Documents/www/blog.local.com/blog/Admin/Controller/CommonController.class.php 第 234 行.
NOTIC: [8] Undefined variable: ary /Users/wy/Documents/www/blog.local.com/blog/Admin/Controller/CommonController.class.php 第 234 行.
NOTIC: [8] Undefined variable: ary /Users/wy/Documents/www/blog.local.com/blog/Admin/Controller/CommonController.class.php 第 234 行.
NOTIC: [8] Undefined variable: ary /Users/wy/Documents/www/blog.local.com/blog/Admin/Controller/CommonController.class.php 第 234 行.
NOTIC: [8] Undefined variable: ary /Users/wy/Documents/www/blog.local.com/blog/Admin/Controller/CommonController.class.php 第 234 行.
NOTIC: [8] Undefined variable: ary /Users/wy/Documents/www/blog.local.com/blog/Admin/Controller/CommonController.class.php 第 234 行.
NOTIC: [8] Undefined variable: ary /Users/wy/Documents/www/blog.local.com/blog/Admin/Controller/CommonController.class.php 第 234 行.
NOTIC: [8] Undefined variable: ary /Users/wy/Documents/www/blog.local.com/blog/Admin/Controller/CommonController.class.php 第 234 行.
NOTIC: [8] Undefined variable: ary /Users/wy/Documents/www/blog.local.com/blog/Admin/Controller/CommonController.class.php 第 234 行.
NOTIC: [8] Undefined variable: ary /Users/wy/Documents/www/blog.local.com/blog/Admin/Controller/CommonController.class.php 第 234 行.
SQL: SELECT * FROM `blog_powers` WHERE ( url = "admin" ) LIMIT 1   [ RunTime:0.0003s ]
SQL: UPDATE `blog_powers` SET `name`='权限管理',`icon`='&#xe62d;',`fid`='0',`url`='admin',`updateTime`='1508748970' WHERE ( id = 29 ) [ RunTime:0.0011s ]
NOTIC: [8] Undefined index: OutLink /Users/wy/Documents/www/blog.local.com/blog/Admin/Controller/CommonController.class.php 第 105 行.
NOTIC: [8] Undefined index: groupName /Users/wy/Documents/www/blog.local.com/blog/Admin/Controller/CommonController.class.php 第 109 行.
SQL: SELECT * FROM `blog_powers` WHERE ( url = "admin/roles" ) LIMIT 1   [ RunTime:0.0005s ]
SQL: UPDATE `blog_powers` SET `name`='角色管理',`fid`='29',`url`='admin/roles',`updateTime`='1508748970' WHERE ( id = 30 ) [ RunTime:0.0006s ]
NOTIC: [8] Undefined index: OutLink /Users/wy/Documents/www/blog.local.com/blog/Admin/Controller/CommonController.class.php 第 105 行.
NOTIC: [8] Undefined index: groupName /Users/wy/Documents/www/blog.local.com/blog/Admin/Controller/CommonController.class.php 第 109 行.
SQL: SELECT * FROM `blog_powers` WHERE ( url = "admin/roles_add" ) LIMIT 1   [ RunTime:0.0003s ]
SQL: UPDATE `blog_powers` SET `name`='角色添加',`fid`='29',`url`='admin/roles_add',`updateTime`='1508748970' WHERE ( id = 31 ) [ RunTime:0.0006s ]
NOTIC: [8] Undefined index: OutLink /Users/wy/Documents/www/blog.local.com/blog/Admin/Controller/CommonController.class.php 第 105 行.
NOTIC: [8] Undefined index: groupName /Users/wy/Documents/www/blog.local.com/blog/Admin/Controller/CommonController.class.php 第 109 行.
SQL: SELECT * FROM `blog_powers` WHERE ( url = "admin/roles_edit" ) LIMIT 1   [ RunTime:0.0003s ]
SQL: UPDATE `blog_powers` SET `name`='角色编辑',`fid`='29',`url`='admin/roles_edit',`updateTime`='1508748970' WHERE ( id = 32 ) [ RunTime:0.0005s ]
NOTIC: [8] Undefined index: OutLink /Users/wy/Documents/www/blog.local.com/blog/Admin/Controller/CommonController.class.php 第 105 行.
NOTIC: [8] Undefined index: groupName /Users/wy/Documents/www/blog.local.com/blog/Admin/Controller/CommonController.class.php 第 109 行.
SQL: SELECT * FROM `blog_powers` WHERE ( url = "admin/roles_del" ) LIMIT 1   [ RunTime:0.0003s ]
SQL: UPDATE `blog_powers` SET `name`='角色删除',`fid`='29',`url`='admin/roles_del',`updateTime`='1508748970' WHERE ( id = 33 ) [ RunTime:0.0007s ]
NOTIC: [8] Undefined index: OutLink /Users/wy/Documents/www/blog.local.com/blog/Admin/Controller/CommonController.class.php 第 105 行.
NOTIC: [8] Undefined index: groupName /Users/wy/Documents/www/blog.local.com/blog/Admin/Controller/CommonController.class.php 第 109 行.
SQL: SELECT * FROM `blog_powers` WHERE ( url = "admin/roles_powers" ) LIMIT 1   [ RunTime:0.0002s ]
SQL: UPDATE `blog_powers` SET `name`='角色权限',`fid`='29',`url`='admin/roles_powers',`updateTime`='1508748970' WHERE ( id = 34 ) [ RunTime:0.0005s ]
NOTIC: [8] Undefined index: OutLink /Users/wy/Documents/www/blog.local.com/blog/Admin/Controller/CommonController.class.php 第 105 行.
NOTIC: [8] Undefined index: groupName /Users/wy/Documents/www/blog.local.com/blog/Admin/Controller/CommonController.class.php 第 109 行.
SQL: SELECT * FROM `blog_powers` WHERE ( url = "admin/powers" ) LIMIT 1   [ RunTime:0.0003s ]
SQL: UPDATE `blog_powers` SET `name`='权限列表',`fid`='29',`url`='admin/powers',`updateTime`='1508748970' WHERE ( id = 35 ) [ RunTime:0.0005s ]
NOTIC: [8] Undefined index: OutLink /Users/wy/Documents/www/blog.local.com/blog/Admin/Controller/CommonController.class.php 第 105 行.
NOTIC: [8] Undefined index: groupName /Users/wy/Documents/www/blog.local.com/blog/Admin/Controller/CommonController.class.php 第 109 行.
SQL: SELECT * FROM `blog_powers` WHERE ( url = "admin/powers_edit" ) LIMIT 1   [ RunTime:0.0002s ]
SQL: UPDATE `blog_powers` SET `name`='权限编辑',`fid`='29',`url`='admin/powers_edit',`updateTime`='1508748970' WHERE ( id = 36 ) [ RunTime:0.0005s ]
NOTIC: [8] Undefined index: OutLink /Users/wy/Documents/www/blog.local.com/blog/Admin/Controller/CommonController.class.php 第 105 行.
NOTIC: [8] Undefined index: groupName /Users/wy/Documents/www/blog.local.com/blog/Admin/Controller/CommonController.class.php 第 109 行.
SQL: SELECT * FROM `blog_powers` WHERE ( url = "admin/users" ) LIMIT 1   [ RunTime:0.0002s ]
SQL: UPDATE `blog_powers` SET `name`='用户管理',`fid`='29',`url`='admin/users',`updateTime`='1508748970' WHERE ( id = 37 ) [ RunTime:0.0006s ]
SQL: DELETE FROM `blog_powers` WHERE ( url not in ('admin/roles','admin/roles_add','admin/roles_edit','admin/roles_del','admin/roles_powers','admin/powers','admin/powers_edit','admin/users') and fid = 29 ) [ RunTime:0.0002s ]
SQL: SELECT * FROM `blog_powers` WHERE ( url = "comment" ) LIMIT 1   [ RunTime:0.0002s ]
SQL: UPDATE `blog_powers` SET `name`='评论管理',`icon`='&#xe622;',`fid`='0',`url`='comment',`updateTime`='1508748970' WHERE ( id = 38 ) [ RunTime:0.0006s ]
NOTIC: [8] Undefined index: OutLink /Users/wy/Documents/www/blog.local.com/blog/Admin/Controller/CommonController.class.php 第 105 行.
NOTIC: [8] Undefined index: groupName /Users/wy/Documents/www/blog.local.com/blog/Admin/Controller/CommonController.class.php 第 109 行.
SQL: SELECT * FROM `blog_powers` WHERE ( url = "comment/lists" ) LIMIT 1   [ RunTime:0.0002s ]
SQL: UPDATE `blog_powers` SET `name`='评论列表',`fid`='38',`url`='comment/lists',`updateTime`='1508748970' WHERE ( id = 39 ) [ RunTime:0.0005s ]
NOTIC: [8] Undefined index: OutLink /Users/wy/Documents/www/blog.local.com/blog/Admin/Controller/CommonController.class.php 第 105 行.
NOTIC: [8] Undefined index: groupName /Users/wy/Documents/www/blog.local.com/blog/Admin/Controller/CommonController.class.php 第 109 行.
SQL: SELECT * FROM `blog_powers` WHERE ( url = "comment/remove" ) LIMIT 1   [ RunTime:0.0002s ]
SQL: UPDATE `blog_powers` SET `name`='删除的评论',`fid`='38',`url`='comment/remove',`updateTime`='1508748970' WHERE ( id = 40 ) [ RunTime:0.0005s ]
SQL: DELETE FROM `blog_powers` WHERE ( url not in ('comment/lists','comment/remove') and fid = 38 ) [ RunTime:0.0002s ]
SQL: SELECT * FROM `blog_powers` WHERE ( url = "member" ) LIMIT 1   [ RunTime:0.0003s ]
SQL: UPDATE `blog_powers` SET `name`='会员管理',`icon`='&#xe60d;',`fid`='0',`url`='member',`updateTime`='1508748970' WHERE ( id = 41 ) [ RunTime:0.0005s ]
NOTIC: [8] Undefined index: OutLink /Users/wy/Documents/www/blog.local.com/blog/Admin/Controller/CommonController.class.php 第 105 行.
NOTIC: [8] Undefined index: groupName /Users/wy/Documents/www/blog.local.com/blog/Admin/Controller/CommonController.class.php 第 109 行.
SQL: SELECT * FROM `blog_powers` WHERE ( url = "member/users" ) LIMIT 1   [ RunTime:0.0003s ]
SQL: UPDATE `blog_powers` SET `name`='用户管理',`fid`='41',`url`='member/users',`updateTime`='1508748970' WHERE ( id = 42 ) [ RunTime:0.0009s ]
NOTIC: [8] Undefined index: OutLink /Users/wy/Documents/www/blog.local.com/blog/Admin/Controller/CommonController.class.php 第 105 行.
NOTIC: [8] Undefined index: groupName /Users/wy/Documents/www/blog.local.com/blog/Admin/Controller/CommonController.class.php 第 109 行.
SQL: SELECT * FROM `blog_powers` WHERE ( url = "member/remove" ) LIMIT 1   [ RunTime:0.0003s ]
SQL: UPDATE `blog_powers` SET `name`='删除的用户',`fid`='41',`url`='member/remove',`updateTime`='1508748970' WHERE ( id = 43 ) [ RunTime:0.0005s ]
SQL: DELETE FROM `blog_powers` WHERE ( url not in ('member/users','member/remove') and fid = 41 ) [ RunTime:0.0002s ]
SQL: SELECT * FROM `blog_powers` WHERE ( url = "posts" ) LIMIT 1   [ RunTime:0.0003s ]
SQL: UPDATE `blog_powers` SET `name`='文章管理',`icon`='&#xe622;',`fid`='0',`url`='posts',`updateTime`='1508748970' WHERE ( id = 44 ) [ RunTime:0.0006s ]
NOTIC: [8] Undefined index: OutLink /Users/wy/Documents/www/blog.local.com/blog/Admin/Controller/CommonController.class.php 第 105 行.
NOTIC: [8] Undefined index: groupName /Users/wy/Documents/www/blog.local.com/blog/Admin/Controller/CommonController.class.php 第 109 行.
SQL: SELECT * FROM `blog_powers` WHERE ( url = "posts/add" ) LIMIT 1   [ RunTime:0.0003s ]
SQL: UPDATE `blog_powers` SET `name`='发布文章',`fid`='44',`url`='posts/add',`updateTime`='1508748970' WHERE ( id = 45 ) [ RunTime:0.0006s ]
NOTIC: [8] Undefined index: OutLink /Users/wy/Documents/www/blog.local.com/blog/Admin/Controller/CommonController.class.php 第 105 行.
NOTIC: [8] Undefined index: groupName /Users/wy/Documents/www/blog.local.com/blog/Admin/Controller/CommonController.class.php 第 109 行.
SQL: SELECT * FROM `blog_powers` WHERE ( url = "posts/lists" ) LIMIT 1   [ RunTime:0.0003s ]
SQL: UPDATE `blog_powers` SET `name`='文章列表',`fid`='44',`url`='posts/lists',`updateTime`='1508748970' WHERE ( id = 46 ) [ RunTime:0.0011s ]
SQL: DELETE FROM `blog_powers` WHERE ( url not in ('posts/add','posts/lists') and fid = 44 ) [ RunTime:0.0002s ]
SQL: SELECT * FROM `blog_powers` WHERE ( url = "system" ) LIMIT 1   [ RunTime:0.0002s ]
SQL: UPDATE `blog_powers` SET `name`='系统管理',`icon`='&#xe62e;',`fid`='0',`url`='system',`updateTime`='1508748970' WHERE ( id = 47 ) [ RunTime:0.0005s ]
NOTIC: [8] Undefined index: OutLink /Users/wy/Documents/www/blog.local.com/blog/Admin/Controller/CommonController.class.php 第 105 行.
NOTIC: [8] Undefined index: groupName /Users/wy/Documents/www/blog.local.com/blog/Admin/Controller/CommonController.class.php 第 109 行.
SQL: SELECT * FROM `blog_powers` WHERE ( url = "system/config" ) LIMIT 1   [ RunTime:0.0002s ]
SQL: UPDATE `blog_powers` SET `name`='系统配置',`fid`='47',`url`='system/config',`updateTime`='1508748970' WHERE ( id = 48 ) [ RunTime:0.0004s ]
NOTIC: [8] Undefined index: OutLink /Users/wy/Documents/www/blog.local.com/blog/Admin/Controller/CommonController.class.php 第 105 行.
NOTIC: [8] Undefined index: groupName /Users/wy/Documents/www/blog.local.com/blog/Admin/Controller/CommonController.class.php 第 109 行.
SQL: SELECT * FROM `blog_powers` WHERE ( url = "system/dict" ) LIMIT 1   [ RunTime:0.0002s ]
SQL: UPDATE `blog_powers` SET `name`='数据字典',`fid`='47',`url`='system/dict',`updateTime`='1508748970' WHERE ( id = 49 ) [ RunTime:0.0007s ]
NOTIC: [8] Undefined index: OutLink /Users/wy/Documents/www/blog.local.com/blog/Admin/Controller/CommonController.class.php 第 105 行.
NOTIC: [8] Undefined index: groupName /Users/wy/Documents/www/blog.local.com/blog/Admin/Controller/CommonController.class.php 第 109 行.
SQL: SELECT * FROM `blog_powers` WHERE ( url = "system/dict_add" ) LIMIT 1   [ RunTime:0.0003s ]
SQL: UPDATE `blog_powers` SET `name`='添加字典',`fid`='47',`url`='system/dict_add',`updateTime`='1508748970' WHERE ( id = 50 ) [ RunTime:0.0005s ]
NOTIC: [8] Undefined index: OutLink /Users/wy/Documents/www/blog.local.com/blog/Admin/Controller/CommonController.class.php 第 105 行.
NOTIC: [8] Undefined index: groupName /Users/wy/Documents/www/blog.local.com/blog/Admin/Controller/CommonController.class.php 第 109 行.
SQL: SELECT * FROM `blog_powers` WHERE ( url = "system/dict_edit" ) LIMIT 1   [ RunTime:0.0003s ]
SQL: UPDATE `blog_powers` SET `name`='编辑字典',`fid`='47',`url`='system/dict_edit',`updateTime`='1508748970' WHERE ( id = 51 ) [ RunTime:0.0005s ]
NOTIC: [8] Undefined index: OutLink /Users/wy/Documents/www/blog.local.com/blog/Admin/Controller/CommonController.class.php 第 105 行.
NOTIC: [8] Undefined index: groupName /Users/wy/Documents/www/blog.local.com/blog/Admin/Controller/CommonController.class.php 第 109 行.
SQL: SELECT * FROM `blog_powers` WHERE ( url = "system/dict_del" ) LIMIT 1   [ RunTime:0.0003s ]
SQL: UPDATE `blog_powers` SET `name`='删除字典',`fid`='47',`url`='system/dict_del',`updateTime`='1508748970' WHERE ( id = 52 ) [ RunTime:0.0004s ]
NOTIC: [8] Undefined index: OutLink /Users/wy/Documents/www/blog.local.com/blog/Admin/Controller/CommonController.class.php 第 105 行.
NOTIC: [8] Undefined index: groupName /Users/wy/Documents/www/blog.local.com/blog/Admin/Controller/CommonController.class.php 第 109 行.
SQL: SELECT * FROM `blog_powers` WHERE ( url = "system/refresh" ) LIMIT 1   [ RunTime:0.0003s ]
SQL: UPDATE `blog_powers` SET `name`='更新缓存',`fid`='47',`url`='system/refresh',`updateTime`='1508748970' WHERE ( id = 56 ) [ RunTime:0.0005s ]
NOTIC: [8] Undefined index: OutLink /Users/wy/Documents/www/blog.local.com/blog/Admin/Controller/CommonController.class.php 第 105 行.
NOTIC: [8] Undefined index: groupName /Users/wy/Documents/www/blog.local.com/blog/Admin/Controller/CommonController.class.php 第 109 行.
SQL: SELECT * FROM `blog_powers` WHERE ( url = "system/shield" ) LIMIT 1   [ RunTime:0.0003s ]
SQL: UPDATE `blog_powers` SET `name`='屏蔽词',`fid`='47',`url`='system/shield',`updateTime`='1508748970' WHERE ( id = 53 ) [ RunTime:0.0005s ]
NOTIC: [8] Undefined index: OutLink /Users/wy/Documents/www/blog.local.com/blog/Admin/Controller/CommonController.class.php 第 105 行.
NOTIC: [8] Undefined index: groupName /Users/wy/Documents/www/blog.local.com/blog/Admin/Controller/CommonController.class.php 第 109 行.
SQL: SELECT * FROM `blog_powers` WHERE ( url = "system/log" ) LIMIT 1   [ RunTime:0.0002s ]
SQL: UPDATE `blog_powers` SET `name`='系统日志',`fid`='47',`url`='system/log',`updateTime`='1508748970' WHERE ( id = 54 ) [ RunTime:0.0005s ]
NOTIC: [8] Undefined index: OutLink /Users/wy/Documents/www/blog.local.com/blog/Admin/Controller/CommonController.class.php 第 105 行.
NOTIC: [8] Undefined index: groupName /Users/wy/Documents/www/blog.local.com/blog/Admin/Controller/CommonController.class.php 第 109 行.
SQL: SELECT * FROM `blog_powers` WHERE ( url = "system/power" ) LIMIT 1   [ RunTime:0.0002s ]
SQL: UPDATE `blog_powers` SET `name`='更新权限',`fid`='47',`url`='system/power',`updateTime`='1508748970' WHERE ( id = 55 ) [ RunTime:0.0006s ]
SQL: DELETE FROM `blog_powers` WHERE ( url not in ('system/config','system/dict','system/dict_add','system/dict_edit','system/dict_del','system/refresh','system/shield','system/log','system/power') and fid = 47 ) [ RunTime:0.0003s ]
INFO: [ view_parse ] --START--
INFO: [ template_filter ] --START--
INFO: Run Behavior\ContentReplaceBehavior [ RunTime:0.000091s ]
INFO: [ template_filter ] --END-- [ RunTime:0.000186s ]
INFO: Run Behavior\ParseTemplateBehavior [ RunTime:0.006643s ]
INFO: [ view_parse ] --END-- [ RunTime:0.006723s ]
INFO: [ view_filter ] --START--
INFO: Run Behavior\WriteHtmlCacheBehavior [ RunTime:0.000149s ]
INFO: [ view_filter ] --END-- [ RunTime:0.000218s ]
INFO: [ app_end ] --START--
INFO: Run Behavior\ShowPageTraceBehavior [ RunTime:0.000516s ]
INFO: [ app_end ] --END-- [ RunTime:0.000589s ]

[ 2017-10-23T16:56:11+08:00 ] ::1 /Admin/system/log.html
INFO: [ app_init ] --START--
INFO: Run Behavior\BuildLiteBehavior [ RunTime:0.000026s ]
INFO: [ app_init ] --END-- [ RunTime:0.000454s ]
INFO: [ app_begin ] --START--
INFO: Run Behavior\ReadHtmlCacheBehavior [ RunTime:0.000448s ]
INFO: [ app_begin ] --END-- [ RunTime:0.000530s ]
SQL: SHOW COLUMNS FROM `blog_powers` [ RunTime:0.0027s ]
SQL: SELECT * FROM `blog_powers`  [ RunTime:0.0004s ]
SQL: SELECT * FROM `blog_powers` WHERE `fid` = 0 ORDER BY sort asc  [ RunTime:0.0004s ]
SQL: SELECT * FROM `blog_powers` WHERE `fid` <> 0 AND `HideInMenu` = 0 ORDER BY sort asc  [ RunTime:0.0006s ]
SQL: SELECT `name`,`fid` FROM `blog_powers` WHERE `url` = 'system/log' LIMIT 1   [ RunTime:0.0002s ]
SQL: SELECT `name` FROM `blog_powers` WHERE `id` = 47 LIMIT 1   [ RunTime:0.0002s ]
ERR: 模板不存在:./blog/Admin/View/System/log.html

[ 2017-10-23T16:56:15+08:00 ] ::1 /Admin/system/shield.html
INFO: [ app_init ] --START--
INFO: Run Behavior\BuildLiteBehavior [ RunTime:0.000050s ]
INFO: [ app_init ] --END-- [ RunTime:0.000436s ]
INFO: [ app_begin ] --START--
INFO: Run Behavior\ReadHtmlCacheBehavior [ RunTime:0.000460s ]
INFO: [ app_begin ] --END-- [ RunTime:0.000547s ]
SQL: SHOW COLUMNS FROM `blog_powers` [ RunTime:0.0030s ]
SQL: SELECT * FROM `blog_powers`  [ RunTime:0.0004s ]
SQL: SELECT * FROM `blog_powers` WHERE `fid` = 0 ORDER BY sort asc  [ RunTime:0.0003s ]
SQL: SELECT * FROM `blog_powers` WHERE `fid` <> 0 AND `HideInMenu` = 0 ORDER BY sort asc  [ RunTime:0.0004s ]
SQL: SELECT `name`,`fid` FROM `blog_powers` WHERE `url` = 'system/shield' LIMIT 1   [ RunTime:0.0003s ]
SQL: SELECT `name` FROM `blog_powers` WHERE `id` = 47 LIMIT 1   [ RunTime:0.0002s ]
ERR: 模板不存在:./blog/Admin/View/system/shield/shield.html

[ 2017-10-23T16:56:58+08:00 ] ::1 /Admin/system/shield.html
INFO: [ app_init ] --START--
INFO: Run Behavior\BuildLiteBehavior [ RunTime:0.000042s ]
INFO: [ app_init ] --END-- [ RunTime:0.001037s ]
INFO: [ app_begin ] --START--
INFO: Run Behavior\ReadHtmlCacheBehavior [ RunTime:0.001041s ]
INFO: [ app_begin ] --END-- [ RunTime:0.001165s ]
SQL: SHOW COLUMNS FROM `blog_powers` [ RunTime:0.0019s ]
SQL: SELECT * FROM `blog_powers`  [ RunTime:0.0004s ]
SQL: SELECT * FROM `blog_powers` WHERE `fid` = 0 ORDER BY sort asc  [ RunTime:0.0004s ]
SQL: SELECT * FROM `blog_powers` WHERE `fid` <> 0 AND `HideInMenu` = 0 ORDER BY sort asc  [ RunTime:0.0003s ]
SQL: SELECT `name`,`fid` FROM `blog_powers` WHERE `url` = 'system/shield' LIMIT 1   [ RunTime:0.0002s ]
SQL: SELECT `name` FROM `blog_powers` WHERE `id` = 47 LIMIT 1   [ RunTime:0.0001s ]
INFO: [ view_parse ] --START--
INFO: [ template_filter ] --START--
INFO: Run Behavior\ContentReplaceBehavior [ RunTime:0.000169s ]
INFO: [ template_filter ] --END-- [ RunTime:0.000268s ]
INFO: Run Behavior\ParseTemplateBehavior [ RunTime:0.007964s ]
INFO: [ view_parse ] --END-- [ RunTime:0.008085s ]
INFO: [ view_filter ] --START--
INFO: Run Behavior\WriteHtmlCacheBehavior [ RunTime:0.000546s ]
INFO: [ view_filter ] --END-- [ RunTime:0.000636s ]
INFO: [ app_end ] --START--
INFO: Run Behavior\ShowPageTraceBehavior [ RunTime:0.001049s ]
INFO: [ app_end ] --END-- [ RunTime:0.001151s ]

[ 2017-10-23T16:56:58+08:00 ] ::1 /Admin/system/static/h-ui.admin/skin/default/skin.css
INFO: [ app_init ] --START--
INFO: Run Behavior\BuildLiteBehavior [ RunTime:0.000044s ]
INFO: [ app_init ] --END-- [ RunTime:0.000644s ]
INFO: [ app_begin ] --START--
INFO: Run Behavior\ReadHtmlCacheBehavior [ RunTime:0.000734s ]
INFO: [ app_begin ] --END-- [ RunTime:0.000935s ]
SQL: SHOW COLUMNS FROM `blog_powers` [ RunTime:0.0015s ]
SQL: SELECT * FROM `blog_powers`  [ RunTime:0.0005s ]
SQL: SELECT * FROM `blog_powers` WHERE `fid` = 0 ORDER BY sort asc  [ RunTime:0.0003s ]
SQL: SELECT * FROM `blog_powers` WHERE `fid` <> 0 AND `HideInMenu` = 0 ORDER BY sort asc  [ RunTime:0.0004s ]
SQL: SELECT `name`,`fid` FROM `blog_powers` WHERE `url` = 'system/static' LIMIT 1   [ RunTime:0.0002s ]
SQL: SELECT `name` FROM `blog_powers` WHERE `id` = null LIMIT 1   [ RunTime:0.0002s ]
ERR: 非法操作:static

[ 2017-10-23T16:56:58+08:00 ] ::1 /Admin/system/lib/Hui-iconfont/1.0.8/iconfont.css
INFO: [ app_init ] --START--
INFO: Run Behavior\BuildLiteBehavior [ RunTime:0.000043s ]
INFO: [ app_init ] --END-- [ RunTime:0.000609s ]
INFO: [ app_begin ] --START--
INFO: Run Behavior\ReadHtmlCacheBehavior [ RunTime:0.000794s ]
INFO: [ app_begin ] --END-- [ RunTime:0.000916s ]
SQL: SHOW COLUMNS FROM `blog_powers` [ RunTime:0.0019s ]
SQL: SELECT * FROM `blog_powers`  [ RunTime:0.0006s ]
SQL: SELECT * FROM `blog_powers` WHERE `fid` = 0 ORDER BY sort asc  [ RunTime:0.0006s ]
SQL: SELECT * FROM `blog_powers` WHERE `fid` <> 0 AND `HideInMenu` = 0 ORDER BY sort asc  [ RunTime:0.0015s ]
SQL: SELECT `name`,`fid` FROM `blog_powers` WHERE `url` = 'system/lib' LIMIT 1   [ RunTime:0.0006s ]
SQL: SELECT `name` FROM `blog_powers` WHERE `id` = null LIMIT 1   [ RunTime:0.0003s ]
ERR: 非法操作:lib

[ 2017-10-23T16:56:58+08:00 ] ::1 /Admin/system/static/h-ui.admin/css/style.css
INFO: [ app_init ] --START--
INFO: Run Behavior\BuildLiteBehavior [ RunTime:0.000037s ]
INFO: [ app_init ] --END-- [ RunTime:0.000605s ]
INFO: [ app_begin ] --START--
INFO: Run Behavior\ReadHtmlCacheBehavior [ RunTime:0.001212s ]
INFO: [ app_begin ] --END-- [ RunTime:0.001389s ]
SQL: SHOW COLUMNS FROM `blog_powers` [ RunTime:0.0040s ]
SQL: SELECT * FROM `blog_powers`  [ RunTime:0.0007s ]
SQL: SELECT * FROM `blog_powers` WHERE `fid` = 0 ORDER BY sort asc  [ RunTime:0.0005s ]
SQL: SELECT * FROM `blog_powers` WHERE `fid` <> 0 AND `HideInMenu` = 0 ORDER BY sort asc  [ RunTime:0.0015s ]
SQL: SELECT `name`,`fid` FROM `blog_powers` WHERE `url` = 'system/static' LIMIT 1   [ RunTime:0.0003s ]
SQL: SELECT `name` FROM `blog_powers` WHERE `id` = null LIMIT 1   [ RunTime:0.0002s ]
ERR: 非法操作:static

[ 2017-10-23T16:56:58+08:00 ] ::1 /Admin/system/lib/jquery/1.9.1/jquery.min.js
INFO: [ app_init ] --START--
INFO: Run Behavior\BuildLiteBehavior [ RunTime:0.000043s ]
INFO: [ app_init ] --END-- [ RunTime:0.000635s ]
INFO: [ app_begin ] --START--
INFO: Run Behavior\ReadHtmlCacheBehavior [ RunTime:0.013933s ]
INFO: [ app_begin ] --END-- [ RunTime:0.014063s ]
SQL: SHOW COLUMNS FROM `blog_powers` [ RunTime:0.0019s ]
SQL: SELECT * FROM `blog_powers`  [ RunTime:0.0004s ]
SQL: SELECT * FROM `blog_powers` WHERE `fid` = 0 ORDER BY sort asc  [ RunTime:0.0003s ]
SQL: SELECT * FROM `blog_powers` WHERE `fid` <> 0 AND `HideInMenu` = 0 ORDER BY sort asc  [ RunTime:0.0004s ]
SQL: SELECT `name`,`fid` FROM `blog_powers` WHERE `url` = 'system/lib' LIMIT 1   [ RunTime:0.0003s ]
SQL: SELECT `name` FROM `blog_powers` WHERE `id` = null LIMIT 1   [ RunTime:0.0003s ]
ERR: 非法操作:lib

[ 2017-10-23T16:56:59+08:00 ] ::1 /Admin/system/static/h-ui.admin/css/H-ui.admin.css
INFO: [ app_init ] --START--
INFO: Run Behavior\BuildLiteBehavior [ RunTime:0.000089s ]
INFO: [ app_init ] --END-- [ RunTime:0.000993s ]
INFO: [ app_begin ] --START--
INFO: Run Behavior\ReadHtmlCacheBehavior [ RunTime:0.000704s ]
INFO: [ app_begin ] --END-- [ RunTime:0.000847s ]
SQL: SHOW COLUMNS FROM `blog_powers` [ RunTime:0.0016s ]
SQL: SELECT * FROM `blog_powers`  [ RunTime:0.0005s ]
SQL: SELECT * FROM `blog_powers` WHERE `fid` = 0 ORDER BY sort asc  [ RunTime:0.0004s ]
SQL: SELECT * FROM `blog_powers` WHERE `fid` <> 0 AND `HideInMenu` = 0 ORDER BY sort asc  [ RunTime:0.0006s ]
SQL: SELECT `name`,`fid` FROM `blog_powers` WHERE `url` = 'system/static' LIMIT 1   [ RunTime:0.0003s ]
SQL: SELECT `name` FROM `blog_powers` WHERE `id` = null LIMIT 1   [ RunTime:0.0002s ]
ERR: 非法操作:static

[ 2017-10-23T16:56:59+08:00 ] ::1 /Admin/system/static/h-ui/css/H-ui.min.css
INFO: [ app_init ] --START--
INFO: Run Behavior\BuildLiteBehavior [ RunTime:0.000029s ]
INFO: [ app_init ] --END-- [ RunTime:0.000541s ]
INFO: [ app_begin ] --START--
INFO: Run Behavior\ReadHtmlCacheBehavior [ RunTime:0.000513s ]
INFO: [ app_begin ] --END-- [ RunTime:0.000603s ]
SQL: SHOW COLUMNS FROM `blog_powers` [ RunTime:0.0014s ]
SQL: SELECT * FROM `blog_powers`  [ RunTime:0.0005s ]
SQL: SELECT * FROM `blog_powers` WHERE `fid` = 0 ORDER BY sort asc  [ RunTime:0.0004s ]
SQL: SELECT * FROM `blog_powers` WHERE `fid` <> 0 AND `HideInMenu` = 0 ORDER BY sort asc  [ RunTime:0.0006s ]
SQL: SELECT `name`,`fid` FROM `blog_powers` WHERE `url` = 'system/static' LIMIT 1   [ RunTime:0.0004s ]
SQL: SELECT `name` FROM `blog_powers` WHERE `id` = null LIMIT 1   [ RunTime:0.0002s ]
ERR: 非法操作:static

[ 2017-10-23T16:56:59+08:00 ] ::1 /Admin/system/lib/layer/2.4/layer.js
INFO: [ app_init ] --START--
INFO: Run Behavior\BuildLiteBehavior [ RunTime:0.000029s ]
INFO: [ app_init ] --END-- [ RunTime:0.000509s ]
INFO: [ app_begin ] --START--
INFO: Run Behavior\ReadHtmlCacheBehavior [ RunTime:0.001327s ]
INFO: [ app_begin ] --END-- [ RunTime:0.001836s ]
SQL: SHOW COLUMNS FROM `blog_powers` [ RunTime:0.0017s ]
SQL: SELECT * FROM `blog_powers`  [ RunTime:0.0021s ]
SQL: SELECT * FROM `blog_powers` WHERE `fid` = 0 ORDER BY sort asc  [ RunTime:0.0007s ]
SQL: SELECT * FROM `blog_powers` WHERE `fid` <> 0 AND `HideInMenu` = 0 ORDER BY sort asc  [ RunTime:0.0004s ]
SQL: SELECT `name`,`fid` FROM `blog_powers` WHERE `url` = 'system/lib' LIMIT 1   [ RunTime:0.0003s ]
SQL: SELECT `name` FROM `blog_powers` WHERE `id` = null LIMIT 1   [ RunTime:0.0006s ]
ERR: 非法操作:lib

[ 2017-10-23T16:56:59+08:00 ] ::1 /Admin/system/static/h-ui/js/H-ui.min.js
INFO: [ app_init ] --START--
INFO: Run Behavior\BuildLiteBehavior [ RunTime:0.000033s ]
INFO: [ app_init ] --END-- [ RunTime:0.002484s ]
INFO: [ app_begin ] --START--
INFO: Run Behavior\ReadHtmlCacheBehavior [ RunTime:0.000692s ]
INFO: [ app_begin ] --END-- [ RunTime:0.000814s ]
SQL: SHOW COLUMNS FROM `blog_powers` [ RunTime:0.0016s ]
SQL: SELECT * FROM `blog_powers`  [ RunTime:0.0004s ]
SQL: SELECT * FROM `blog_powers` WHERE `fid` = 0 ORDER BY sort asc  [ RunTime:0.0003s ]
SQL: SELECT * FROM `blog_powers` WHERE `fid` <> 0 AND `HideInMenu` = 0 ORDER BY sort asc  [ RunTime:0.0004s ]
SQL: SELECT `name`,`fid` FROM `blog_powers` WHERE `url` = 'system/static' LIMIT 1   [ RunTime:0.0002s ]
SQL: SELECT `name` FROM `blog_powers` WHERE `id` = null LIMIT 1   [ RunTime:0.0001s ]
ERR: 非法操作:static

[ 2017-10-23T16:56:59+08:00 ] ::1 /Admin/system/static/h-ui.admin/js/H-ui.admin.js
INFO: [ app_init ] --START--
INFO: Run Behavior\BuildLiteBehavior [ RunTime:0.000021s ]
INFO: [ app_init ] --END-- [ RunTime:0.000403s ]
INFO: [ app_begin ] --START--
INFO: Run Behavior\ReadHtmlCacheBehavior [ RunTime:0.000541s ]
INFO: [ app_begin ] --END-- [ RunTime:0.000642s ]
SQL: SHOW COLUMNS FROM `blog_powers` [ RunTime:0.0059s ]
SQL: SELECT * FROM `blog_powers`  [ RunTime:0.0006s ]
SQL: SELECT * FROM `blog_powers` WHERE `fid` = 0 ORDER BY sort asc  [ RunTime:0.0005s ]
SQL: SELECT * FROM `blog_powers` WHERE `fid` <> 0 AND `HideInMenu` = 0 ORDER BY sort asc  [ RunTime:0.0004s ]
SQL: SELECT `name`,`fid` FROM `blog_powers` WHERE `url` = 'system/static' LIMIT 1   [ RunTime:0.0003s ]
SQL: SELECT `name` FROM `blog_powers` WHERE `id` = null LIMIT 1   [ RunTime:0.0003s ]
ERR: 非法操作:static

[ 2017-10-23T16:57:53+08:00 ] ::1 /Admin/system/power.html
INFO: [ app_init ] --START--
INFO: Run Behavior\BuildLiteBehavior [ RunTime:0.000024s ]
INFO: [ app_init ] --END-- [ RunTime:0.000738s ]
INFO: [ app_begin ] --START--
INFO: Run Behavior\ReadHtmlCacheBehavior [ RunTime:0.000826s ]
INFO: [ app_begin ] --END-- [ RunTime:0.000924s ]
SQL: SHOW COLUMNS FROM `blog_powers` [ RunTime:0.0029s ]
SQL: SELECT * FROM `blog_powers`  [ RunTime:0.0005s ]
SQL: SELECT * FROM `blog_powers` WHERE `fid` = 0 ORDER BY sort asc  [ RunTime:0.0004s ]
SQL: SELECT * FROM `blog_powers` WHERE `fid` <> 0 AND `HideInMenu` = 0 ORDER BY sort asc  [ RunTime:0.0005s ]
SQL: SELECT `name`,`fid` FROM `blog_powers` WHERE `url` = 'system/power' LIMIT 1   [ RunTime:0.0002s ]
SQL: SELECT `name` FROM `blog_powers` WHERE `id` = 47 LIMIT 1   [ RunTime:0.0001s ]
NOTIC: [8] Undefined variable: ary /Users/wy/Documents/www/blog.local.com/blog/Admin/Controller/CommonController.class.php 第 234 行.
NOTIC: [8] Undefined variable: ary /Users/wy/Documents/www/blog.local.com/blog/Admin/Controller/CommonController.class.php 第 234 行.
NOTIC: [8] Undefined variable: ary /Users/wy/Documents/www/blog.local.com/blog/Admin/Controller/CommonController.class.php 第 234 行.
NOTIC: [8] Undefined variable: ary /Users/wy/Documents/www/blog.local.com/blog/Admin/Controller/CommonController.class.php 第 234 行.
NOTIC: [8] Undefined variable: ary /Users/wy/Documents/www/blog.local.com/blog/Admin/Controller/CommonController.class.php 第 234 行.
NOTIC: [8] Undefined variable: ary /Users/wy/Documents/www/blog.local.com/blog/Admin/Controller/CommonController.class.php 第 234 行.
NOTIC: [8] Undefined variable: ary /Users/wy/Documents/www/blog.local.com/blog/Admin/Controller/CommonController.class.php 第 234 行.
NOTIC: [8] Undefined variable: ary /Users/wy/Documents/www/blog.local.com/blog/Admin/Controller/CommonController.class.php 第 234 行.
NOTIC: [8] Undefined variable: ary /Users/wy/Documents/www/blog.local.com/blog/Admin/Controller/CommonController.class.php 第 234 行.
NOTIC: [8] Undefined variable: ary /Users/wy/Documents/www/blog.local.com/blog/Admin/Controller/CommonController.class.php 第 234 行.
NOTIC: [8] Undefined variable: ary /Users/wy/Documents/www/blog.local.com/blog/Admin/Controller/CommonController.class.php 第 234 行.
NOTIC: [8] Undefined variable: ary /Users/wy/Documents/www/blog.local.com/blog/Admin/Controller/CommonController.class.php 第 234 行.
NOTIC: [8] Undefined variable: ary /Users/wy/Documents/www/blog.local.com/blog/Admin/Controller/CommonController.class.php 第 234 行.
NOTIC: [8] Undefined variable: ary /Users/wy/Documents/www/blog.local.com/blog/Admin/Controller/CommonController.class.php 第 234 行.
NOTIC: [8] Undefined variable: ary /Users/wy/Documents/www/blog.local.com/blog/Admin/Controller/CommonController.class.php 第 234 行.
NOTIC: [8] Undefined variable: ary /Users/wy/Documents/www/blog.local.com/blog/Admin/Controller/CommonController.class.php 第 234 行.
NOTIC: [8] Undefined variable: ary /Users/wy/Documents/www/blog.local.com/blog/Admin/Controller/CommonController.class.php 第 234 行.
NOTIC: [8] Undefined variable: ary /Users/wy/Documents/www/blog.local.com/blog/Admin/Controller/CommonController.class.php 第 234 行.
NOTIC: [8] Undefined variable: ary /Users/wy/Documents/www/blog.local.com/blog/Admin/Controller/CommonController.class.php 第 234 行.
NOTIC: [8] Undefined variable: ary /Users/wy/Documents/www/blog.local.com/blog/Admin/Controller/CommonController.class.php 第 234 行.
NOTIC: [8] Undefined variable: ary /Users/wy/Documents/www/blog.local.com/blog/Admin/Controller/CommonController.class.php 第 234 行.
NOTIC: [8] Undefined variable: ary /Users/wy/Documents/www/blog.local.com/blog/Admin/Controller/CommonController.class.php 第 234 行.
NOTIC: [8] Undefined variable: ary /Users/wy/Documents/www/blog.local.com/blog/Admin/Controller/CommonController.class.php 第 234 行.
NOTIC: [8] Undefined variable: ary /Users/wy/Documents/www/blog.local.com/blog/Admin/Controller/CommonController.class.php 第 234 行.
NOTIC: [8] Undefined variable: ary /Users/wy/Documents/www/blog.local.com/blog/Admin/Controller/CommonController.class.php 第 234 行.
SQL: SELECT * FROM `blog_powers` WHERE ( url = "admin" ) LIMIT 1   [ RunTime:0.0005s ]
SQL: UPDATE `blog_powers` SET `name`='权限管理',`icon`='&#xe62d;',`fid`='0',`url`='admin',`updateTime`='1508749073' WHERE ( id = 29 ) [ RunTime:0.0010s ]
NOTIC: [8] Undefined index: OutLink /Users/wy/Documents/www/blog.local.com/blog/Admin/Controller/CommonController.class.php 第 105 行.
NOTIC: [8] Undefined index: groupName /Users/wy/Documents/www/blog.local.com/blog/Admin/Controller/CommonController.class.php 第 109 行.
SQL: SELECT * FROM `blog_powers` WHERE ( url = "admin/roles" ) LIMIT 1   [ RunTime:0.0004s ]
SQL: UPDATE `blog_powers` SET `name`='角色管理',`fid`='29',`url`='admin/roles',`updateTime`='1508749073' WHERE ( id = 30 ) [ RunTime:0.0005s ]
NOTIC: [8] Undefined index: OutLink /Users/wy/Documents/www/blog.local.com/blog/Admin/Controller/CommonController.class.php 第 105 行.
NOTIC: [8] Undefined index: groupName /Users/wy/Documents/www/blog.local.com/blog/Admin/Controller/CommonController.class.php 第 109 行.
SQL: SELECT * FROM `blog_powers` WHERE ( url = "admin/roles_add" ) LIMIT 1   [ RunTime:0.0003s ]
SQL: UPDATE `blog_powers` SET `name`='角色添加',`fid`='29',`url`='admin/roles_add',`updateTime`='1508749073' WHERE ( id = 31 ) [ RunTime:0.0005s ]
NOTIC: [8] Undefined index: OutLink /Users/wy/Documents/www/blog.local.com/blog/Admin/Controller/CommonController.class.php 第 105 行.
NOTIC: [8] Undefined index: groupName /Users/wy/Documents/www/blog.local.com/blog/Admin/Controller/CommonController.class.php 第 109 行.
SQL: SELECT * FROM `blog_powers` WHERE ( url = "admin/roles_edit" ) LIMIT 1   [ RunTime:0.0003s ]
SQL: UPDATE `blog_powers` SET `name`='角色编辑',`fid`='29',`url`='admin/roles_edit',`updateTime`='1508749073' WHERE ( id = 32 ) [ RunTime:0.0005s ]
NOTIC: [8] Undefined index: OutLink /Users/wy/Documents/www/blog.local.com/blog/Admin/Controller/CommonController.class.php 第 105 行.
NOTIC: [8] Undefined index: groupName /Users/wy/Documents/www/blog.local.com/blog/Admin/Controller/CommonController.class.php 第 109 行.
SQL: SELECT * FROM `blog_powers` WHERE ( url = "admin/roles_del" ) LIMIT 1   [ RunTime:0.0003s ]
SQL: UPDATE `blog_powers` SET `name`='角色删除',`fid`='29',`url`='admin/roles_del',`updateTime`='1508749073' WHERE ( id = 33 ) [ RunTime:0.0004s ]
NOTIC: [8] Undefined index: OutLink /Users/wy/Documents/www/blog.local.com/blog/Admin/Controller/CommonController.class.php 第 105 行.
NOTIC: [8] Undefined index: groupName /Users/wy/Documents/www/blog.local.com/blog/Admin/Controller/CommonController.class.php 第 109 行.
SQL: SELECT * FROM `blog_powers` WHERE ( url = "admin/roles_powers" ) LIMIT 1   [ RunTime:0.0004s ]
SQL: UPDATE `blog_powers` SET `name`='角色权限',`fid`='29',`url`='admin/roles_powers',`updateTime`='1508749073' WHERE ( id = 34 ) [ RunTime:0.0007s ]
NOTIC: [8] Undefined index: OutLink /Users/wy/Documents/www/blog.local.com/blog/Admin/Controller/CommonController.class.php 第 105 行.
NOTIC: [8] Undefined index: groupName /Users/wy/Documents/www/blog.local.com/blog/Admin/Controller/CommonController.class.php 第 109 行.
SQL: SELECT * FROM `blog_powers` WHERE ( url = "admin/powers" ) LIMIT 1   [ RunTime:0.0003s ]
SQL: UPDATE `blog_powers` SET `name`='权限列表',`fid`='29',`url`='admin/powers',`updateTime`='1508749073' WHERE ( id = 35 ) [ RunTime:0.0007s ]
NOTIC: [8] Undefined index: OutLink /Users/wy/Documents/www/blog.local.com/blog/Admin/Controller/CommonController.class.php 第 105 行.
NOTIC: [8] Undefined index: groupName /Users/wy/Documents/www/blog.local.com/blog/Admin/Controller/CommonController.class.php 第 109 行.
SQL: SELECT * FROM `blog_powers` WHERE ( url = "admin/powers_edit" ) LIMIT 1   [ RunTime:0.0003s ]
SQL: UPDATE `blog_powers` SET `name`='权限编辑',`fid`='29',`url`='admin/powers_edit',`updateTime`='1508749073' WHERE ( id = 36 ) [ RunTime:0.0008s ]
NOTIC: [8] Undefined index: OutLink /Users/wy/Documents/www/blog.local.com/blog/Admin/Controller/CommonController.class.php 第 105 行.
NOTIC: [8] Undefined index: groupName /Users/wy/Documents/www/blog.local.com/blog/Admin/Controller/CommonController.class.php 第 109 行.
SQL: SELECT * FROM `blog_powers` WHERE ( url = "admin/users" ) LIMIT 1   [ RunTime:0.0003s ]
SQL: UPDATE `blog_powers` SET `name`='用户管理',`fid`='29',`url`='admin/users',`updateTime`='1508749073' WHERE ( id = 37 ) [ RunTime:0.0006s ]
SQL: DELETE FROM `blog_powers` WHERE ( url not in ('admin/roles','admin/roles_add','admin/roles_edit','admin/roles_del','admin/roles_powers','admin/powers','admin/powers_edit','admin/users') and fid = 29 ) [ RunTime:0.0003s ]
SQL: SELECT * FROM `blog_powers` WHERE ( url = "comment" ) LIMIT 1   [ RunTime:0.0003s ]
SQL: UPDATE `blog_powers` SET `name`='评论管理',`icon`='&#xe622;',`fid`='0',`url`='comment',`updateTime`='1508749073' WHERE ( id = 38 ) [ RunTime:0.0006s ]
NOTIC: [8] Undefined index: OutLink /Users/wy/Documents/www/blog.local.com/blog/Admin/Controller/CommonController.class.php 第 105 行.
NOTIC: [8] Undefined index: groupName /Users/wy/Documents/www/blog.local.com/blog/Admin/Controller/CommonController.class.php 第 109 行.
SQL: SELECT * FROM `blog_powers` WHERE ( url = "comment/lists" ) LIMIT 1   [ RunTime:0.0003s ]
SQL: UPDATE `blog_powers` SET `name`='评论列表',`fid`='38',`url`='comment/lists',`updateTime`='1508749073' WHERE ( id = 39 ) [ RunTime:0.0007s ]
NOTIC: [8] Undefined index: OutLink /Users/wy/Documents/www/blog.local.com/blog/Admin/Controller/CommonController.class.php 第 105 行.
NOTIC: [8] Undefined index: groupName /Users/wy/Documents/www/blog.local.com/blog/Admin/Controller/CommonController.class.php 第 109 行.
SQL: SELECT * FROM `blog_powers` WHERE ( url = "comment/remove" ) LIMIT 1   [ RunTime:0.0003s ]
SQL: UPDATE `blog_powers` SET `name`='删除的评论',`fid`='38',`url`='comment/remove',`updateTime`='1508749073' WHERE ( id = 40 ) [ RunTime:0.0006s ]
SQL: DELETE FROM `blog_powers` WHERE ( url not in ('comment/lists','comment/remove') and fid = 38 ) [ RunTime:0.0003s ]
SQL: SELECT * FROM `blog_powers` WHERE ( url = "member" ) LIMIT 1   [ RunTime:0.0002s ]
SQL: UPDATE `blog_powers` SET `name`='会员管理',`icon`='&#xe60d;',`fid`='0',`url`='member',`updateTime`='1508749073' WHERE ( id = 41 ) [ RunTime:0.0005s ]
NOTIC: [8] Undefined index: OutLink /Users/wy/Documents/www/blog.local.com/blog/Admin/Controller/CommonController.class.php 第 105 行.
NOTIC: [8] Undefined index: groupName /Users/wy/Documents/www/blog.local.com/blog/Admin/Controller/CommonController.class.php 第 109 行.
SQL: SELECT * FROM `blog_powers` WHERE ( url = "member/users" ) LIMIT 1   [ RunTime:0.0003s ]
SQL: UPDATE `blog_powers` SET `name`='用户管理',`fid`='41',`url`='member/users',`updateTime`='1508749073' WHERE ( id = 42 ) [ RunTime:0.0006s ]
NOTIC: [8] Undefined index: OutLink /Users/wy/Documents/www/blog.local.com/blog/Admin/Controller/CommonController.class.php 第 105 行.
NOTIC: [8] Undefined index: groupName /Users/wy/Documents/www/blog.local.com/blog/Admin/Controller/CommonController.class.php 第 109 行.
SQL: SELECT * FROM `blog_powers` WHERE ( url = "member/remove" ) LIMIT 1   [ RunTime:0.0002s ]
SQL: UPDATE `blog_powers` SET `name`='删除的用户',`fid`='41',`url`='member/remove',`updateTime`='1508749073' WHERE ( id = 43 ) [ RunTime:0.0003s ]
SQL: DELETE FROM `blog_powers` WHERE ( url not in ('member/users','member/remove') and fid = 41 ) [ RunTime:0.0002s ]
SQL: SELECT * FROM `blog_powers` WHERE ( url = "posts" ) LIMIT 1   [ RunTime:0.0002s ]
SQL: UPDATE `blog_powers` SET `name`='文章管理',`icon`='&#xe622;',`fid`='0',`url`='posts',`updateTime`='1508749073' WHERE ( id = 44 ) [ RunTime:0.0005s ]
NOTIC: [8] Undefined index: OutLink /Users/wy/Documents/www/blog.local.com/blog/Admin/Controller/CommonController.class.php 第 105 行.
NOTIC: [8] Undefined index: groupName /Users/wy/Documents/www/blog.local.com/blog/Admin/Controller/CommonController.class.php 第 109 行.
SQL: SELECT * FROM `blog_powers` WHERE ( url = "posts/add" ) LIMIT 1   [ RunTime:0.0002s ]
SQL: UPDATE `blog_powers` SET `name`='发布文章',`fid`='44',`url`='posts/add',`updateTime`='1508749073' WHERE ( id = 45 ) [ RunTime:0.0005s ]
NOTIC: [8] Undefined index: OutLink /Users/wy/Documents/www/blog.local.com/blog/Admin/Controller/CommonController.class.php 第 105 行.
NOTIC: [8] Undefined index: groupName /Users/wy/Documents/www/blog.local.com/blog/Admin/Controller/CommonController.class.php 第 109 行.
SQL: SELECT * FROM `blog_powers` WHERE ( url = "posts/lists" ) LIMIT 1   [ RunTime:0.0002s ]
SQL: UPDATE `blog_powers` SET `name`='文章列表',`fid`='44',`url`='posts/lists',`updateTime`='1508749073' WHERE ( id = 46 ) [ RunTime:0.0005s ]
SQL: DELETE FROM `blog_powers` WHERE ( url not in ('posts/add','posts/lists') and fid = 44 ) [ RunTime:0.0002s ]
SQL: SELECT * FROM `blog_powers` WHERE ( url = "system" ) LIMIT 1   [ RunTime:0.0002s ]
SQL: UPDATE `blog_powers` SET `name`='系统管理',`icon`='&#xe62e;',`fid`='0',`url`='system',`updateTime`='1508749073' WHERE ( id = 47 ) [ RunTime:0.0004s ]
NOTIC: [8] Undefined index: OutLink /Users/wy/Documents/www/blog.local.com/blog/Admin/Controller/CommonController.class.php 第 105 行.
NOTIC: [8] Undefined index: groupName /Users/wy/Documents/www/blog.local.com/blog/Admin/Controller/CommonController.class.php 第 109 行.
SQL: SELECT * FROM `blog_powers` WHERE ( url = "system/config" ) LIMIT 1   [ RunTime:0.0004s ]
SQL: UPDATE `blog_powers` SET `name`='系统配置',`fid`='47',`url`='system/config',`updateTime`='1508749073' WHERE ( id = 48 ) [ RunTime:0.0005s ]
NOTIC: [8] Undefined index: OutLink /Users/wy/Documents/www/blog.local.com/blog/Admin/Controller/CommonController.class.php 第 105 行.
NOTIC: [8] Undefined index: groupName /Users/wy/Documents/www/blog.local.com/blog/Admin/Controller/CommonController.class.php 第 109 行.
SQL: SELECT * FROM `blog_powers` WHERE ( url = "system/dict" ) LIMIT 1   [ RunTime:0.0003s ]
SQL: UPDATE `blog_powers` SET `name`='数据字典',`fid`='47',`url`='system/dict',`updateTime`='1508749073' WHERE ( id = 49 ) [ RunTime:0.0005s ]
NOTIC: [8] Undefined index: OutLink /Users/wy/Documents/www/blog.local.com/blog/Admin/Controller/CommonController.class.php 第 105 行.
NOTIC: [8] Undefined index: groupName /Users/wy/Documents/www/blog.local.com/blog/Admin/Controller/CommonController.class.php 第 109 行.
SQL: SELECT * FROM `blog_powers` WHERE ( url = "system/dict_add" ) LIMIT 1   [ RunTime:0.0002s ]
SQL: UPDATE `blog_powers` SET `name`='添加字典',`fid`='47',`url`='system/dict_add',`updateTime`='1508749073' WHERE ( id = 50 ) [ RunTime:0.0004s ]
NOTIC: [8] Undefined index: OutLink /Users/wy/Documents/www/blog.local.com/blog/Admin/Controller/CommonController.class.php 第 105 行.
NOTIC: [8] Undefined index: groupName /Users/wy/Documents/www/blog.local.com/blog/Admin/Controller/CommonController.class.php 第 109 行.
SQL: SELECT * FROM `blog_powers` WHERE ( url = "system/dict_edit" ) LIMIT 1   [ RunTime:0.0002s ]
SQL: UPDATE `blog_powers` SET `name`='编辑字典',`fid`='47',`url`='system/dict_edit',`updateTime`='1508749073' WHERE ( id = 51 ) [ RunTime:0.0004s ]
NOTIC: [8] Undefined index: OutLink /Users/wy/Documents/www/blog.local.com/blog/Admin/Controller/CommonController.class.php 第 105 行.
NOTIC: [8] Undefined index: groupName /Users/wy/Documents/www/blog.local.com/blog/Admin/Controller/CommonController.class.php 第 109 行.
SQL: SELECT * FROM `blog_powers` WHERE ( url = "system/dict_del" ) LIMIT 1   [ RunTime:0.0002s ]
SQL: UPDATE `blog_powers` SET `name`='删除字典',`fid`='47',`url`='system/dict_del',`updateTime`='1508749073' WHERE ( id = 52 ) [ RunTime:0.0005s ]
NOTIC: [8] Undefined index: OutLink /Users/wy/Documents/www/blog.local.com/blog/Admin/Controller/CommonController.class.php 第 105 行.
NOTIC: [8] Undefined index: groupName /Users/wy/Documents/www/blog.local.com/blog/Admin/Controller/CommonController.class.php 第 109 行.
SQL: SELECT * FROM `blog_powers` WHERE ( url = "system/refresh" ) LIMIT 1   [ RunTime:0.0003s ]
SQL: UPDATE `blog_powers` SET `name`='更新缓存',`fid`='47',`url`='system/refresh',`updateTime`='1508749073' WHERE ( id = 56 ) [ RunTime:0.0009s ]
NOTIC: [8] Undefined index: OutLink /Users/wy/Documents/www/blog.local.com/blog/Admin/Controller/CommonController.class.php 第 105 行.
NOTIC: [8] Undefined index: groupName /Users/wy/Documents/www/blog.local.com/blog/Admin/Controller/CommonController.class.php 第 109 行.
SQL: SELECT * FROM `blog_powers` WHERE ( url = "system/shield" ) LIMIT 1   [ RunTime:0.0004s ]
SQL: UPDATE `blog_powers` SET `name`='屏蔽词',`fid`='47',`url`='system/shield',`updateTime`='1508749073' WHERE ( id = 53 ) [ RunTime:0.0005s ]
NOTIC: [8] Undefined index: OutLink /Users/wy/Documents/www/blog.local.com/blog/Admin/Controller/CommonController.class.php 第 105 行.
NOTIC: [8] Undefined index: groupName /Users/wy/Documents/www/blog.local.com/blog/Admin/Controller/CommonController.class.php 第 109 行.
SQL: SELECT * FROM `blog_powers` WHERE ( url = "system/log" ) LIMIT 1   [ RunTime:0.0002s ]
SQL: UPDATE `blog_powers` SET `name`='系统日志',`fid`='47',`url`='system/log',`updateTime`='1508749073' WHERE ( id = 54 ) [ RunTime:0.0005s ]
NOTIC: [8] Undefined index: OutLink /Users/wy/Documents/www/blog.local.com/blog/Admin/Controller/CommonController.class.php 第 105 行.
NOTIC: [8] Undefined index: groupName /Users/wy/Documents/www/blog.local.com/blog/Admin/Controller/CommonController.class.php 第 109 行.
SQL: SELECT * FROM `blog_powers` WHERE ( url = "system/power" ) LIMIT 1   [ RunTime:0.0003s ]
SQL: UPDATE `blog_powers` SET `name`='更新权限',`fid`='47',`url`='system/power',`updateTime`='1508749073' WHERE ( id = 55 ) [ RunTime:0.0005s ]
SQL: DELETE FROM `blog_powers` WHERE ( url not in ('system/config','system/dict','system/dict_add','system/dict_edit','system/dict_del','system/refresh','system/shield','system/log','system/power') and fid = 47 ) [ RunTime:0.0003s ]
INFO: [ view_parse ] --START--
INFO: [ template_filter ] --START--
INFO: Run Behavior\ContentReplaceBehavior [ RunTime:0.000091s ]
INFO: [ template_filter ] --END-- [ RunTime:0.000185s ]
INFO: Run Behavior\ParseTemplateBehavior [ RunTime:0.009199s ]
INFO: [ view_parse ] --END-- [ RunTime:0.009302s ]
INFO: [ view_filter ] --START--
INFO: Run Behavior\WriteHtmlCacheBehavior [ RunTime:0.000890s ]
INFO: [ view_filter ] --END-- [ RunTime:0.000988s ]
INFO: [ app_end ] --START--
INFO: Run Behavior\ShowPageTraceBehavior [ RunTime:0.001217s ]
INFO: [ app_end ] --END-- [ RunTime:0.001349s ]

[ 2017-10-23T16:57:55+08:00 ] ::1 /Admin/system/shield.html
INFO: [ app_init ] --START--
INFO: Run Behavior\BuildLiteBehavior [ RunTime:0.000027s ]
INFO: [ app_init ] --END-- [ RunTime:0.000478s ]
INFO: [ app_begin ] --START--
INFO: Run Behavior\ReadHtmlCacheBehavior [ RunTime:0.000786s ]
INFO: [ app_begin ] --END-- [ RunTime:0.001038s ]
SQL: SHOW COLUMNS FROM `blog_powers` [ RunTime:0.0018s ]
SQL: SELECT * FROM `blog_powers`  [ RunTime:0.0004s ]
SQL: SELECT * FROM `blog_powers` WHERE `fid` = 0 ORDER BY sort asc  [ RunTime:0.0003s ]
SQL: SELECT * FROM `blog_powers` WHERE `fid` <> 0 AND `HideInMenu` = 0 ORDER BY sort asc  [ RunTime:0.0004s ]
SQL: SELECT `name`,`fid` FROM `blog_powers` WHERE `url` = 'system/shield' LIMIT 1   [ RunTime:0.0002s ]
SQL: SELECT `name` FROM `blog_powers` WHERE `id` = 47 LIMIT 1   [ RunTime:0.0002s ]
INFO: [ view_parse ] --START--
INFO: [ template_filter ] --START--
INFO: Run Behavior\ContentReplaceBehavior [ RunTime:0.000109s ]
INFO: [ template_filter ] --END-- [ RunTime:0.000294s ]
INFO: Run Behavior\ParseTemplateBehavior [ RunTime:0.009479s ]
INFO: [ view_parse ] --END-- [ RunTime:0.009595s ]
INFO: [ view_filter ] --START--
INFO: Run Behavior\WriteHtmlCacheBehavior [ RunTime:0.000179s ]
INFO: [ view_filter ] --END-- [ RunTime:0.000252s ]
INFO: [ app_end ] --START--
INFO: Run Behavior\ShowPageTraceBehavior [ RunTime:0.000469s ]
INFO: [ app_end ] --END-- [ RunTime:0.000544s ]

[ 2017-10-23T16:57:58+08:00 ] ::1 /Admin/home/index.html
INFO: [ app_init ] --START--
INFO: Run Behavior\BuildLiteBehavior [ RunTime:0.000024s ]
INFO: [ app_init ] --END-- [ RunTime:0.000601s ]
INFO: [ app_begin ] --START--
INFO: Run Behavior\ReadHtmlCacheBehavior [ RunTime:0.000493s ]
INFO: [ app_begin ] --END-- [ RunTime:0.000583s ]
SQL: SHOW COLUMNS FROM `blog_powers` [ RunTime:0.0017s ]
SQL: SELECT * FROM `blog_powers`  [ RunTime:0.0006s ]
SQL: SELECT * FROM `blog_powers` WHERE `fid` = 0 ORDER BY sort asc  [ RunTime:0.0005s ]
SQL: SELECT * FROM `blog_powers` WHERE `fid` <> 0 AND `HideInMenu` = 0 ORDER BY sort asc  [ RunTime:0.0006s ]
SQL: SELECT `name`,`fid` FROM `blog_powers` WHERE `url` = 'home/index' LIMIT 1   [ RunTime:0.0002s ]
SQL: SELECT `name` FROM `blog_powers` WHERE `id` = null LIMIT 1   [ RunTime:0.0002s ]
INFO: [ view_parse ] --START--
INFO: [ template_filter ] --START--
INFO: Run Behavior\ContentReplaceBehavior [ RunTime:0.000135s ]
INFO: [ template_filter ] --END-- [ RunTime:0.000334s ]
INFO: Run Behavior\ParseTemplateBehavior [ RunTime:0.014198s ]
INFO: [ view_parse ] --END-- [ RunTime:0.014295s ]
INFO: [ view_filter ] --START--
INFO: Run Behavior\WriteHtmlCacheBehavior [ RunTime:0.000169s ]
INFO: [ view_filter ] --END-- [ RunTime:0.000241s ]
INFO: [ app_end ] --START--
INFO: Run Behavior\ShowPageTraceBehavior [ RunTime:0.000577s ]
INFO: [ app_end ] --END-- [ RunTime:0.000666s ]

[ 2017-10-23T16:57:59+08:00 ] ::1 /Admin/home/welcome.html
INFO: [ app_init ] --START--
INFO: Run Behavior\BuildLiteBehavior [ RunTime:0.000032s ]
INFO: [ app_init ] --END-- [ RunTime:0.000559s ]
INFO: [ app_begin ] --START--
INFO: Run Behavior\ReadHtmlCacheBehavior [ RunTime:0.000724s ]
INFO: [ app_begin ] --END-- [ RunTime:0.000886s ]
SQL: SHOW COLUMNS FROM `blog_powers` [ RunTime:0.0019s ]
SQL: SELECT * FROM `blog_powers`  [ RunTime:0.0007s ]
SQL: SELECT * FROM `blog_powers` WHERE `fid` = 0 ORDER BY sort asc  [ RunTime:0.0005s ]
SQL: SELECT * FROM `blog_powers` WHERE `fid` <> 0 AND `HideInMenu` = 0 ORDER BY sort asc  [ RunTime:0.0006s ]
SQL: SELECT `name`,`fid` FROM `blog_powers` WHERE `url` = 'home/welcome' LIMIT 1   [ RunTime:0.0005s ]
SQL: SELECT `name` FROM `blog_powers` WHERE `id` = null LIMIT 1   [ RunTime:0.0003s ]
SQL: select version() as ver [ RunTime:0.0002s ]
INFO: [ view_parse ] --START--
INFO: [ template_filter ] --START--
INFO: Run Behavior\ContentReplaceBehavior [ RunTime:0.000116s ]
INFO: [ template_filter ] --END-- [ RunTime:0.000251s ]
INFO: Run Behavior\ParseTemplateBehavior [ RunTime:0.011460s ]
INFO: [ view_parse ] --END-- [ RunTime:0.011606s ]
INFO: [ view_filter ] --START--
INFO: Run Behavior\WriteHtmlCacheBehavior [ RunTime:0.000266s ]
INFO: [ view_filter ] --END-- [ RunTime:0.000380s ]
INFO: [ app_end ] --START--
INFO: Run Behavior\ShowPageTraceBehavior [ RunTime:0.000732s ]
INFO: [ app_end ] --END-- [ RunTime:0.000858s ]

[ 2017-10-23T16:58:02+08:00 ] ::1 /Admin/system/shield.html
INFO: [ app_init ] --START--
INFO: Run Behavior\BuildLiteBehavior [ RunTime:0.000022s ]
INFO: [ app_init ] --END-- [ RunTime:0.000363s ]
INFO: [ app_begin ] --START--
INFO: Run Behavior\ReadHtmlCacheBehavior [ RunTime:0.000433s ]
INFO: [ app_begin ] --END-- [ RunTime:0.000516s ]
SQL: SHOW COLUMNS FROM `blog_powers` [ RunTime:0.0032s ]
SQL: SELECT * FROM `blog_powers`  [ RunTime:0.0005s ]
SQL: SELECT * FROM `blog_powers` WHERE `fid` = 0 ORDER BY sort asc  [ RunTime:0.0003s ]
SQL: SELECT * FROM `blog_powers` WHERE `fid` <> 0 AND `HideInMenu` = 0 ORDER BY sort asc  [ RunTime:0.0004s ]
SQL: SELECT `name`,`fid` FROM `blog_powers` WHERE `url` = 'system/shield' LIMIT 1   [ RunTime:0.0002s ]
SQL: SELECT `name` FROM `blog_powers` WHERE `id` = 47 LIMIT 1   [ RunTime:0.0002s ]
INFO: [ view_parse ] --START--
INFO: [ template_filter ] --START--
INFO: Run Behavior\ContentReplaceBehavior [ RunTime:0.000084s ]
INFO: [ template_filter ] --END-- [ RunTime:0.000172s ]
INFO: Run Behavior\ParseTemplateBehavior [ RunTime:0.005809s ]
INFO: [ view_parse ] --END-- [ RunTime:0.005896s ]
INFO: [ view_filter ] --START--
INFO: Run Behavior\WriteHtmlCacheBehavior [ RunTime:0.000164s ]
INFO: [ view_filter ] --END-- [ RunTime:0.000235s ]
INFO: [ app_end ] --START--
INFO: Run Behavior\ShowPageTraceBehavior [ RunTime:0.000460s ]
INFO: [ app_end ] --END-- [ RunTime:0.000533s ]

[ 2017-10-23T17:27:44+08:00 ] ::1 /Admin/home/index.html
INFO: [ app_init ] --START--
INFO: Run Behavior\BuildLiteBehavior [ RunTime:0.000038s ]
INFO: [ app_init ] --END-- [ RunTime:0.000932s ]
INFO: [ app_begin ] --START--
INFO: Run Behavior\ReadHtmlCacheBehavior [ RunTime:0.001461s ]
INFO: [ app_begin ] --END-- [ RunTime:0.001596s ]
SQL: SHOW COLUMNS FROM `blog_powers` [ RunTime:0.0030s ]
SQL: SELECT * FROM `blog_powers`  [ RunTime:0.0006s ]
SQL: SELECT * FROM `blog_powers` WHERE `fid` = 0 ORDER BY sort asc  [ RunTime:0.0004s ]
SQL: SELECT * FROM `blog_powers` WHERE `fid` <> 0 AND `HideInMenu` = 0 ORDER BY sort asc  [ RunTime:0.0004s ]
SQL: SELECT `name`,`fid` FROM `blog_powers` WHERE `url` = 'home/index' LIMIT 1   [ RunTime:0.0002s ]
SQL: SELECT `name` FROM `blog_powers` WHERE `id` = null LIMIT 1   [ RunTime:0.0001s ]
INFO: [ view_parse ] --START--
INFO: [ template_filter ] --START--
INFO: Run Behavior\ContentReplaceBehavior [ RunTime:0.000158s ]
INFO: [ template_filter ] --END-- [ RunTime:0.000277s ]
INFO: Run Behavior\ParseTemplateBehavior [ RunTime:0.017189s ]
INFO: [ view_parse ] --END-- [ RunTime:0.017305s ]
INFO: [ view_filter ] --START--
INFO: Run Behavior\WriteHtmlCacheBehavior [ RunTime:0.000581s ]
INFO: [ view_filter ] --END-- [ RunTime:0.000668s ]
INFO: [ app_end ] --START--
INFO: Run Behavior\ShowPageTraceBehavior [ RunTime:0.001405s ]
INFO: [ app_end ] --END-- [ RunTime:0.001519s ]

[ 2017-10-23T17:27:44+08:00 ] ::1 /Admin/home/welcome.html
INFO: [ app_init ] --START--
INFO: Run Behavior\BuildLiteBehavior [ RunTime:0.000030s ]
INFO: [ app_init ] --END-- [ RunTime:0.000415s ]
INFO: [ app_begin ] --START--
INFO: Run Behavior\ReadHtmlCacheBehavior [ RunTime:0.000438s ]
INFO: [ app_begin ] --END-- [ RunTime:0.000520s ]
SQL: SHOW COLUMNS FROM `blog_powers` [ RunTime:0.0018s ]
SQL: SELECT * FROM `blog_powers`  [ RunTime:0.0005s ]
SQL: SELECT * FROM `blog_powers` WHERE `fid` = 0 ORDER BY sort asc  [ RunTime:0.0004s ]
SQL: SELECT * FROM `blog_powers` WHERE `fid` <> 0 AND `HideInMenu` = 0 ORDER BY sort asc  [ RunTime:0.0006s ]
SQL: SELECT `name`,`fid` FROM `blog_powers` WHERE `url` = 'home/welcome' LIMIT 1   [ RunTime:0.0003s ]
SQL: SELECT `name` FROM `blog_powers` WHERE `id` = null LIMIT 1   [ RunTime:0.0002s ]
SQL: select version() as ver [ RunTime:0.0002s ]
INFO: [ view_parse ] --START--
INFO: [ template_filter ] --START--
INFO: Run Behavior\ContentReplaceBehavior [ RunTime:0.000096s ]
INFO: [ template_filter ] --END-- [ RunTime:0.000187s ]
INFO: Run Behavior\ParseTemplateBehavior [ RunTime:0.008301s ]
INFO: [ view_parse ] --END-- [ RunTime:0.008393s ]
INFO: [ view_filter ] --START--
INFO: Run Behavior\WriteHtmlCacheBehavior [ RunTime:0.000168s ]
INFO: [ view_filter ] --END-- [ RunTime:0.000239s ]
INFO: [ app_end ] --START--
INFO: Run Behavior\ShowPageTraceBehavior [ RunTime:0.000464s ]
INFO: [ app_end ] --END-- [ RunTime:0.000539s ]

[ 2017-10-23T17:27:48+08:00 ] ::1 /Admin/system/shield.html
INFO: [ app_init ] --START--
INFO: Run Behavior\BuildLiteBehavior [ RunTime:0.000021s ]
INFO: [ app_init ] --END-- [ RunTime:0.000365s ]
INFO: [ app_begin ] --START--
INFO: Run Behavior\ReadHtmlCacheBehavior [ RunTime:0.000412s ]
INFO: [ app_begin ] --END-- [ RunTime:0.000492s ]
SQL: SHOW COLUMNS FROM `blog_powers` [ RunTime:0.0017s ]
SQL: SELECT * FROM `blog_powers`  [ RunTime:0.0005s ]
SQL: SELECT * FROM `blog_powers` WHERE `fid` = 0 ORDER BY sort asc  [ RunTime:0.0003s ]
SQL: SELECT * FROM `blog_powers` WHERE `fid` <> 0 AND `HideInMenu` = 0 ORDER BY sort asc  [ RunTime:0.0005s ]
SQL: SELECT `name`,`fid` FROM `blog_powers` WHERE `url` = 'system/shield' LIMIT 1   [ RunTime:0.0002s ]
SQL: SELECT `name` FROM `blog_powers` WHERE `id` = 47 LIMIT 1   [ RunTime:0.0001s ]
SQL: SHOW COLUMNS FROM `blog_bad_words` [ RunTime:0.0012s ]
INFO: [ view_parse ] --START--
INFO: [ template_filter ] --START--
INFO: Run Behavior\ContentReplaceBehavior [ RunTime:0.000085s ]
INFO: [ template_filter ] --END-- [ RunTime:0.000226s ]
INFO: Run Behavior\ParseTemplateBehavior [ RunTime:0.007290s ]
INFO: [ view_parse ] --END-- [ RunTime:0.007375s ]
INFO: [ view_filter ] --START--
INFO: Run Behavior\WriteHtmlCacheBehavior [ RunTime:0.000146s ]
INFO: [ view_filter ] --END-- [ RunTime:0.000216s ]
INFO: [ app_end ] --START--
INFO: Run Behavior\ShowPageTraceBehavior [ RunTime:0.000475s ]
INFO: [ app_end ] --END-- [ RunTime:0.000550s ]

[ 2017-10-23T17:39:22+08:00 ] ::1 /Admin/system/shield.html
INFO: [ app_init ] --START--
INFO: Run Behavior\BuildLiteBehavior [ RunTime:0.000046s ]
INFO: [ app_init ] --END-- [ RunTime:0.001073s ]
INFO: [ app_begin ] --START--
INFO: Run Behavior\ReadHtmlCacheBehavior [ RunTime:0.000957s ]
INFO: [ app_begin ] --END-- [ RunTime:0.001075s ]
SQL: SHOW COLUMNS FROM `blog_powers` [ RunTime:0.0036s ]
SQL: SELECT * FROM `blog_powers`  [ RunTime:0.0009s ]
SQL: SELECT * FROM `blog_powers` WHERE `fid` = 0 ORDER BY sort asc  [ RunTime:0.0005s ]
SQL: SELECT * FROM `blog_powers` WHERE `fid` <> 0 AND `HideInMenu` = 0 ORDER BY sort asc  [ RunTime:0.0004s ]
SQL: SELECT `name`,`fid` FROM `blog_powers` WHERE `url` = 'system/shield' LIMIT 1   [ RunTime:0.0002s ]
SQL: SELECT `name` FROM `blog_powers` WHERE `id` = 47 LIMIT 1   [ RunTime:0.0001s ]
SQL: SHOW COLUMNS FROM `blog_bad_words` [ RunTime:0.0015s ]
INFO: [ view_parse ] --START--
INFO: [ template_filter ] --START--
INFO: Run Behavior\ContentReplaceBehavior [ RunTime:0.000143s ]
INFO: [ template_filter ] --END-- [ RunTime:0.000240s ]
INFO: Run Behavior\ParseTemplateBehavior [ RunTime:0.014489s ]
INFO: [ view_parse ] --END-- [ RunTime:0.014612s ]
INFO: [ view_filter ] --START--
INFO: Run Behavior\WriteHtmlCacheBehavior [ RunTime:0.000706s ]
INFO: [ view_filter ] --END-- [ RunTime:0.000829s ]
INFO: [ app_end ] --START--
INFO: Run Behavior\ShowPageTraceBehavior [ RunTime:0.001223s ]
INFO: [ app_end ] --END-- [ RunTime:0.001343s ]

