[ 2017-10-24T19:31:37+08:00 ] ::1 /blog/Admin/home/index.html
INFO: [ app_init ] --START--
INFO: Run Behavior\BuildLiteBehavior [ RunTime:0.000070s ]
INFO: [ app_init ] --END-- [ RunTime:0.001263s ]
INFO: [ app_begin ] --START--
INFO: Run Behavior\ReadHtmlCacheBehavior [ RunTime:0.001123s ]
INFO: [ app_begin ] --END-- [ RunTime:0.001382s ]
SQL: SHOW COLUMNS FROM `blog_powers` [ RunTime:0.0024s ]
SQL: SELECT * FROM `blog_powers`  [ RunTime:0.0004s ]
SQL: SELECT * FROM `blog_powers` WHERE `fid` = 0 ORDER BY sort asc  [ RunTime:0.0003s ]
SQL: SELECT * FROM `blog_powers` WHERE `fid` <> 0 AND `HideInMenu` = 0 ORDER BY sort asc  [ RunTime:0.0003s ]
SQL: SELECT `name`,`fid` FROM `blog_powers` WHERE `url` = 'home/index' LIMIT 1   [ RunTime:0.0001s ]
SQL: SELECT `name` FROM `blog_powers` WHERE `id` = null LIMIT 1   [ RunTime:0.0001s ]
INFO: [ view_parse ] --START--
INFO: [ template_filter ] --START--
INFO: Run Behavior\ContentReplaceBehavior [ RunTime:0.000187s ]
INFO: [ template_filter ] --END-- [ RunTime:0.000380s ]
INFO: Run Behavior\ParseTemplateBehavior [ RunTime:0.020352s ]
INFO: [ view_parse ] --END-- [ RunTime:0.020550s ]
INFO: [ view_filter ] --START--
INFO: Run Behavior\WriteHtmlCacheBehavior [ RunTime:0.000627s ]
INFO: [ view_filter ] --END-- [ RunTime:0.000855s ]
INFO: [ app_end ] --START--
INFO: Run Behavior\ShowPageTraceBehavior [ RunTime:0.001057s ]
INFO: [ app_end ] --END-- [ RunTime:0.001360s ]

[ 2017-10-24T19:31:37+08:00 ] ::1 /blog/Admin/home/welcome.html
INFO: [ app_init ] --START--
INFO: Run Behavior\BuildLiteBehavior [ RunTime:0.000048s ]
INFO: [ app_init ] --END-- [ RunTime:0.001036s ]
INFO: [ app_begin ] --START--
INFO: Run Behavior\ReadHtmlCacheBehavior [ RunTime:0.000625s ]
INFO: [ app_begin ] --END-- [ RunTime:0.000884s ]
SQL: SHOW COLUMNS FROM `blog_powers` [ RunTime:0.0016s ]
SQL: SELECT * FROM `blog_powers`  [ RunTime:0.0004s ]
SQL: SELECT * FROM `blog_powers` WHERE `fid` = 0 ORDER BY sort asc  [ RunTime:0.0004s ]
SQL: SELECT * FROM `blog_powers` WHERE `fid` <> 0 AND `HideInMenu` = 0 ORDER BY sort asc  [ RunTime:0.0005s ]
SQL: SELECT `name`,`fid` FROM `blog_powers` WHERE `url` = 'home/welcome' LIMIT 1   [ RunTime:0.0012s ]
SQL: SELECT `name` FROM `blog_powers` WHERE `id` = null LIMIT 1   [ RunTime:0.0006s ]
SQL: select version() as ver [ RunTime:0.0003s ]
INFO: [ view_parse ] --START--
INFO: [ template_filter ] --START--
INFO: Run Behavior\ContentReplaceBehavior [ RunTime:0.000161s ]
INFO: [ template_filter ] --END-- [ RunTime:0.000420s ]
INFO: Run Behavior\ParseTemplateBehavior [ RunTime:0.016996s ]
INFO: [ view_parse ] --END-- [ RunTime:0.017335s ]
INFO: [ view_filter ] --START--
INFO: Run Behavior\WriteHtmlCacheBehavior [ RunTime:0.000251s ]
INFO: [ view_filter ] --END-- [ RunTime:0.000487s ]
INFO: [ app_end ] --START--
INFO: Run Behavior\ShowPageTraceBehavior [ RunTime:0.000614s ]
INFO: [ app_end ] --END-- [ RunTime:0.000860s ]

[ 2017-10-24T19:31:39+08:00 ] ::1 /blog/Admin/posts/add.html
INFO: [ app_init ] --START--
INFO: Run Behavior\BuildLiteBehavior [ RunTime:0.000040s ]
INFO: [ app_init ] --END-- [ RunTime:0.000459s ]
INFO: [ app_begin ] --START--
INFO: Run Behavior\ReadHtmlCacheBehavior [ RunTime:0.000386s ]
INFO: [ app_begin ] --END-- [ RunTime:0.000584s ]
SQL: SHOW COLUMNS FROM `blog_powers` [ RunTime:0.0015s ]
SQL: SELECT * FROM `blog_powers`  [ RunTime:0.0005s ]
SQL: SELECT * FROM `blog_powers` WHERE `fid` = 0 ORDER BY sort asc  [ RunTime:0.0004s ]
SQL: SELECT * FROM `blog_powers` WHERE `fid` <> 0 AND `HideInMenu` = 0 ORDER BY sort asc  [ RunTime:0.0004s ]
SQL: SELECT `name`,`fid` FROM `blog_powers` WHERE `url` = 'posts/add' LIMIT 1   [ RunTime:0.0003s ]
SQL: SELECT `name` FROM `blog_powers` WHERE `id` = 44 LIMIT 1   [ RunTime:0.0001s ]
SQL: SHOW COLUMNS FROM `blog_posts` [ RunTime:0.0015s ]
INFO: [ view_parse ] --START--
INFO: [ template_filter ] --START--
INFO: Run Behavior\ContentReplaceBehavior [ RunTime:0.000134s ]
INFO: [ template_filter ] --END-- [ RunTime:0.000396s ]
INFO: Run Behavior\ParseTemplateBehavior [ RunTime:0.009659s ]
INFO: [ view_parse ] --END-- [ RunTime:0.009876s ]
INFO: [ view_filter ] --START--
INFO: Run Behavior\WriteHtmlCacheBehavior [ RunTime:0.000240s ]
INFO: [ view_filter ] --END-- [ RunTime:0.000506s ]
INFO: [ app_end ] --START--
INFO: Run Behavior\ShowPageTraceBehavior [ RunTime:0.000561s ]
INFO: [ app_end ] --END-- [ RunTime:0.000773s ]

[ 2017-10-24T19:31:44+08:00 ] ::1 /blog/admin/posts/add.html
INFO: [ app_init ] --START--
INFO: Run Behavior\BuildLiteBehavior [ RunTime:0.000043s ]
INFO: [ app_init ] --END-- [ RunTime:0.000506s ]
INFO: [ app_begin ] --START--
INFO: Run Behavior\ReadHtmlCacheBehavior [ RunTime:0.000367s ]
INFO: [ app_begin ] --END-- [ RunTime:0.000546s ]
SQL: SHOW COLUMNS FROM `blog_powers` [ RunTime:0.0015s ]
SQL: SELECT * FROM `blog_powers`  [ RunTime:0.0004s ]
SQL: SELECT * FROM `blog_powers` WHERE `fid` = 0 ORDER BY sort asc  [ RunTime:0.0004s ]
SQL: SELECT * FROM `blog_powers` WHERE `fid` <> 0 AND `HideInMenu` = 0 ORDER BY sort asc  [ RunTime:0.0003s ]
SQL: SELECT `name`,`fid` FROM `blog_powers` WHERE `url` = 'posts/add' LIMIT 1   [ RunTime:0.0002s ]
SQL: SELECT `name` FROM `blog_powers` WHERE `id` = 44 LIMIT 1   [ RunTime:0.0001s ]
SQL: SHOW COLUMNS FROM `blog_posts` [ RunTime:0.0013s ]
SQL: INSERT INTO `blog_posts` (`title`,`content`,`status`,`uid`,`createtime`,`updatetime`) VALUES ('asdfa','asdfasd','1','1','1508844704','1508844704') [ RunTime:0.0016s ]
INFO: [ view_parse ] --START--
INFO: [ template_filter ] --START--
INFO: Run Behavior\ContentReplaceBehavior [ RunTime:0.000088s ]
INFO: [ template_filter ] --END-- [ RunTime:0.000279s ]
INFO: Run Behavior\ParseTemplateBehavior [ RunTime:0.006031s ]
INFO: [ view_parse ] --END-- [ RunTime:0.006234s ]
INFO: [ view_filter ] --START--
INFO: Run Behavior\WriteHtmlCacheBehavior [ RunTime:0.000202s ]
INFO: [ view_filter ] --END-- [ RunTime:0.000401s ]
INFO: [ app_end ] --START--
INFO: Run Behavior\ShowPageTraceBehavior [ RunTime:0.000590s ]
INFO: [ app_end ] --END-- [ RunTime:0.000842s ]

[ 2017-10-24T19:31:45+08:00 ] ::1 /blog/admin/posts/lists.html
INFO: [ app_init ] --START--
INFO: Run Behavior\BuildLiteBehavior [ RunTime:0.000051s ]
INFO: [ app_init ] --END-- [ RunTime:0.000534s ]
INFO: [ app_begin ] --START--
INFO: Run Behavior\ReadHtmlCacheBehavior [ RunTime:0.000474s ]
INFO: [ app_begin ] --END-- [ RunTime:0.000716s ]
SQL: SHOW COLUMNS FROM `blog_powers` [ RunTime:0.0013s ]
SQL: SELECT * FROM `blog_powers`  [ RunTime:0.0004s ]
SQL: SELECT * FROM `blog_powers` WHERE `fid` = 0 ORDER BY sort asc  [ RunTime:0.0003s ]
SQL: SELECT * FROM `blog_powers` WHERE `fid` <> 0 AND `HideInMenu` = 0 ORDER BY sort asc  [ RunTime:0.0003s ]
SQL: SELECT `name`,`fid` FROM `blog_powers` WHERE `url` = 'posts/lists' LIMIT 1   [ RunTime:0.0002s ]
SQL: SELECT `name` FROM `blog_powers` WHERE `id` = 44 LIMIT 1   [ RunTime:0.0002s ]
SQL: SHOW COLUMNS FROM `blog_posts` [ RunTime:0.0012s ]
SQL: SHOW COLUMNS FROM `blog_users` [ RunTime:0.0015s ]
SQL: SELECT COUNT(*) AS tp_count FROM `blog_posts` WHERE `status` IN ('0','1') LIMIT 1   [ RunTime:0.0003s ]
SQL: SELECT * FROM `blog_posts` WHERE `status` IN ('0','1') ORDER BY updatetime desc,id desc LIMIT 0,10   [ RunTime:0.0003s ]
SQL: SELECT `id`,`username` FROM `blog_users` WHERE `status` = 1  [ RunTime:0.0002s ]
INFO: [ view_parse ] --START--
INFO: [ template_filter ] --START--
INFO: Run Behavior\ContentReplaceBehavior [ RunTime:0.000150s ]
INFO: [ template_filter ] --END-- [ RunTime:0.000359s ]
INFO: Run Behavior\ParseTemplateBehavior [ RunTime:0.010944s ]
INFO: [ view_parse ] --END-- [ RunTime:0.011141s ]
INFO: [ view_filter ] --START--
INFO: Run Behavior\WriteHtmlCacheBehavior [ RunTime:0.000175s ]
INFO: [ view_filter ] --END-- [ RunTime:0.000343s ]
INFO: [ app_end ] --START--
INFO: Run Behavior\ShowPageTraceBehavior [ RunTime:0.000478s ]
INFO: [ app_end ] --END-- [ RunTime:0.000656s ]

[ 2017-10-24T19:32:04+08:00 ] ::1 /blog/Admin/posts/del.html
INFO: [ app_init ] --START--
INFO: Run Behavior\BuildLiteBehavior [ RunTime:0.000055s ]
INFO: [ app_init ] --END-- [ RunTime:0.000632s ]
INFO: [ app_begin ] --START--
INFO: Run Behavior\ReadHtmlCacheBehavior [ RunTime:0.000474s ]
INFO: [ app_begin ] --END-- [ RunTime:0.000846s ]
SQL: SHOW COLUMNS FROM `blog_powers` [ RunTime:0.0071s ]
SQL: SELECT * FROM `blog_powers`  [ RunTime:0.0005s ]
SQL: SELECT * FROM `blog_powers` WHERE `fid` = 0 ORDER BY sort asc  [ RunTime:0.0004s ]
SQL: SELECT * FROM `blog_powers` WHERE `fid` <> 0 AND `HideInMenu` = 0 ORDER BY sort asc  [ RunTime:0.0005s ]
SQL: SELECT `name`,`fid` FROM `blog_powers` WHERE `url` = 'posts/del' LIMIT 1   [ RunTime:0.0003s ]
SQL: SELECT `name` FROM `blog_powers` WHERE `id` = 44 LIMIT 1   [ RunTime:0.0002s ]
SQL: SHOW COLUMNS FROM `blog_posts` [ RunTime:0.0013s ]
SQL: SELECT * FROM `blog_posts` WHERE `id` = 2 LIMIT 1   [ RunTime:0.0003s ]
SQL: DELETE FROM `blog_posts` WHERE `id` = 2 [ RunTime:0.0006s ]

[ 2017-10-24T19:32:04+08:00 ] ::1 /blog/admin/posts/lists.html
INFO: [ app_init ] --START--
INFO: Run Behavior\BuildLiteBehavior [ RunTime:0.000043s ]
INFO: [ app_init ] --END-- [ RunTime:0.000647s ]
INFO: [ app_begin ] --START--
INFO: Run Behavior\ReadHtmlCacheBehavior [ RunTime:0.000760s ]
INFO: [ app_begin ] --END-- [ RunTime:0.000963s ]
SQL: SHOW COLUMNS FROM `blog_powers` [ RunTime:0.0012s ]
SQL: SELECT * FROM `blog_powers`  [ RunTime:0.0004s ]
SQL: SELECT * FROM `blog_powers` WHERE `fid` = 0 ORDER BY sort asc  [ RunTime:0.0010s ]
SQL: SELECT * FROM `blog_powers` WHERE `fid` <> 0 AND `HideInMenu` = 0 ORDER BY sort asc  [ RunTime:0.0003s ]
SQL: SELECT `name`,`fid` FROM `blog_powers` WHERE `url` = 'posts/lists' LIMIT 1   [ RunTime:0.0002s ]
SQL: SELECT `name` FROM `blog_powers` WHERE `id` = 44 LIMIT 1   [ RunTime:0.0001s ]
SQL: SHOW COLUMNS FROM `blog_posts` [ RunTime:0.0012s ]
SQL: SHOW COLUMNS FROM `blog_users` [ RunTime:0.0014s ]
SQL: SELECT COUNT(*) AS tp_count FROM `blog_posts` WHERE `status` IN ('0','1') LIMIT 1   [ RunTime:0.0003s ]
SQL: SELECT * FROM `blog_posts` WHERE `status` IN ('0','1') ORDER BY updatetime desc,id desc LIMIT 0,10   [ RunTime:0.0003s ]
SQL: SELECT `id`,`username` FROM `blog_users` WHERE `status` = 1  [ RunTime:0.0003s ]
INFO: [ view_parse ] --START--
INFO: [ template_filter ] --START--
INFO: Run Behavior\ContentReplaceBehavior [ RunTime:0.000137s ]
INFO: [ template_filter ] --END-- [ RunTime:0.000324s ]
INFO: Run Behavior\ParseTemplateBehavior [ RunTime:0.013033s ]
INFO: [ view_parse ] --END-- [ RunTime:0.013240s ]
INFO: [ view_filter ] --START--
INFO: Run Behavior\WriteHtmlCacheBehavior [ RunTime:0.000184s ]
INFO: [ view_filter ] --END-- [ RunTime:0.000346s ]
INFO: [ app_end ] --START--
INFO: Run Behavior\ShowPageTraceBehavior [ RunTime:0.000574s ]
INFO: [ app_end ] --END-- [ RunTime:0.000756s ]

[ 2017-10-24T19:32:08+08:00 ] ::1 /blog/Admin/home/index.html
INFO: [ app_init ] --START--
INFO: Run Behavior\BuildLiteBehavior [ RunTime:0.000044s ]
INFO: [ app_init ] --END-- [ RunTime:0.000475s ]
INFO: [ app_begin ] --START--
INFO: Run Behavior\ReadHtmlCacheBehavior [ RunTime:0.000430s ]
INFO: [ app_begin ] --END-- [ RunTime:0.000613s ]
SQL: SHOW COLUMNS FROM `blog_powers` [ RunTime:0.0068s ]
SQL: SELECT * FROM `blog_powers`  [ RunTime:0.0005s ]
SQL: SELECT * FROM `blog_powers` WHERE `fid` = 0 ORDER BY sort asc  [ RunTime:0.0004s ]
SQL: SELECT * FROM `blog_powers` WHERE `fid` <> 0 AND `HideInMenu` = 0 ORDER BY sort asc  [ RunTime:0.0006s ]
SQL: SELECT `name`,`fid` FROM `blog_powers` WHERE `url` = 'home/index' LIMIT 1   [ RunTime:0.0003s ]
SQL: SELECT `name` FROM `blog_powers` WHERE `id` = null LIMIT 1   [ RunTime:0.0002s ]
INFO: [ view_parse ] --START--
INFO: [ template_filter ] --START--
INFO: Run Behavior\ContentReplaceBehavior [ RunTime:0.000139s ]
INFO: [ template_filter ] --END-- [ RunTime:0.000372s ]
INFO: Run Behavior\ParseTemplateBehavior [ RunTime:0.014033s ]
INFO: [ view_parse ] --END-- [ RunTime:0.014259s ]
INFO: [ view_filter ] --START--
INFO: Run Behavior\WriteHtmlCacheBehavior [ RunTime:0.000201s ]
INFO: [ view_filter ] --END-- [ RunTime:0.000406s ]
INFO: [ app_end ] --START--
INFO: Run Behavior\ShowPageTraceBehavior [ RunTime:0.000562s ]
INFO: [ app_end ] --END-- [ RunTime:0.000807s ]

[ 2017-10-24T19:32:08+08:00 ] ::1 /blog/Admin/home/welcome.html
INFO: [ app_init ] --START--
INFO: Run Behavior\BuildLiteBehavior [ RunTime:0.000070s ]
INFO: [ app_init ] --END-- [ RunTime:0.000736s ]
INFO: [ app_begin ] --START--
INFO: Run Behavior\ReadHtmlCacheBehavior [ RunTime:0.000648s ]
INFO: [ app_begin ] --END-- [ RunTime:0.000987s ]
SQL: SHOW COLUMNS FROM `blog_powers` [ RunTime:0.0073s ]
SQL: SELECT * FROM `blog_powers`  [ RunTime:0.0028s ]
SQL: SELECT * FROM `blog_powers` WHERE `fid` = 0 ORDER BY sort asc  [ RunTime:0.0008s ]
SQL: SELECT * FROM `blog_powers` WHERE `fid` <> 0 AND `HideInMenu` = 0 ORDER BY sort asc  [ RunTime:0.0012s ]
SQL: SELECT `name`,`fid` FROM `blog_powers` WHERE `url` = 'home/welcome' LIMIT 1   [ RunTime:0.0007s ]
SQL: SELECT `name` FROM `blog_powers` WHERE `id` = null LIMIT 1   [ RunTime:0.0003s ]
SQL: select version() as ver [ RunTime:0.0002s ]
INFO: [ view_parse ] --START--
INFO: [ template_filter ] --START--
INFO: Run Behavior\ContentReplaceBehavior [ RunTime:0.000154s ]
INFO: [ template_filter ] --END-- [ RunTime:0.000422s ]
INFO: Run Behavior\ParseTemplateBehavior [ RunTime:0.008352s ]
INFO: [ view_parse ] --END-- [ RunTime:0.008609s ]
INFO: [ view_filter ] --START--
INFO: Run Behavior\WriteHtmlCacheBehavior [ RunTime:0.000267s ]
INFO: [ view_filter ] --END-- [ RunTime:0.000548s ]
INFO: [ app_end ] --START--
INFO: Run Behavior\ShowPageTraceBehavior [ RunTime:0.000551s ]
INFO: [ app_end ] --END-- [ RunTime:0.000758s ]

[ 2017-10-24T19:32:11+08:00 ] ::1 /blog/Admin/posts/lists.html
INFO: [ app_init ] --START--
INFO: Run Behavior\BuildLiteBehavior [ RunTime:0.000042s ]
INFO: [ app_init ] --END-- [ RunTime:0.000472s ]
INFO: [ app_begin ] --START--
INFO: Run Behavior\ReadHtmlCacheBehavior [ RunTime:0.000401s ]
INFO: [ app_begin ] --END-- [ RunTime:0.000584s ]
SQL: SHOW COLUMNS FROM `blog_powers` [ RunTime:0.0064s ]
SQL: SELECT * FROM `blog_powers`  [ RunTime:0.0005s ]
SQL: SELECT * FROM `blog_powers` WHERE `fid` = 0 ORDER BY sort asc  [ RunTime:0.0003s ]
SQL: SELECT * FROM `blog_powers` WHERE `fid` <> 0 AND `HideInMenu` = 0 ORDER BY sort asc  [ RunTime:0.0003s ]
SQL: SELECT `name`,`fid` FROM `blog_powers` WHERE `url` = 'posts/lists' LIMIT 1   [ RunTime:0.0003s ]
SQL: SELECT `name` FROM `blog_powers` WHERE `id` = 44 LIMIT 1   [ RunTime:0.0002s ]
SQL: SHOW COLUMNS FROM `blog_posts` [ RunTime:0.0020s ]
SQL: SHOW COLUMNS FROM `blog_users` [ RunTime:0.0013s ]
SQL: SELECT COUNT(*) AS tp_count FROM `blog_posts` WHERE `status` IN ('0','1') LIMIT 1   [ RunTime:0.0003s ]
SQL: SELECT * FROM `blog_posts` WHERE `status` IN ('0','1') ORDER BY updatetime desc,id desc LIMIT 0,10   [ RunTime:0.0002s ]
SQL: SELECT `id`,`username` FROM `blog_users` WHERE `status` = 1  [ RunTime:0.0002s ]
INFO: [ view_parse ] --START--
INFO: [ template_filter ] --START--
INFO: Run Behavior\ContentReplaceBehavior [ RunTime:0.000218s ]
INFO: [ template_filter ] --END-- [ RunTime:0.000543s ]
INFO: Run Behavior\ParseTemplateBehavior [ RunTime:0.011275s ]
INFO: [ view_parse ] --END-- [ RunTime:0.011472s ]
INFO: [ view_filter ] --START--
INFO: Run Behavior\WriteHtmlCacheBehavior [ RunTime:0.000208s ]
INFO: [ view_filter ] --END-- [ RunTime:0.000406s ]
INFO: [ app_end ] --START--
INFO: Run Behavior\ShowPageTraceBehavior [ RunTime:0.000523s ]
INFO: [ app_end ] --END-- [ RunTime:0.000744s ]

[ 2017-10-24T19:32:12+08:00 ] ::1 /blog/Admin/home/index.html
INFO: [ app_init ] --START--
INFO: Run Behavior\BuildLiteBehavior [ RunTime:0.000076s ]
INFO: [ app_init ] --END-- [ RunTime:0.000623s ]
INFO: [ app_begin ] --START--
INFO: Run Behavior\ReadHtmlCacheBehavior [ RunTime:0.000496s ]
INFO: [ app_begin ] --END-- [ RunTime:0.000694s ]
SQL: SHOW COLUMNS FROM `blog_powers` [ RunTime:0.0067s ]
SQL: SELECT * FROM `blog_powers`  [ RunTime:0.0005s ]
SQL: SELECT * FROM `blog_powers` WHERE `fid` = 0 ORDER BY sort asc  [ RunTime:0.0004s ]
SQL: SELECT * FROM `blog_powers` WHERE `fid` <> 0 AND `HideInMenu` = 0 ORDER BY sort asc  [ RunTime:0.0003s ]
SQL: SELECT `name`,`fid` FROM `blog_powers` WHERE `url` = 'home/index' LIMIT 1   [ RunTime:0.0002s ]
SQL: SELECT `name` FROM `blog_powers` WHERE `id` = null LIMIT 1   [ RunTime:0.0001s ]
INFO: [ view_parse ] --START--
INFO: [ template_filter ] --START--
INFO: Run Behavior\ContentReplaceBehavior [ RunTime:0.000162s ]
INFO: [ template_filter ] --END-- [ RunTime:0.000379s ]
INFO: Run Behavior\ParseTemplateBehavior [ RunTime:0.014457s ]
INFO: [ view_parse ] --END-- [ RunTime:0.014658s ]
INFO: [ view_filter ] --START--
INFO: Run Behavior\WriteHtmlCacheBehavior [ RunTime:0.000204s ]
INFO: [ view_filter ] --END-- [ RunTime:0.000402s ]
INFO: [ app_end ] --START--
INFO: Run Behavior\ShowPageTraceBehavior [ RunTime:0.000588s ]
INFO: [ app_end ] --END-- [ RunTime:0.000808s ]

[ 2017-10-24T19:32:13+08:00 ] ::1 /blog/Admin/home/welcome.html
INFO: [ app_init ] --START--
INFO: Run Behavior\BuildLiteBehavior [ RunTime:0.000043s ]
INFO: [ app_init ] --END-- [ RunTime:0.000477s ]
INFO: [ app_begin ] --START--
INFO: Run Behavior\ReadHtmlCacheBehavior [ RunTime:0.000447s ]
INFO: [ app_begin ] --END-- [ RunTime:0.000642s ]
SQL: SHOW COLUMNS FROM `blog_powers` [ RunTime:0.0029s ]
SQL: SELECT * FROM `blog_powers`  [ RunTime:0.0005s ]
SQL: SELECT * FROM `blog_powers` WHERE `fid` = 0 ORDER BY sort asc  [ RunTime:0.0004s ]
SQL: SELECT * FROM `blog_powers` WHERE `fid` <> 0 AND `HideInMenu` = 0 ORDER BY sort asc  [ RunTime:0.0006s ]
SQL: SELECT `name`,`fid` FROM `blog_powers` WHERE `url` = 'home/welcome' LIMIT 1   [ RunTime:0.0006s ]
SQL: SELECT `name` FROM `blog_powers` WHERE `id` = null LIMIT 1   [ RunTime:0.0003s ]
SQL: select version() as ver [ RunTime:0.0003s ]
INFO: [ view_parse ] --START--
INFO: [ template_filter ] --START--
INFO: Run Behavior\ContentReplaceBehavior [ RunTime:0.000130s ]
INFO: [ template_filter ] --END-- [ RunTime:0.000342s ]
INFO: Run Behavior\ParseTemplateBehavior [ RunTime:0.008941s ]
INFO: [ view_parse ] --END-- [ RunTime:0.009167s ]
INFO: [ view_filter ] --START--
INFO: Run Behavior\WriteHtmlCacheBehavior [ RunTime:0.000196s ]
INFO: [ view_filter ] --END-- [ RunTime:0.000388s ]
INFO: [ app_end ] --START--
INFO: Run Behavior\ShowPageTraceBehavior [ RunTime:0.000487s ]
INFO: [ app_end ] --END-- [ RunTime:0.000684s ]

[ 2017-10-24T19:32:30+08:00 ] ::1 /blog/Admin/posts/lists.html
INFO: [ app_init ] --START--
INFO: Run Behavior\BuildLiteBehavior [ RunTime:0.000080s ]
INFO: [ app_init ] --END-- [ RunTime:0.000913s ]
INFO: [ app_begin ] --START--
INFO: Run Behavior\ReadHtmlCacheBehavior [ RunTime:0.000639s ]
INFO: [ app_begin ] --END-- [ RunTime:0.000978s ]
SQL: SHOW COLUMNS FROM `blog_powers` [ RunTime:0.0069s ]
SQL: SELECT * FROM `blog_powers`  [ RunTime:0.0006s ]
SQL: SELECT * FROM `blog_powers` WHERE `fid` = 0 ORDER BY sort asc  [ RunTime:0.0004s ]
SQL: SELECT * FROM `blog_powers` WHERE `fid` <> 0 AND `HideInMenu` = 0 ORDER BY sort asc  [ RunTime:0.0003s ]
SQL: SELECT `name`,`fid` FROM `blog_powers` WHERE `url` = 'posts/lists' LIMIT 1   [ RunTime:0.0003s ]
SQL: SELECT `name` FROM `blog_powers` WHERE `id` = 44 LIMIT 1   [ RunTime:0.0002s ]
SQL: SHOW COLUMNS FROM `blog_posts` [ RunTime:0.0014s ]
SQL: SHOW COLUMNS FROM `blog_users` [ RunTime:0.0024s ]
SQL: SELECT COUNT(*) AS tp_count FROM `blog_posts` WHERE `status` IN ('0','1') LIMIT 1   [ RunTime:0.0002s ]
SQL: SELECT * FROM `blog_posts` WHERE `status` IN ('0','1') ORDER BY updatetime desc,id desc LIMIT 0,10   [ RunTime:0.0002s ]
SQL: SELECT `id`,`username` FROM `blog_users` WHERE `status` = 1  [ RunTime:0.0002s ]
INFO: [ view_parse ] --START--
INFO: [ template_filter ] --START--
INFO: Run Behavior\ContentReplaceBehavior [ RunTime:0.000163s ]
INFO: [ template_filter ] --END-- [ RunTime:0.000377s ]
INFO: Run Behavior\ParseTemplateBehavior [ RunTime:0.011845s ]
INFO: [ view_parse ] --END-- [ RunTime:0.012110s ]
INFO: [ view_filter ] --START--
INFO: Run Behavior\WriteHtmlCacheBehavior [ RunTime:0.000224s ]
INFO: [ view_filter ] --END-- [ RunTime:0.000434s ]
INFO: [ app_end ] --START--
INFO: Run Behavior\ShowPageTraceBehavior [ RunTime:0.001125s ]
INFO: [ app_end ] --END-- [ RunTime:0.001407s ]

[ 2017-10-24T19:32:32+08:00 ] ::1 /blog/Admin/posts/add.html
INFO: [ app_init ] --START--
INFO: Run Behavior\BuildLiteBehavior [ RunTime:0.000093s ]
INFO: [ app_init ] --END-- [ RunTime:0.000882s ]
INFO: [ app_begin ] --START--
INFO: Run Behavior\ReadHtmlCacheBehavior [ RunTime:0.000632s ]
INFO: [ app_begin ] --END-- [ RunTime:0.000877s ]
SQL: SHOW COLUMNS FROM `blog_powers` [ RunTime:0.0075s ]
SQL: SELECT * FROM `blog_powers`  [ RunTime:0.0006s ]
SQL: SELECT * FROM `blog_powers` WHERE `fid` = 0 ORDER BY sort asc  [ RunTime:0.0005s ]
SQL: SELECT * FROM `blog_powers` WHERE `fid` <> 0 AND `HideInMenu` = 0 ORDER BY sort asc  [ RunTime:0.0007s ]
SQL: SELECT `name`,`fid` FROM `blog_powers` WHERE `url` = 'posts/add' LIMIT 1   [ RunTime:0.0003s ]
SQL: SELECT `name` FROM `blog_powers` WHERE `id` = 44 LIMIT 1   [ RunTime:0.0002s ]
SQL: SHOW COLUMNS FROM `blog_posts` [ RunTime:0.0014s ]
INFO: [ view_parse ] --START--
INFO: [ template_filter ] --START--
INFO: Run Behavior\ContentReplaceBehavior [ RunTime:0.000132s ]
INFO: [ template_filter ] --END-- [ RunTime:0.000345s ]
INFO: Run Behavior\ParseTemplateBehavior [ RunTime:0.007239s ]
INFO: [ view_parse ] --END-- [ RunTime:0.007477s ]
INFO: [ view_filter ] --START--
INFO: Run Behavior\WriteHtmlCacheBehavior [ RunTime:0.000206s ]
INFO: [ view_filter ] --END-- [ RunTime:0.000411s ]
INFO: [ app_end ] --START--
INFO: Run Behavior\ShowPageTraceBehavior [ RunTime:0.000462s ]
INFO: [ app_end ] --END-- [ RunTime:0.000652s ]

[ 2017-10-24T19:32:34+08:00 ] ::1 /blog/admin/posts/add.html
INFO: [ app_init ] --START--
INFO: Run Behavior\BuildLiteBehavior [ RunTime:0.000047s ]
INFO: [ app_init ] --END-- [ RunTime:0.000504s ]
INFO: [ app_begin ] --START--
INFO: Run Behavior\ReadHtmlCacheBehavior [ RunTime:0.000607s ]
INFO: [ app_begin ] --END-- [ RunTime:0.000827s ]
SQL: SHOW COLUMNS FROM `blog_powers` [ RunTime:0.0069s ]
SQL: SELECT * FROM `blog_powers`  [ RunTime:0.0007s ]
SQL: SELECT * FROM `blog_powers` WHERE `fid` = 0 ORDER BY sort asc  [ RunTime:0.0004s ]
SQL: SELECT * FROM `blog_powers` WHERE `fid` <> 0 AND `HideInMenu` = 0 ORDER BY sort asc  [ RunTime:0.0007s ]
SQL: SELECT `name`,`fid` FROM `blog_powers` WHERE `url` = 'posts/add' LIMIT 1   [ RunTime:0.0003s ]
SQL: SELECT `name` FROM `blog_powers` WHERE `id` = 44 LIMIT 1   [ RunTime:0.0002s ]
SQL: SHOW COLUMNS FROM `blog_posts` [ RunTime:0.0012s ]
INFO: [ view_parse ] --START--
INFO: [ template_filter ] --START--
INFO: Run Behavior\ContentReplaceBehavior [ RunTime:0.000097s ]
INFO: [ template_filter ] --END-- [ RunTime:0.000308s ]
INFO: Run Behavior\ParseTemplateBehavior [ RunTime:0.006169s ]
INFO: [ view_parse ] --END-- [ RunTime:0.006408s ]
INFO: [ view_filter ] --START--
INFO: Run Behavior\WriteHtmlCacheBehavior [ RunTime:0.000192s ]
INFO: [ view_filter ] --END-- [ RunTime:0.000396s ]

