[ 2017-10-26T10:16:29+08:00 ] ::1 /Admin/system/refresh.html
INFO: [ app_init ] --START--
INFO: Run Behavior\BuildLiteBehavior [ RunTime:0.000021s ]
INFO: [ app_init ] --END-- [ RunTime:0.000359s ]
INFO: [ app_begin ] --START--
INFO: Run Behavior\ReadHtmlCacheBehavior [ RunTime:0.000411s ]
INFO: [ app_begin ] --END-- [ RunTime:0.000491s ]
SQL: SHOW COLUMNS FROM `blog_powers` [ RunTime:0.0024s ]
SQL: SELECT * FROM `blog_powers`  [ RunTime:0.0004s ]
SQL: SELECT * FROM `blog_powers` WHERE `fid` = 0 ORDER BY sort asc  [ RunTime:0.0005s ]
SQL: SELECT * FROM `blog_powers` WHERE `fid` <> 0 AND `HideInMenu` = 0 ORDER BY sort asc  [ RunTime:0.0004s ]
SQL: SELECT `name`,`fid` FROM `blog_powers` WHERE `url` = 'system/refresh' LIMIT 1   [ RunTime:0.0002s ]
SQL: SELECT `name` FROM `blog_powers` WHERE `id` = 47 LIMIT 1   [ RunTime:0.0002s ]
INFO: [ app_end ] --START--
INFO: Run Behavior\ShowPageTraceBehavior [ RunTime:0.000533s ]
INFO: [ app_end ] --END-- [ RunTime:0.000615s ]

[ 2017-10-26T10:16:31+08:00 ] ::1 /Admin/system/log.html
INFO: [ app_init ] --START--
INFO: Run Behavior\BuildLiteBehavior [ RunTime:0.000035s ]
INFO: [ app_init ] --END-- [ RunTime:0.000652s ]
INFO: [ app_begin ] --START--
INFO: Run Behavior\ReadHtmlCacheBehavior [ RunTime:0.000495s ]
INFO: [ app_begin ] --END-- [ RunTime:0.000579s ]
SQL: SHOW COLUMNS FROM `blog_powers` [ RunTime:0.0027s ]
SQL: SELECT * FROM `blog_powers`  [ RunTime:0.0005s ]
SQL: SELECT * FROM `blog_powers` WHERE `fid` = 0 ORDER BY sort asc  [ RunTime:0.0003s ]
SQL: SELECT * FROM `blog_powers` WHERE `fid` <> 0 AND `HideInMenu` = 0 ORDER BY sort asc  [ RunTime:0.0004s ]
SQL: SELECT `name`,`fid` FROM `blog_powers` WHERE `url` = 'system/log' LIMIT 1   [ RunTime:0.0002s ]
SQL: SELECT `name` FROM `blog_powers` WHERE `id` = 47 LIMIT 1   [ RunTime:0.0001s ]
ERR: 模板不存在:./blog/Admin/View/System/log.html

[ 2017-10-26T10:19:26+08:00 ] ::1 /Admin/admin/roles.html
INFO: [ app_init ] --START--
INFO: Run Behavior\BuildLiteBehavior [ RunTime:0.000022s ]
INFO: [ app_init ] --END-- [ RunTime:0.000374s ]
INFO: [ app_begin ] --START--
INFO: Run Behavior\ReadHtmlCacheBehavior [ RunTime:0.000468s ]
INFO: [ app_begin ] --END-- [ RunTime:0.000559s ]
SQL: SHOW COLUMNS FROM `blog_powers` [ RunTime:0.0028s ]
SQL: SELECT * FROM `blog_powers`  [ RunTime:0.0005s ]
SQL: SELECT * FROM `blog_powers` WHERE `fid` = 0 ORDER BY sort asc  [ RunTime:0.0003s ]
SQL: SELECT * FROM `blog_powers` WHERE `fid` <> 0 AND `HideInMenu` = 0 ORDER BY sort asc  [ RunTime:0.0004s ]
SQL: SELECT `name`,`fid` FROM `blog_powers` WHERE `url` = 'admin/roles' LIMIT 1   [ RunTime:0.0002s ]
SQL: SELECT `name` FROM `blog_powers` WHERE `id` = 29 LIMIT 1   [ RunTime:0.0002s ]
SQL: SHOW COLUMNS FROM `blog_roles` [ RunTime:0.0012s ]
SQL: SELECT COUNT(*) AS tp_count FROM `blog_roles` LIMIT 1   [ RunTime:0.0002s ]
SQL: SELECT `id`,`name`,`description`,`status` FROM `blog_roles` ORDER BY updateAt desc , createAt desc LIMIT 0,10   [ RunTime:0.0002s ]
INFO: [ view_parse ] --START--
INFO: [ template_filter ] --START--
INFO: Run Behavior\ContentReplaceBehavior [ RunTime:0.000131s ]
INFO: [ template_filter ] --END-- [ RunTime:0.000219s ]
INFO: Run Behavior\ParseTemplateBehavior [ RunTime:0.010599s ]
INFO: [ view_parse ] --END-- [ RunTime:0.010682s ]
INFO: [ view_filter ] --START--
INFO: Run Behavior\WriteHtmlCacheBehavior [ RunTime:0.000184s ]
INFO: [ view_filter ] --END-- [ RunTime:0.000274s ]
INFO: [ app_end ] --START--
INFO: Run Behavior\ShowPageTraceBehavior [ RunTime:0.000853s ]
INFO: [ app_end ] --END-- [ RunTime:0.000983s ]

[ 2017-10-26T10:19:29+08:00 ] ::1 /Admin/admin/roles_powers/rid/2.html
INFO: [ app_init ] --START--
INFO: Run Behavior\BuildLiteBehavior [ RunTime:0.000065s ]
INFO: [ app_init ] --END-- [ RunTime:0.000734s ]
INFO: [ app_begin ] --START--
INFO: Run Behavior\ReadHtmlCacheBehavior [ RunTime:0.001330s ]
INFO: [ app_begin ] --END-- [ RunTime:0.001554s ]
SQL: SHOW COLUMNS FROM `blog_powers` [ RunTime:0.0020s ]
SQL: SELECT * FROM `blog_powers`  [ RunTime:0.0005s ]
SQL: SELECT * FROM `blog_powers` WHERE `fid` = 0 ORDER BY sort asc  [ RunTime:0.0004s ]
SQL: SELECT * FROM `blog_powers` WHERE `fid` <> 0 AND `HideInMenu` = 0 ORDER BY sort asc  [ RunTime:0.0006s ]
SQL: SELECT `name`,`fid` FROM `blog_powers` WHERE `url` = 'admin/roles_powers' LIMIT 1   [ RunTime:0.0003s ]
SQL: SELECT `name` FROM `blog_powers` WHERE `id` = 29 LIMIT 1   [ RunTime:0.0002s ]
SQL: SHOW COLUMNS FROM `blog_roles` [ RunTime:0.0012s ]
SQL: SHOW COLUMNS FROM `blog_role_powers` [ RunTime:0.0024s ]
SQL: SELECT * FROM `blog_roles` WHERE `id` = 2 LIMIT 1   [ RunTime:0.0003s ]
SQL: SELECT `powerId` FROM `blog_role_powers` WHERE `roleId` = 2  [ RunTime:0.0002s ]
SQL: SELECT * FROM `blog_powers` WHERE `fid` = 0 ORDER BY sort asc , updateTime desc  [ RunTime:0.0010s ]
SQL: SELECT * FROM `blog_powers` WHERE `fid` = 47 ORDER BY sort asc , updateTime desc  [ RunTime:0.0006s ]
SQL: SELECT * FROM `blog_powers` WHERE `fid` = 29 ORDER BY sort asc , updateTime desc  [ RunTime:0.0004s ]
SQL: SELECT * FROM `blog_powers` WHERE `fid` = 38 ORDER BY sort asc , updateTime desc  [ RunTime:0.0002s ]
SQL: SELECT * FROM `blog_powers` WHERE `fid` = 41 ORDER BY sort asc , updateTime desc  [ RunTime:0.0002s ]
SQL: SELECT * FROM `blog_powers` WHERE `fid` = 44 ORDER BY sort asc , updateTime desc  [ RunTime:0.0003s ]
INFO: [ view_parse ] --START--
INFO: [ template_filter ] --START--
INFO: Run Behavior\ContentReplaceBehavior [ RunTime:0.000110s ]
INFO: [ template_filter ] --END-- [ RunTime:0.000193s ]
INFO: Run Behavior\ParseTemplateBehavior [ RunTime:0.008703s ]
INFO: [ view_parse ] --END-- [ RunTime:0.008786s ]
INFO: [ view_filter ] --START--
INFO: Run Behavior\WriteHtmlCacheBehavior [ RunTime:0.000154s ]
INFO: [ view_filter ] --END-- [ RunTime:0.000224s ]
INFO: [ app_end ] --START--
INFO: Run Behavior\ShowPageTraceBehavior [ RunTime:0.000572s ]
INFO: [ app_end ] --END-- [ RunTime:0.000666s ]

[ 2017-10-26T10:19:35+08:00 ] ::1 /Admin/admin/roles_powers/rid/2.html
INFO: [ app_init ] --START--
INFO: Run Behavior\BuildLiteBehavior [ RunTime:0.000022s ]
INFO: [ app_init ] --END-- [ RunTime:0.000375s ]
INFO: [ app_begin ] --START--
INFO: Run Behavior\ReadHtmlCacheBehavior [ RunTime:0.000415s ]
INFO: [ app_begin ] --END-- [ RunTime:0.000486s ]
SQL: SHOW COLUMNS FROM `blog_powers` [ RunTime:0.0034s ]
SQL: SELECT * FROM `blog_powers`  [ RunTime:0.0004s ]
SQL: SELECT * FROM `blog_powers` WHERE `fid` = 0 ORDER BY sort asc  [ RunTime:0.0004s ]
SQL: SELECT * FROM `blog_powers` WHERE `fid` <> 0 AND `HideInMenu` = 0 ORDER BY sort asc  [ RunTime:0.0004s ]
SQL: SELECT `name`,`fid` FROM `blog_powers` WHERE `url` = 'admin/roles_powers' LIMIT 1   [ RunTime:0.0002s ]
SQL: SELECT `name` FROM `blog_powers` WHERE `id` = 29 LIMIT 1   [ RunTime:0.0002s ]
SQL: SHOW COLUMNS FROM `blog_roles` [ RunTime:0.0011s ]
SQL: SHOW COLUMNS FROM `blog_role_powers` [ RunTime:0.0011s ]
SQL: DELETE FROM `blog_role_powers` WHERE `roleId` = 2 [ RunTime:0.0002s ]
SQL: INSERT INTO `blog_role_powers` (`roleId`,`powerId`) VALUES ('2','48'),('2','49'),('2','50'),('2','51'),('2','52'),('2','53'),('2','54'),('2','55'),('2','56'),('2','30'),('2','31'),('2','32'),('2','33'),('2','34'),('2','35'),('2','36'),('2','37'),('2','39'),('2','40'),('2','42'),('2','43'),('2','45'),('2','46') [ RunTime:0.0011s ]

[ 2017-10-26T10:19:38+08:00 ] ::1 /Admin/admin/roles.html
INFO: [ app_init ] --START--
INFO: Run Behavior\BuildLiteBehavior [ RunTime:0.000020s ]
INFO: [ app_init ] --END-- [ RunTime:0.000350s ]
INFO: [ app_begin ] --START--
INFO: Run Behavior\ReadHtmlCacheBehavior [ RunTime:0.000406s ]
INFO: [ app_begin ] --END-- [ RunTime:0.000481s ]
SQL: SHOW COLUMNS FROM `blog_powers` [ RunTime:0.0025s ]
SQL: SELECT * FROM `blog_powers`  [ RunTime:0.0005s ]
SQL: SELECT * FROM `blog_powers` WHERE `fid` = 0 ORDER BY sort asc  [ RunTime:0.0005s ]
SQL: SELECT * FROM `blog_powers` WHERE `fid` <> 0 AND `HideInMenu` = 0 ORDER BY sort asc  [ RunTime:0.0006s ]
SQL: SELECT `name`,`fid` FROM `blog_powers` WHERE `url` = 'admin/roles' LIMIT 1   [ RunTime:0.0002s ]
SQL: SELECT `name` FROM `blog_powers` WHERE `id` = 29 LIMIT 1   [ RunTime:0.0002s ]
SQL: SHOW COLUMNS FROM `blog_roles` [ RunTime:0.0022s ]
SQL: SELECT COUNT(*) AS tp_count FROM `blog_roles` LIMIT 1   [ RunTime:0.0003s ]
SQL: SELECT `id`,`name`,`description`,`status` FROM `blog_roles` ORDER BY updateAt desc , createAt desc LIMIT 0,10   [ RunTime:0.0007s ]
INFO: [ view_parse ] --START--
INFO: [ template_filter ] --START--
INFO: Run Behavior\ContentReplaceBehavior [ RunTime:0.000137s ]
INFO: [ template_filter ] --END-- [ RunTime:0.000234s ]
INFO: Run Behavior\ParseTemplateBehavior [ RunTime:0.010239s ]
INFO: [ view_parse ] --END-- [ RunTime:0.010407s ]
INFO: [ view_filter ] --START--
INFO: Run Behavior\WriteHtmlCacheBehavior [ RunTime:0.000254s ]
INFO: [ view_filter ] --END-- [ RunTime:0.000343s ]
INFO: [ app_end ] --START--
INFO: Run Behavior\ShowPageTraceBehavior [ RunTime:0.000672s ]
INFO: [ app_end ] --END-- [ RunTime:0.000786s ]

[ 2017-10-26T10:19:40+08:00 ] ::1 /Admin/admin/roles_powers/rid/2.html
INFO: [ app_init ] --START--
INFO: Run Behavior\BuildLiteBehavior [ RunTime:0.000033s ]
INFO: [ app_init ] --END-- [ RunTime:0.000558s ]
INFO: [ app_begin ] --START--
INFO: Run Behavior\ReadHtmlCacheBehavior [ RunTime:0.000442s ]
INFO: [ app_begin ] --END-- [ RunTime:0.000522s ]
SQL: SHOW COLUMNS FROM `blog_powers` [ RunTime:0.0027s ]
SQL: SELECT * FROM `blog_powers`  [ RunTime:0.0004s ]
SQL: SELECT * FROM `blog_powers` WHERE `fid` = 0 ORDER BY sort asc  [ RunTime:0.0003s ]
SQL: SELECT * FROM `blog_powers` WHERE `fid` <> 0 AND `HideInMenu` = 0 ORDER BY sort asc  [ RunTime:0.0004s ]
SQL: SELECT `name`,`fid` FROM `blog_powers` WHERE `url` = 'admin/roles_powers' LIMIT 1   [ RunTime:0.0002s ]
SQL: SELECT `name` FROM `blog_powers` WHERE `id` = 29 LIMIT 1   [ RunTime:0.0001s ]
SQL: SHOW COLUMNS FROM `blog_roles` [ RunTime:0.0014s ]
SQL: SHOW COLUMNS FROM `blog_role_powers` [ RunTime:0.0015s ]
SQL: SELECT * FROM `blog_roles` WHERE `id` = 2 LIMIT 1   [ RunTime:0.0002s ]
SQL: SELECT `powerId` FROM `blog_role_powers` WHERE `roleId` = 2  [ RunTime:0.0002s ]
SQL: SELECT * FROM `blog_powers` WHERE `fid` = 0 ORDER BY sort asc , updateTime desc  [ RunTime:0.0003s ]
SQL: SELECT * FROM `blog_powers` WHERE `fid` = 47 ORDER BY sort asc , updateTime desc  [ RunTime:0.0003s ]
SQL: SELECT * FROM `blog_powers` WHERE `fid` = 29 ORDER BY sort asc , updateTime desc  [ RunTime:0.0003s ]
SQL: SELECT * FROM `blog_powers` WHERE `fid` = 38 ORDER BY sort asc , updateTime desc  [ RunTime:0.0002s ]
SQL: SELECT * FROM `blog_powers` WHERE `fid` = 41 ORDER BY sort asc , updateTime desc  [ RunTime:0.0002s ]
SQL: SELECT * FROM `blog_powers` WHERE `fid` = 44 ORDER BY sort asc , updateTime desc  [ RunTime:0.0002s ]
INFO: [ view_parse ] --START--
INFO: [ template_filter ] --START--
INFO: Run Behavior\ContentReplaceBehavior [ RunTime:0.000101s ]
INFO: [ template_filter ] --END-- [ RunTime:0.000183s ]
INFO: Run Behavior\ParseTemplateBehavior [ RunTime:0.008798s ]
INFO: [ view_parse ] --END-- [ RunTime:0.009025s ]
INFO: [ view_filter ] --START--
INFO: Run Behavior\WriteHtmlCacheBehavior [ RunTime:0.000741s ]
INFO: [ view_filter ] --END-- [ RunTime:0.001090s ]
INFO: [ app_end ] --START--
INFO: Run Behavior\ShowPageTraceBehavior [ RunTime:0.000873s ]
INFO: [ app_end ] --END-- [ RunTime:0.001092s ]

[ 2017-10-26T10:19:45+08:00 ] ::1 /Admin/admin/roles.html
INFO: [ app_init ] --START--
INFO: Run Behavior\BuildLiteBehavior [ RunTime:0.000021s ]
INFO: [ app_init ] --END-- [ RunTime:0.000398s ]
INFO: [ app_begin ] --START--
INFO: Run Behavior\ReadHtmlCacheBehavior [ RunTime:0.000425s ]
INFO: [ app_begin ] --END-- [ RunTime:0.000513s ]
SQL: SHOW COLUMNS FROM `blog_powers` [ RunTime:0.0085s ]
SQL: SELECT * FROM `blog_powers`  [ RunTime:0.0006s ]
SQL: SELECT * FROM `blog_powers` WHERE `fid` = 0 ORDER BY sort asc  [ RunTime:0.0005s ]
SQL: SELECT * FROM `blog_powers` WHERE `fid` <> 0 AND `HideInMenu` = 0 ORDER BY sort asc  [ RunTime:0.0006s ]
SQL: SELECT `name`,`fid` FROM `blog_powers` WHERE `url` = 'admin/roles' LIMIT 1   [ RunTime:0.0004s ]
SQL: SELECT `name` FROM `blog_powers` WHERE `id` = 29 LIMIT 1   [ RunTime:0.0003s ]
SQL: SHOW COLUMNS FROM `blog_roles` [ RunTime:0.0013s ]
SQL: SELECT COUNT(*) AS tp_count FROM `blog_roles` LIMIT 1   [ RunTime:0.0002s ]
SQL: SELECT `id`,`name`,`description`,`status` FROM `blog_roles` ORDER BY updateAt desc , createAt desc LIMIT 0,10   [ RunTime:0.0003s ]
INFO: [ view_parse ] --START--
INFO: [ template_filter ] --START--
INFO: Run Behavior\ContentReplaceBehavior [ RunTime:0.000166s ]
INFO: [ template_filter ] --END-- [ RunTime:0.000264s ]
INFO: Run Behavior\ParseTemplateBehavior [ RunTime:0.009722s ]
INFO: [ view_parse ] --END-- [ RunTime:0.009823s ]
INFO: [ view_filter ] --START--
INFO: Run Behavior\WriteHtmlCacheBehavior [ RunTime:0.000160s ]
INFO: [ view_filter ] --END-- [ RunTime:0.000230s ]
INFO: [ app_end ] --START--
INFO: Run Behavior\ShowPageTraceBehavior [ RunTime:0.000590s ]
INFO: [ app_end ] --END-- [ RunTime:0.000680s ]

[ 2017-10-26T10:19:46+08:00 ] ::1 /Admin/admin/roles_powers/rid/26.html
INFO: [ app_init ] --START--
INFO: Run Behavior\BuildLiteBehavior [ RunTime:0.000059s ]
INFO: [ app_init ] --END-- [ RunTime:0.000821s ]
INFO: [ app_begin ] --START--
INFO: Run Behavior\ReadHtmlCacheBehavior [ RunTime:0.000883s ]
INFO: [ app_begin ] --END-- [ RunTime:0.001025s ]
SQL: SHOW COLUMNS FROM `blog_powers` [ RunTime:0.0018s ]
SQL: SELECT * FROM `blog_powers`  [ RunTime:0.0009s ]
SQL: SELECT * FROM `blog_powers` WHERE `fid` = 0 ORDER BY sort asc  [ RunTime:0.0008s ]
SQL: SELECT * FROM `blog_powers` WHERE `fid` <> 0 AND `HideInMenu` = 0 ORDER BY sort asc  [ RunTime:0.0005s ]
SQL: SELECT `name`,`fid` FROM `blog_powers` WHERE `url` = 'admin/roles_powers' LIMIT 1   [ RunTime:0.0002s ]
SQL: SELECT `name` FROM `blog_powers` WHERE `id` = 29 LIMIT 1   [ RunTime:0.0002s ]
SQL: SHOW COLUMNS FROM `blog_roles` [ RunTime:0.0013s ]
SQL: SHOW COLUMNS FROM `blog_role_powers` [ RunTime:0.0013s ]
SQL: SELECT * FROM `blog_roles` WHERE `id` = 26 LIMIT 1   [ RunTime:0.0002s ]
SQL: SELECT `powerId` FROM `blog_role_powers` WHERE `roleId` = 26  [ RunTime:0.0002s ]
SQL: SELECT * FROM `blog_powers` WHERE `fid` = 0 ORDER BY sort asc , updateTime desc  [ RunTime:0.0005s ]
SQL: SELECT * FROM `blog_powers` WHERE `fid` = 47 ORDER BY sort asc , updateTime desc  [ RunTime:0.0005s ]
SQL: SELECT * FROM `blog_powers` WHERE `fid` = 29 ORDER BY sort asc , updateTime desc  [ RunTime:0.0011s ]
SQL: SELECT * FROM `blog_powers` WHERE `fid` = 38 ORDER BY sort asc , updateTime desc  [ RunTime:0.0004s ]
SQL: SELECT * FROM `blog_powers` WHERE `fid` = 41 ORDER BY sort asc , updateTime desc  [ RunTime:0.0004s ]
SQL: SELECT * FROM `blog_powers` WHERE `fid` = 44 ORDER BY sort asc , updateTime desc  [ RunTime:0.0004s ]
INFO: [ view_parse ] --START--
INFO: [ template_filter ] --START--
INFO: Run Behavior\ContentReplaceBehavior [ RunTime:0.000101s ]
INFO: [ template_filter ] --END-- [ RunTime:0.000182s ]
INFO: Run Behavior\ParseTemplateBehavior [ RunTime:0.008097s ]
INFO: [ view_parse ] --END-- [ RunTime:0.008185s ]
INFO: [ view_filter ] --START--
INFO: Run Behavior\WriteHtmlCacheBehavior [ RunTime:0.000157s ]
INFO: [ view_filter ] --END-- [ RunTime:0.000226s ]
INFO: [ app_end ] --START--
INFO: Run Behavior\ShowPageTraceBehavior [ RunTime:0.000565s ]
INFO: [ app_end ] --END-- [ RunTime:0.000657s ]

[ 2017-10-26T10:19:50+08:00 ] ::1 /Admin/admin/roles.html
INFO: [ app_init ] --START--
INFO: Run Behavior\BuildLiteBehavior [ RunTime:0.000020s ]
INFO: [ app_init ] --END-- [ RunTime:0.000350s ]
INFO: [ app_begin ] --START--
INFO: Run Behavior\ReadHtmlCacheBehavior [ RunTime:0.000502s ]
INFO: [ app_begin ] --END-- [ RunTime:0.000582s ]
SQL: SHOW COLUMNS FROM `blog_powers` [ RunTime:0.0027s ]
SQL: SELECT * FROM `blog_powers`  [ RunTime:0.0004s ]
SQL: SELECT * FROM `blog_powers` WHERE `fid` = 0 ORDER BY sort asc  [ RunTime:0.0004s ]
SQL: SELECT * FROM `blog_powers` WHERE `fid` <> 0 AND `HideInMenu` = 0 ORDER BY sort asc  [ RunTime:0.0004s ]
SQL: SELECT `name`,`fid` FROM `blog_powers` WHERE `url` = 'admin/roles' LIMIT 1   [ RunTime:0.0002s ]
SQL: SELECT `name` FROM `blog_powers` WHERE `id` = 29 LIMIT 1   [ RunTime:0.0002s ]
SQL: SHOW COLUMNS FROM `blog_roles` [ RunTime:0.0010s ]
SQL: SELECT COUNT(*) AS tp_count FROM `blog_roles` LIMIT 1   [ RunTime:0.0002s ]
SQL: SELECT `id`,`name`,`description`,`status` FROM `blog_roles` ORDER BY updateAt desc , createAt desc LIMIT 0,10   [ RunTime:0.0003s ]
INFO: [ view_parse ] --START--
INFO: [ template_filter ] --START--
INFO: Run Behavior\ContentReplaceBehavior [ RunTime:0.000122s ]
INFO: [ template_filter ] --END-- [ RunTime:0.000205s ]
INFO: Run Behavior\ParseTemplateBehavior [ RunTime:0.009148s ]
INFO: [ view_parse ] --END-- [ RunTime:0.009228s ]
INFO: [ view_filter ] --START--
INFO: Run Behavior\WriteHtmlCacheBehavior [ RunTime:0.000146s ]
INFO: [ view_filter ] --END-- [ RunTime:0.000216s ]
INFO: [ app_end ] --START--
INFO: Run Behavior\ShowPageTraceBehavior [ RunTime:0.000602s ]
INFO: [ app_end ] --END-- [ RunTime:0.000702s ]

