[ 2017-11-06T11:01:33+08:00 ] ::1 /tool.php/valid/code
INFO: [ app_init ] --START--
INFO: Run Behavior\BuildLiteBehavior [ RunTime:0.000021s ]
INFO: [ app_init ] --END-- [ RunTime:0.000479s ]
INFO: [ app_begin ] --START--
INFO: Run Behavior\ReadHtmlCacheBehavior [ RunTime:0.000524s ]
INFO: [ app_begin ] --END-- [ RunTime:0.000608s ]
INFO: [ app_end ] --START--
INFO: Run Behavior\ShowPageTraceBehavior [ RunTime:0.000925s ]
INFO: [ app_end ] --END-- [ RunTime:0.001026s ]

[ 2017-11-06T11:02:37+08:00 ] ::1 /tool.php/valid/code
INFO: [ app_init ] --START--
INFO: Run Behavior\BuildLiteBehavior [ RunTime:0.000031s ]
INFO: [ app_init ] --END-- [ RunTime:0.000680s ]
INFO: [ app_begin ] --START--
INFO: Run Behavior\ReadHtmlCacheBehavior [ RunTime:0.000697s ]
INFO: [ app_begin ] --END-- [ RunTime:0.000828s ]
INFO: [ app_end ] --START--
INFO: Run Behavior\ShowPageTraceBehavior [ RunTime:0.000966s ]
INFO: [ app_end ] --END-- [ RunTime:0.001179s ]

[ 2017-11-06T11:02:42+08:00 ] ::1 /tool.php/valid/code
INFO: [ app_init ] --START--
INFO: Run Behavior\BuildLiteBehavior [ RunTime:0.000028s ]
INFO: [ app_init ] --END-- [ RunTime:0.000470s ]
INFO: [ app_begin ] --START--
INFO: Run Behavior\ReadHtmlCacheBehavior [ RunTime:0.000419s ]
INFO: [ app_begin ] --END-- [ RunTime:0.000496s ]
INFO: [ app_end ] --START--
INFO: Run Behavior\ShowPageTraceBehavior [ RunTime:0.000471s ]
INFO: [ app_end ] --END-- [ RunTime:0.000557s ]

[ 2017-11-06T11:03:12+08:00 ] ::1 /tool.php/valid/code.html
INFO: [ app_init ] --START--
INFO: Run Behavior\BuildLiteBehavior [ RunTime:0.000029s ]
INFO: [ app_init ] --END-- [ RunTime:0.000541s ]
INFO: [ app_begin ] --START--
INFO: Run Behavior\ReadHtmlCacheBehavior [ RunTime:0.000705s ]
INFO: [ app_begin ] --END-- [ RunTime:0.000845s ]
INFO: [ app_end ] --START--
INFO: Run Behavior\ShowPageTraceBehavior [ RunTime:0.000739s ]
INFO: [ app_end ] --END-- [ RunTime:0.000881s ]

[ 2017-11-06T11:03:13+08:00 ] ::1 /tool.php/valid/code.html
INFO: [ app_init ] --START--
INFO: Run Behavior\BuildLiteBehavior [ RunTime:0.000020s ]
INFO: [ app_init ] --END-- [ RunTime:0.000362s ]
INFO: [ app_begin ] --START--
INFO: Run Behavior\ReadHtmlCacheBehavior [ RunTime:0.000414s ]
INFO: [ app_begin ] --END-- [ RunTime:0.000490s ]
INFO: [ app_end ] --START--
INFO: Run Behavior\ShowPageTraceBehavior [ RunTime:0.000843s ]
INFO: [ app_end ] --END-- [ RunTime:0.001022s ]

[ 2017-11-06T11:03:14+08:00 ] ::1 /tool.php/valid/code.html
INFO: [ app_init ] --START--
INFO: Run Behavior\BuildLiteBehavior [ RunTime:0.000022s ]
INFO: [ app_init ] --END-- [ RunTime:0.000451s ]
INFO: [ app_begin ] --START--
INFO: Run Behavior\ReadHtmlCacheBehavior [ RunTime:0.000436s ]
INFO: [ app_begin ] --END-- [ RunTime:0.000517s ]
INFO: [ app_end ] --START--
INFO: Run Behavior\ShowPageTraceBehavior [ RunTime:0.000492s ]
INFO: [ app_end ] --END-- [ RunTime:0.000628s ]

[ 2017-11-06T11:03:40+08:00 ] ::1 /tool.php/valid/code.html
INFO: [ app_init ] --START--
INFO: Run Behavior\BuildLiteBehavior [ RunTime:0.000031s ]
INFO: [ app_init ] --END-- [ RunTime:0.000650s ]
INFO: [ app_begin ] --START--
INFO: Run Behavior\ReadHtmlCacheBehavior [ RunTime:0.000584s ]
INFO: [ app_begin ] --END-- [ RunTime:0.000714s ]
INFO: [ app_end ] --START--
INFO: Run Behavior\ShowPageTraceBehavior [ RunTime:0.000751s ]
INFO: [ app_end ] --END-- [ RunTime:0.000849s ]

[ 2017-11-06T14:24:28+08:00 ] ::1 /tool.php/valid/code.html
INFO: [ app_init ] --START--
INFO: Run Behavior\BuildLiteBehavior [ RunTime:0.000029s ]
INFO: [ app_init ] --END-- [ RunTime:0.000508s ]
INFO: [ app_begin ] --START--
INFO: Run Behavior\ReadHtmlCacheBehavior [ RunTime:0.000516s ]
INFO: [ app_begin ] --END-- [ RunTime:0.000620s ]
INFO: [ app_end ] --START--
INFO: Run Behavior\ShowPageTraceBehavior [ RunTime:0.000679s ]
INFO: [ app_end ] --END-- [ RunTime:0.000813s ]

[ 2017-11-06T14:24:34+08:00 ] ::1 /tool.php/valid/code.html
INFO: [ app_init ] --START--
INFO: Run Behavior\BuildLiteBehavior [ RunTime:0.000060s ]
INFO: [ app_init ] --END-- [ RunTime:0.000749s ]
INFO: [ app_begin ] --START--
INFO: Run Behavior\ReadHtmlCacheBehavior [ RunTime:0.000598s ]
INFO: [ app_begin ] --END-- [ RunTime:0.000720s ]
INFO: [ app_end ] --START--
INFO: Run Behavior\ShowPageTraceBehavior [ RunTime:0.000474s ]
INFO: [ app_end ] --END-- [ RunTime:0.000567s ]

[ 2017-11-06T14:37:48+08:00 ] ::1 /tool.php/attr/up
INFO: [ app_init ] --START--
INFO: Run Behavior\BuildLiteBehavior [ RunTime:0.000029s ]
INFO: [ app_init ] --END-- [ RunTime:0.000499s ]
INFO: [ app_begin ] --START--
INFO: Run Behavior\ReadHtmlCacheBehavior [ RunTime:0.000546s ]
INFO: [ app_begin ] --END-- [ RunTime:0.000660s ]
INFO: [ app_end ] --START--
INFO: Run Behavior\ShowPageTraceBehavior [ RunTime:0.000784s ]
INFO: [ app_end ] --END-- [ RunTime:0.000911s ]

[ 2017-11-06T14:38:34+08:00 ] ::1 /tool.php/attr/up
INFO: [ app_init ] --START--
INFO: Run Behavior\BuildLiteBehavior [ RunTime:0.000030s ]
INFO: [ app_init ] --END-- [ RunTime:0.000538s ]
INFO: [ app_begin ] --START--
INFO: Run Behavior\ReadHtmlCacheBehavior [ RunTime:0.000594s ]
INFO: [ app_begin ] --END-- [ RunTime:0.000736s ]
INFO: [ app_end ] --START--
INFO: Run Behavior\ShowPageTraceBehavior [ RunTime:0.000690s ]
INFO: [ app_end ] --END-- [ RunTime:0.000824s ]

[ 2017-11-06T14:39:04+08:00 ] ::1 /tool.php/attr/up
INFO: [ app_init ] --START--
INFO: Run Behavior\BuildLiteBehavior [ RunTime:0.000029s ]
INFO: [ app_init ] --END-- [ RunTime:0.000550s ]
INFO: [ app_begin ] --START--
INFO: Run Behavior\ReadHtmlCacheBehavior [ RunTime:0.000642s ]
INFO: [ app_begin ] --END-- [ RunTime:0.000762s ]
INFO: [ app_end ] --START--
INFO: Run Behavior\ShowPageTraceBehavior [ RunTime:0.000648s ]
INFO: [ app_end ] --END-- [ RunTime:0.000769s ]

[ 2017-11-06T14:42:58+08:00 ] ::1 /tool.php/attr/up
INFO: [ app_init ] --START--
INFO: Run Behavior\BuildLiteBehavior [ RunTime:0.000034s ]
INFO: [ app_init ] --END-- [ RunTime:0.000485s ]
INFO: [ app_begin ] --START--
INFO: Run Behavior\ReadHtmlCacheBehavior [ RunTime:0.000596s ]
INFO: [ app_begin ] --END-- [ RunTime:0.000708s ]
NOTIC: [2] call_user_func() expects parameter 1 to be a valid callback, no array or string given /Users/wy/Documents/www/blog.local.com/vendor/thinkphp/Library/Think/Upload.class.php 第 182 行.
NOTIC: [2] Cannot modify header information - headers already sent by (output started at /Users/wy/Documents/www/blog.local.com/blog/Tools/Controller/AttrController.class.php:21) /Users/wy/Documents/www/blog.local.com/vendor/thinkphp/Library/Think/Controller.class.php 第 236 行.

[ 2017-11-06T14:45:42+08:00 ] ::1 /tool.php/attr/up
INFO: [ app_init ] --START--
INFO: Run Behavior\BuildLiteBehavior [ RunTime:0.000022s ]
INFO: [ app_init ] --END-- [ RunTime:0.000416s ]
INFO: [ app_begin ] --START--
INFO: Run Behavior\ReadHtmlCacheBehavior [ RunTime:0.000642s ]
INFO: [ app_begin ] --END-- [ RunTime:0.000769s ]
NOTIC: [2] call_user_func() expects parameter 1 to be a valid callback, no array or string given /Users/wy/Documents/www/blog.local.com/vendor/thinkphp/Library/Think/Upload.class.php 第 182 行.
NOTIC: [2] Cannot modify header information - headers already sent by (output started at /Users/wy/Documents/www/blog.local.com/blog/Tools/Controller/AttrController.class.php:21) /Users/wy/Documents/www/blog.local.com/vendor/thinkphp/Library/Think/Controller.class.php 第 236 行.

[ 2017-11-06T14:50:58+08:00 ] ::1 /tool.php/attr/up
INFO: [ app_init ] --START--
INFO: Run Behavior\BuildLiteBehavior [ RunTime:0.000020s ]
INFO: [ app_init ] --END-- [ RunTime:0.000408s ]
INFO: [ app_begin ] --START--
INFO: Run Behavior\ReadHtmlCacheBehavior [ RunTime:0.000786s ]
INFO: [ app_begin ] --END-- [ RunTime:0.000920s ]
NOTIC: [2] call_user_func() expects parameter 1 to be a valid callback, no array or string given /Users/wy/Documents/www/blog.local.com/vendor/thinkphp/Library/Think/Upload.class.php 第 182 行.
SQL: SHOW COLUMNS FROM `blog_attrs` [ RunTime:0.0012s ]
SQL: INSERT INTO `blog_attrs` (`name`,`type`,`path`,`opUser`,`createTime`) VALUES ('htop.gif','0','./Data//img//img/2017-11-06/5a00065225f89.gif','1','1509951058') [ RunTime:0.0087s ]

[ 2017-11-06T14:52:03+08:00 ] ::1 /tool.php/attr/up
INFO: [ app_init ] --START--
INFO: Run Behavior\BuildLiteBehavior [ RunTime:0.000041s ]
INFO: [ app_init ] --END-- [ RunTime:0.000463s ]
INFO: [ app_begin ] --START--
INFO: Run Behavior\ReadHtmlCacheBehavior [ RunTime:0.000448s ]
INFO: [ app_begin ] --END-- [ RunTime:0.000520s ]
NOTIC: [2] call_user_func() expects parameter 1 to be a valid callback, no array or string given /Users/wy/Documents/www/blog.local.com/vendor/thinkphp/Library/Think/Upload.class.php 第 182 行.
SQL: SHOW COLUMNS FROM `blog_attrs` [ RunTime:0.0047s ]
SQL: INSERT INTO `blog_attrs` (`name`,`type`,`path`,`opUser`,`createTime`) VALUES ('htop.gif','0','./Data/2017-11-06/5a00069324db3.gif','1','1509951123') [ RunTime:0.0011s ]

[ 2017-11-06T14:55:40+08:00 ] ::1 /tool.php/attr/up
INFO: [ app_init ] --START--
INFO: Run Behavior\BuildLiteBehavior [ RunTime:0.000028s ]
INFO: [ app_init ] --END-- [ RunTime:0.000398s ]
INFO: [ app_begin ] --START--
INFO: Run Behavior\ReadHtmlCacheBehavior [ RunTime:0.000600s ]
INFO: [ app_begin ] --END-- [ RunTime:0.000742s ]
NOTIC: [2] call_user_func() expects parameter 1 to be a valid callback, no array or string given /Users/wy/Documents/www/blog.local.com/vendor/thinkphp/Library/Think/Upload.class.php 第 182 行.
SQL: SHOW COLUMNS FROM `blog_attrs` [ RunTime:0.0014s ]
SQL: INSERT INTO `blog_attrs` (`name`,`type`,`path`,`opUser`,`createTime`) VALUES ('htop.gif','0','./Data/2017-11-06/5a00076c10b54.gif','1','1509951340') [ RunTime:0.0005s ]

[ 2017-11-06T14:56:07+08:00 ] ::1 /tool.php/attr/up
INFO: [ app_init ] --START--
INFO: Run Behavior\BuildLiteBehavior [ RunTime:0.000030s ]
INFO: [ app_init ] --END-- [ RunTime:0.000505s ]
INFO: [ app_begin ] --START--
INFO: Run Behavior\ReadHtmlCacheBehavior [ RunTime:0.000583s ]
INFO: [ app_begin ] --END-- [ RunTime:0.000675s ]
NOTIC: [2] call_user_func() expects parameter 1 to be a valid callback, no array or string given /Users/wy/Documents/www/blog.local.com/vendor/thinkphp/Library/Think/Upload.class.php 第 182 行.
SQL: SHOW COLUMNS FROM `blog_attrs` [ RunTime:0.0019s ]
SQL: INSERT INTO `blog_attrs` (`name`,`type`,`path`,`opUser`,`createTime`) VALUES ('htop.gif','0','./Data/2017-11-06/5a000787bfd08.gif','1','1509951367') [ RunTime:0.0012s ]

[ 2017-11-06T14:56:52+08:00 ] ::1 /tool.php/attr/up
INFO: [ app_init ] --START--
INFO: Run Behavior\BuildLiteBehavior [ RunTime:0.000029s ]
INFO: [ app_init ] --END-- [ RunTime:0.000555s ]
INFO: [ app_begin ] --START--
INFO: Run Behavior\ReadHtmlCacheBehavior [ RunTime:0.000674s ]
INFO: [ app_begin ] --END-- [ RunTime:0.000780s ]
NOTIC: [2] call_user_func() expects parameter 1 to be a valid callback, no array or string given /Users/wy/Documents/www/blog.local.com/vendor/thinkphp/Library/Think/Upload.class.php 第 182 行.
SQL: SHOW COLUMNS FROM `blog_attrs` [ RunTime:0.0017s ]
SQL: INSERT INTO `blog_attrs` (`name`,`type`,`path`,`opUser`,`createTime`) VALUES ('htop.gif','0','./Data/2017-11-06/5a0007b47559f.gif','1','1509951412') [ RunTime:0.0011s ]

[ 2017-11-06T14:57:46+08:00 ] ::1 /tool.php/attr/up
INFO: [ app_init ] --START--
INFO: Run Behavior\BuildLiteBehavior [ RunTime:0.000032s ]
INFO: [ app_init ] --END-- [ RunTime:0.000560s ]
INFO: [ app_begin ] --START--
INFO: Run Behavior\ReadHtmlCacheBehavior [ RunTime:0.000572s ]
INFO: [ app_begin ] --END-- [ RunTime:0.000676s ]

[ 2017-11-06T14:58:41+08:00 ] ::1 /tool.php/attr/up
INFO: [ app_init ] --START--
INFO: Run Behavior\BuildLiteBehavior [ RunTime:0.000035s ]
INFO: [ app_init ] --END-- [ RunTime:0.000582s ]
INFO: [ app_begin ] --START--
INFO: Run Behavior\ReadHtmlCacheBehavior [ RunTime:0.000692s ]
INFO: [ app_begin ] --END-- [ RunTime:0.000824s ]
NOTIC: [2] call_user_func() expects parameter 1 to be a valid callback, no array or string given /Users/wy/Documents/www/blog.local.com/vendor/thinkphp/Library/Think/Upload.class.php 第 182 行.
SQL: SHOW COLUMNS FROM `blog_attrs` [ RunTime:0.0015s ]
SQL: INSERT INTO `blog_attrs` (`name`,`type`,`path`,`opUser`,`createTime`) VALUES ('htop.gif','0','/Users/wy/Documents/www/blog.local.com/Data/2017-11-06/5a0008210a648.gif','1','1509951521') [ RunTime:0.0014s ]

[ 2017-11-06T15:01:27+08:00 ] ::1 /tool.php/attr/up
INFO: [ app_init ] --START--
INFO: Run Behavior\BuildLiteBehavior [ RunTime:0.000045s ]
INFO: [ app_init ] --END-- [ RunTime:0.000585s ]
INFO: [ app_begin ] --START--
INFO: Run Behavior\ReadHtmlCacheBehavior [ RunTime:0.000587s ]
INFO: [ app_begin ] --END-- [ RunTime:0.000695s ]
NOTIC: [2] call_user_func() expects parameter 1 to be a valid callback, no array or string given /Users/wy/Documents/www/blog.local.com/vendor/thinkphp/Library/Think/Upload.class.php 第 182 行.
SQL: SHOW COLUMNS FROM `blog_attrs` [ RunTime:0.0012s ]
SQL: INSERT INTO `blog_attrs` (`name`,`type`,`path`,`opUser`,`createTime`) VALUES ('htop.gif','0','/Data/2017-11-06/5a0008c76c2c7.gif','1','1509951687') [ RunTime:0.0011s ]

[ 2017-11-06T15:01:50+08:00 ] ::1 /tool.php/attr/up
INFO: [ app_init ] --START--
INFO: Run Behavior\BuildLiteBehavior [ RunTime:0.000029s ]
INFO: [ app_init ] --END-- [ RunTime:0.000610s ]
INFO: [ app_begin ] --START--
INFO: Run Behavior\ReadHtmlCacheBehavior [ RunTime:0.000788s ]
INFO: [ app_begin ] --END-- [ RunTime:0.000923s ]
NOTIC: [2] call_user_func() expects parameter 1 to be a valid callback, no array or string given /Users/wy/Documents/www/blog.local.com/vendor/thinkphp/Library/Think/Upload.class.php 第 182 行.
SQL: SHOW COLUMNS FROM `blog_attrs` [ RunTime:0.0016s ]
SQL: INSERT INTO `blog_attrs` (`name`,`type`,`path`,`opUser`,`createTime`) VALUES ('htop.gif','0','/Data/2017-11-06/5a0008de7ceff.gif','1','1509951710') [ RunTime:0.0006s ]

[ 2017-11-06T15:04:38+08:00 ] ::1 /tool.php/attr/up
INFO: [ app_init ] --START--
INFO: Run Behavior\BuildLiteBehavior [ RunTime:0.000031s ]
INFO: [ app_init ] --END-- [ RunTime:0.000620s ]
INFO: [ app_begin ] --START--
INFO: Run Behavior\ReadHtmlCacheBehavior [ RunTime:0.000595s ]
INFO: [ app_begin ] --END-- [ RunTime:0.000698s ]
NOTIC: [2] call_user_func() expects parameter 1 to be a valid callback, no array or string given /Users/wy/Documents/www/blog.local.com/vendor/thinkphp/Library/Think/Upload.class.php 第 182 行.
SQL: SHOW COLUMNS FROM `blog_attrs` [ RunTime:0.0015s ]
SQL: INSERT INTO `blog_attrs` (`name`,`type`,`path`,`opUser`,`createTime`) VALUES ('htop.gif','0','/Data/2017-11-06/5a0009868275f.gif','1','1509951878') [ RunTime:0.0018s ]

[ 2017-11-06T15:07:07+08:00 ] ::1 /tool.php/attr/up
INFO: [ app_init ] --START--
INFO: Run Behavior\BuildLiteBehavior [ RunTime:0.000030s ]
INFO: [ app_init ] --END-- [ RunTime:0.000513s ]
INFO: [ app_begin ] --START--
INFO: Run Behavior\ReadHtmlCacheBehavior [ RunTime:0.000569s ]
INFO: [ app_begin ] --END-- [ RunTime:0.000680s ]
NOTIC: [2] call_user_func() expects parameter 1 to be a valid callback, no array or string given /Users/wy/Documents/www/blog.local.com/vendor/thinkphp/Library/Think/Upload.class.php 第 182 行.
SQL: SHOW COLUMNS FROM `blog_attrs` [ RunTime:0.0012s ]
SQL: INSERT INTO `blog_attrs` (`name`,`type`,`path`,`opUser`,`createTime`) VALUES ('htop.gif','0','/Data/2017-11-06/5a000a1bb8e6b.gif','1','1509952027') [ RunTime:0.0009s ]

[ 2017-11-06T15:09:52+08:00 ] ::1 /tool.php/attr/up
INFO: [ app_init ] --START--
INFO: Run Behavior\BuildLiteBehavior [ RunTime:0.000021s ]
INFO: [ app_init ] --END-- [ RunTime:0.000407s ]
INFO: [ app_begin ] --START--
INFO: Run Behavior\ReadHtmlCacheBehavior [ RunTime:0.000646s ]
INFO: [ app_begin ] --END-- [ RunTime:0.000760s ]
NOTIC: [2] call_user_func() expects parameter 1 to be a valid callback, no array or string given /Users/wy/Documents/www/blog.local.com/vendor/thinkphp/Library/Think/Upload.class.php 第 182 行.
SQL: SHOW COLUMNS FROM `blog_attrs` [ RunTime:0.0012s ]
SQL: INSERT INTO `blog_attrs` (`name`,`type`,`path`,`opUser`,`createTime`) VALUES ('htop.gif','0','/Data/2017-11-06/5a000ac0dbc4a.gif','1','1509952192') [ RunTime:0.0015s ]

[ 2017-11-06T15:10:17+08:00 ] ::1 /tool.php/attr/up
INFO: [ app_init ] --START--
INFO: Run Behavior\BuildLiteBehavior [ RunTime:0.000031s ]
INFO: [ app_init ] --END-- [ RunTime:0.000533s ]
INFO: [ app_begin ] --START--
INFO: Run Behavior\ReadHtmlCacheBehavior [ RunTime:0.000523s ]
INFO: [ app_begin ] --END-- [ RunTime:0.000605s ]
NOTIC: [2] call_user_func() expects parameter 1 to be a valid callback, no array or string given /Users/wy/Documents/www/blog.local.com/vendor/thinkphp/Library/Think/Upload.class.php 第 182 行.
SQL: SHOW COLUMNS FROM `blog_attrs` [ RunTime:0.0013s ]
SQL: INSERT INTO `blog_attrs` (`name`,`type`,`path`,`opUser`,`createTime`) VALUES ('htop.gif','0','/Data/2017-11-06/5a000ad997191.gif','1','1509952217') [ RunTime:0.0011s ]

[ 2017-11-06T15:10:50+08:00 ] ::1 /tool.php/attr/up
INFO: [ app_init ] --START--
INFO: Run Behavior\BuildLiteBehavior [ RunTime:0.000029s ]
INFO: [ app_init ] --END-- [ RunTime:0.000532s ]
INFO: [ app_begin ] --START--
INFO: Run Behavior\ReadHtmlCacheBehavior [ RunTime:0.000651s ]
INFO: [ app_begin ] --END-- [ RunTime:0.000776s ]
NOTIC: [2] call_user_func() expects parameter 1 to be a valid callback, no array or string given /Users/wy/Documents/www/blog.local.com/vendor/thinkphp/Library/Think/Upload.class.php 第 182 行.
SQL: SHOW COLUMNS FROM `blog_attrs` [ RunTime:0.0019s ]
SQL: INSERT INTO `blog_attrs` (`name`,`type`,`path`,`opUser`,`createTime`) VALUES ('htop.gif','0','/Data/2017-11-06/5a000afab30ad.gif','1','1509952250') [ RunTime:0.0005s ]

[ 2017-11-06T15:12:18+08:00 ] ::1 /tool.php/attr/up
INFO: [ app_init ] --START--
INFO: Run Behavior\BuildLiteBehavior [ RunTime:0.000047s ]
INFO: [ app_init ] --END-- [ RunTime:0.000516s ]
INFO: [ app_begin ] --START--
INFO: Run Behavior\ReadHtmlCacheBehavior [ RunTime:0.000563s ]
INFO: [ app_begin ] --END-- [ RunTime:0.000665s ]
NOTIC: [2] call_user_func() expects parameter 1 to be a valid callback, no array or string given /Users/wy/Documents/www/blog.local.com/vendor/thinkphp/Library/Think/Upload.class.php 第 182 行.
SQL: SHOW COLUMNS FROM `blog_attrs` [ RunTime:0.0014s ]
SQL: INSERT INTO `blog_attrs` (`name`,`type`,`path`,`opUser`,`createTime`) VALUES ('htop.gif','0','/Data/2017-11-06/5a000b529ea83.gif','1','1509952338') [ RunTime:0.0005s ]

[ 2017-11-06T15:14:12+08:00 ] ::1 /tool.php/attr/up
INFO: [ app_init ] --START--
INFO: Run Behavior\BuildLiteBehavior [ RunTime:0.000040s ]
INFO: [ app_init ] --END-- [ RunTime:0.000395s ]
INFO: [ app_begin ] --START--
INFO: Run Behavior\ReadHtmlCacheBehavior [ RunTime:0.000560s ]
INFO: [ app_begin ] --END-- [ RunTime:0.000661s ]
NOTIC: [2] call_user_func() expects parameter 1 to be a valid callback, no array or string given /Users/wy/Documents/www/blog.local.com/vendor/thinkphp/Library/Think/Upload.class.php 第 182 行.
SQL: SHOW COLUMNS FROM `blog_attrs` [ RunTime:0.0014s ]
SQL: INSERT INTO `blog_attrs` (`name`,`type`,`path`,`opUser`,`createTime`) VALUES ('htop.gif','0','/Data/2017-11-06/5a000bc449096.gif','1','1509952452') [ RunTime:0.0011s ]

[ 2017-11-06T15:17:39+08:00 ] ::1 /tool.php/attr/up
INFO: [ app_init ] --START--
INFO: Run Behavior\BuildLiteBehavior [ RunTime:0.000021s ]
INFO: [ app_init ] --END-- [ RunTime:0.000380s ]
INFO: [ app_begin ] --START--
INFO: Run Behavior\ReadHtmlCacheBehavior [ RunTime:0.000625s ]
INFO: [ app_begin ] --END-- [ RunTime:0.000775s ]
NOTIC: [2] call_user_func() expects parameter 1 to be a valid callback, no array or string given /Users/wy/Documents/www/blog.local.com/vendor/thinkphp/Library/Think/Upload.class.php 第 182 行.
SQL: SHOW COLUMNS FROM `blog_attrs` [ RunTime:0.0016s ]
SQL: INSERT INTO `blog_attrs` (`name`,`type`,`path`,`opUser`,`createTime`) VALUES ('htop.gif','0','/Data/2017-11-06/5a000c932606c.gif','1','1509952659') [ RunTime:0.0011s ]

[ 2017-11-06T15:18:36+08:00 ] ::1 /tool.php/attr/up
INFO: [ app_init ] --START--
INFO: Run Behavior\BuildLiteBehavior [ RunTime:0.000021s ]
INFO: [ app_init ] --END-- [ RunTime:0.000382s ]
INFO: [ app_begin ] --START--
INFO: Run Behavior\ReadHtmlCacheBehavior [ RunTime:0.000434s ]
INFO: [ app_begin ] --END-- [ RunTime:0.000505s ]
NOTIC: [2] call_user_func() expects parameter 1 to be a valid callback, no array or string given /Users/wy/Documents/www/blog.local.com/vendor/thinkphp/Library/Think/Upload.class.php 第 182 行.
SQL: SHOW COLUMNS FROM `blog_attrs` [ RunTime:0.0015s ]
SQL: INSERT INTO `blog_attrs` (`name`,`type`,`path`,`opUser`,`createTime`) VALUES ('htop.gif','0','/Data/2017-11-06/5a000cccac1d9.gif','1','1509952716') [ RunTime:0.0012s ]

[ 2017-11-06T15:19:07+08:00 ] ::1 /tool.php/attr/up
INFO: [ app_init ] --START--
INFO: Run Behavior\BuildLiteBehavior [ RunTime:0.000031s ]
INFO: [ app_init ] --END-- [ RunTime:0.000565s ]
INFO: [ app_begin ] --START--
INFO: Run Behavior\ReadHtmlCacheBehavior [ RunTime:0.000607s ]
INFO: [ app_begin ] --END-- [ RunTime:0.000724s ]
NOTIC: [2] call_user_func() expects parameter 1 to be a valid callback, no array or string given /Users/wy/Documents/www/blog.local.com/vendor/thinkphp/Library/Think/Upload.class.php 第 182 行.
SQL: SHOW COLUMNS FROM `blog_attrs` [ RunTime:0.0019s ]
SQL: INSERT INTO `blog_attrs` (`name`,`type`,`path`,`opUser`,`createTime`) VALUES ('htop.gif','0','/Data/2017-11-06/5a000ceba6ee5.gif','1','1509952747') [ RunTime:0.0011s ]

[ 2017-11-06T15:20:02+08:00 ] ::1 /tool.php/attr/up
INFO: [ app_init ] --START--
INFO: Run Behavior\BuildLiteBehavior [ RunTime:0.000036s ]
INFO: [ app_init ] --END-- [ RunTime:0.000542s ]
INFO: [ app_begin ] --START--
INFO: Run Behavior\ReadHtmlCacheBehavior [ RunTime:0.000596s ]
INFO: [ app_begin ] --END-- [ RunTime:0.000711s ]
NOTIC: [2] call_user_func() expects parameter 1 to be a valid callback, no array or string given /Users/wy/Documents/www/blog.local.com/vendor/thinkphp/Library/Think/Upload.class.php 第 182 行.
SQL: SHOW COLUMNS FROM `blog_attrs` [ RunTime:0.0016s ]
SQL: INSERT INTO `blog_attrs` (`name`,`type`,`path`,`opUser`,`createTime`) VALUES ('htop.gif','0','/Data/2017-11-06/5a000d22a7cec.gif','1','1509952802') [ RunTime:0.0014s ]

[ 2017-11-06T15:21:09+08:00 ] ::1 /tool.php/attr/up
INFO: [ app_init ] --START--
INFO: Run Behavior\BuildLiteBehavior [ RunTime:0.000039s ]
INFO: [ app_init ] --END-- [ RunTime:0.000824s ]
INFO: [ app_begin ] --START--
INFO: Run Behavior\ReadHtmlCacheBehavior [ RunTime:0.000572s ]
INFO: [ app_begin ] --END-- [ RunTime:0.000672s ]
NOTIC: [2] call_user_func() expects parameter 1 to be a valid callback, no array or string given /Users/wy/Documents/www/blog.local.com/vendor/thinkphp/Library/Think/Upload.class.php 第 182 行.
SQL: SHOW COLUMNS FROM `blog_attrs` [ RunTime:0.0016s ]
SQL: INSERT INTO `blog_attrs` (`name`,`type`,`path`,`opUser`,`createTime`) VALUES ('htop.gif','0','/Data/2017-11-06/5a000d65661ce.gif','1','1509952869') [ RunTime:0.0005s ]

[ 2017-11-06T15:21:26+08:00 ] ::1 /tool.php/attr/up
INFO: [ app_init ] --START--
INFO: Run Behavior\BuildLiteBehavior [ RunTime:0.000021s ]
INFO: [ app_init ] --END-- [ RunTime:0.000384s ]
INFO: [ app_begin ] --START--
INFO: Run Behavior\ReadHtmlCacheBehavior [ RunTime:0.000519s ]
INFO: [ app_begin ] --END-- [ RunTime:0.000630s ]
NOTIC: [2] call_user_func() expects parameter 1 to be a valid callback, no array or string given /Users/wy/Documents/www/blog.local.com/vendor/thinkphp/Library/Think/Upload.class.php 第 182 行.
SQL: SHOW COLUMNS FROM `blog_attrs` [ RunTime:0.0016s ]
SQL: INSERT INTO `blog_attrs` (`name`,`type`,`path`,`opUser`,`createTime`) VALUES ('htop.gif','0','/Data/2017-11-06/5a000d76e9bff.gif','1','1509952886') [ RunTime:0.0008s ]

[ 2017-11-06T15:22:43+08:00 ] ::1 /tool.php/attr/up
INFO: [ app_init ] --START--
INFO: Run Behavior\BuildLiteBehavior [ RunTime:0.000021s ]
INFO: [ app_init ] --END-- [ RunTime:0.000415s ]
INFO: [ app_begin ] --START--
INFO: Run Behavior\ReadHtmlCacheBehavior [ RunTime:0.000452s ]
INFO: [ app_begin ] --END-- [ RunTime:0.000523s ]
NOTIC: [2] call_user_func() expects parameter 1 to be a valid callback, no array or string given /Users/wy/Documents/www/blog.local.com/vendor/thinkphp/Library/Think/Upload.class.php 第 182 行.
SQL: SHOW COLUMNS FROM `blog_attrs` [ RunTime:0.0026s ]
SQL: INSERT INTO `blog_attrs` (`name`,`type`,`path`,`opUser`,`createTime`) VALUES ('htop.gif','0','/Data/2017-11-06/5a000dc392c1f.gif','1','1509952963') [ RunTime:0.0017s ]

[ 2017-11-06T15:22:55+08:00 ] ::1 /tool.php/attr/up
INFO: [ app_init ] --START--
INFO: Run Behavior\BuildLiteBehavior [ RunTime:0.000030s ]
INFO: [ app_init ] --END-- [ RunTime:0.000507s ]
INFO: [ app_begin ] --START--
INFO: Run Behavior\ReadHtmlCacheBehavior [ RunTime:0.000518s ]
INFO: [ app_begin ] --END-- [ RunTime:0.000593s ]
NOTIC: [2] call_user_func() expects parameter 1 to be a valid callback, no array or string given /Users/wy/Documents/www/blog.local.com/vendor/thinkphp/Library/Think/Upload.class.php 第 182 行.
SQL: SHOW COLUMNS FROM `blog_attrs` [ RunTime:0.0016s ]
SQL: INSERT INTO `blog_attrs` (`name`,`type`,`path`,`opUser`,`createTime`) VALUES ('htop.gif','0','/Data/2017-11-06/5a000dcfe482a.gif','1','1509952975') [ RunTime:0.0006s ]

[ 2017-11-06T15:23:24+08:00 ] ::1 /tool.php/attr/up
INFO: [ app_init ] --START--
INFO: Run Behavior\BuildLiteBehavior [ RunTime:0.000031s ]
INFO: [ app_init ] --END-- [ RunTime:0.000541s ]
INFO: [ app_begin ] --START--
INFO: Run Behavior\ReadHtmlCacheBehavior [ RunTime:0.000953s ]
INFO: [ app_begin ] --END-- [ RunTime:0.001109s ]
NOTIC: [2] call_user_func() expects parameter 1 to be a valid callback, no array or string given /Users/wy/Documents/www/blog.local.com/vendor/thinkphp/Library/Think/Upload.class.php 第 182 行.
SQL: SHOW COLUMNS FROM `blog_attrs` [ RunTime:0.0016s ]
SQL: INSERT INTO `blog_attrs` (`name`,`type`,`path`,`opUser`,`createTime`) VALUES ('htop.gif','0','/Data/2017-11-06/5a000decb95be.gif','1','1509953004') [ RunTime:0.0005s ]

[ 2017-11-06T18:16:33+08:00 ] ::1 /tool.php/valid/code.html
INFO: [ app_init ] --START--
INFO: Run Behavior\BuildLiteBehavior [ RunTime:0.000031s ]
INFO: [ app_init ] --END-- [ RunTime:0.000568s ]
INFO: [ app_begin ] --START--
INFO: Run Behavior\ReadHtmlCacheBehavior [ RunTime:0.000707s ]
INFO: [ app_begin ] --END-- [ RunTime:0.000848s ]
INFO: [ app_end ] --START--
INFO: Run Behavior\ShowPageTraceBehavior [ RunTime:0.000800s ]
INFO: [ app_end ] --END-- [ RunTime:0.000952s ]

[ 2017-11-06T18:17:34+08:00 ] ::1 /tool.php/valid/code.html
INFO: [ app_init ] --START--
INFO: Run Behavior\BuildLiteBehavior [ RunTime:0.000030s ]
INFO: [ app_init ] --END-- [ RunTime:0.000610s ]
INFO: [ app_begin ] --START--
INFO: Run Behavior\ReadHtmlCacheBehavior [ RunTime:0.000739s ]
INFO: [ app_begin ] --END-- [ RunTime:0.000868s ]
INFO: [ app_end ] --START--
INFO: Run Behavior\ShowPageTraceBehavior [ RunTime:0.000788s ]
INFO: [ app_end ] --END-- [ RunTime:0.000928s ]

